   1              		.syntax unified
   2              		.cpu cortex-m3
   3              		.fpu softvfp
   4              		.eabi_attribute 20, 1
   5              		.eabi_attribute 21, 1
   6              		.eabi_attribute 23, 3
   7              		.eabi_attribute 24, 1
   8              		.eabi_attribute 25, 1
   9              		.eabi_attribute 26, 1
  10              		.eabi_attribute 30, 6
  11              		.eabi_attribute 34, 1
  12              		.eabi_attribute 18, 4
  13              		.thumb
  14              		.syntax unified
  15              		.file	"openstack.c"
  16              		.text
  17              	.Ltext0:
  18              		.cfi_sections	.debug_frame
  19              		.section	.rodata
  20              		.align	2
  23              	rreg_uriquery:
  24 0000 683D7563 		.ascii	"h=ucb\000"
  24      6200
  25 0006 0000     		.align	2
  28              	infoBoardname:
  29 0008 43433235 		.ascii	"CC2538\000"
  29      333800
  30 000f 00       		.align	2
  33              	infouCName:
  34 0010 43433235 		.ascii	"CC2538\000"
  34      333800
  35 0017 00       		.align	2
  38              	infoRadioName:
  39 0018 43433235 		.ascii	"CC2538 SoC\000"
  39      33382053 
  39      6F4300
  40 0023 00       		.align	2
  43              	infoStackName:
  44 0024 4F70656E 		.ascii	"OpenWSN \000"
  44      57534E20 
  44      00
  45 002d 000000   		.align	2
  48              	linklocalprefix:
  49 0030 FE       		.byte	-2
  50 0031 80       		.byte	-128
  51 0032 00       		.byte	0
  52 0033 00       		.byte	0
  53 0034 00       		.byte	0
  54 0035 00       		.byte	0
  55 0036 00       		.byte	0
  56 0037 00       		.byte	0
  57              		.align	2
  60              	chTemplate_default:
  61 0038 05       		.byte	5
  62 0039 06       		.byte	6
  63 003a 0C       		.byte	12
  64 003b 07       		.byte	7
  65 003c 0F       		.byte	15
  66 003d 04       		.byte	4
  67 003e 0E       		.byte	14
  68 003f 0B       		.byte	11
  69 0040 08       		.byte	8
  70 0041 00       		.byte	0
  71 0042 01       		.byte	1
  72 0043 02       		.byte	2
  73 0044 0D       		.byte	13
  74 0045 03       		.byte	3
  75 0046 09       		.byte	9
  76 0047 0A       		.byte	10
  77              		.align	2
  80              	ebIEsBytestream:
  81 0048 1A       		.byte	26
  82 0049 88       		.byte	-120
  83 004a 06       		.byte	6
  84 004b 1A       		.byte	26
  85 004c 00       		.byte	0
  86 004d 00       		.byte	0
  87 004e 00       		.byte	0
  88 004f 00       		.byte	0
  89 0050 00       		.byte	0
  90 0051 00       		.byte	0
  91 0052 01       		.byte	1
  92 0053 1C       		.byte	28
  93 0054 00       		.byte	0
  94 0055 01       		.byte	1
  95 0056 C8       		.byte	-56
  96 0057 00       		.byte	0
  97 0058 0A       		.byte	10
  98 0059 1B       		.byte	27
  99 005a 01       		.byte	1
 100 005b 00       		.byte	0
 101 005c 17       		.byte	23
 102 005d 00       		.byte	0
 103 005e 01       		.byte	1
 104 005f 00       		.byte	0
 105 0060 00       		.byte	0
 106 0061 00       		.byte	0
 107 0062 00       		.byte	0
 108 0063 0F       		.byte	15
 109              		.align	2
 112              	all_routers_multicast:
 113 0064 FF       		.byte	-1
 114 0065 02       		.byte	2
 115 0066 00       		.byte	0
 116 0067 00       		.byte	0
 117 0068 00       		.byte	0
 118 0069 00       		.byte	0
 119 006a 00       		.byte	0
 120 006b 00       		.byte	0
 121 006c 00       		.byte	0
 122 006d 00       		.byte	0
 123 006e 00       		.byte	0
 124 006f 00       		.byte	0
 125 0070 00       		.byte	0
 126 0071 00       		.byte	0
 127 0072 00       		.byte	0
 128 0073 1A       		.byte	26
 129              		.text
 130              		.align	2
 131              		.global	openstack_init
 132              		.thumb
 133              		.thumb_func
 135              	openstack_init:
 136              	.LFB0:
 137              		.file 1 "build/openmote-cc2538_armgcc/openstack/openstack.c"
   1:build/openmote-cc2538_armgcc/openstack/openstack.c **** /**
   2:build/openmote-cc2538_armgcc/openstack/openstack.c **** \brief Entry point for accessing the OpenWSN stack.
   3:build/openmote-cc2538_armgcc/openstack/openstack.c **** 
   4:build/openmote-cc2538_armgcc/openstack/openstack.c **** \author Thomas Watteyne <watteyne@eecs.berkeley.edu>, October 2014.
   5:build/openmote-cc2538_armgcc/openstack/openstack.c **** */
   6:build/openmote-cc2538_armgcc/openstack/openstack.c **** 
   7:build/openmote-cc2538_armgcc/openstack/openstack.c **** #include "opendefs.h"
   8:build/openmote-cc2538_armgcc/openstack/openstack.c **** //===== drivers
   9:build/openmote-cc2538_armgcc/openstack/openstack.c **** #include "openserial.h"
  10:build/openmote-cc2538_armgcc/openstack/openstack.c **** //===== stack
  11:build/openmote-cc2538_armgcc/openstack/openstack.c **** #include "openstack.h"
  12:build/openmote-cc2538_armgcc/openstack/openstack.c **** //-- cross-layer
  13:build/openmote-cc2538_armgcc/openstack/openstack.c **** #include "idmanager.h"
  14:build/openmote-cc2538_armgcc/openstack/openstack.c **** #include "openqueue.h"
  15:build/openmote-cc2538_armgcc/openstack/openstack.c **** #include "openrandom.h"
  16:build/openmote-cc2538_armgcc/openstack/openstack.c **** #include "opentimers.h"
  17:build/openmote-cc2538_armgcc/openstack/openstack.c **** #include "opentimers.h"
  18:build/openmote-cc2538_armgcc/openstack/openstack.c **** //-- 02a-TSCH
  19:build/openmote-cc2538_armgcc/openstack/openstack.c **** #include "adaptive_sync.h"
  20:build/openmote-cc2538_armgcc/openstack/openstack.c **** #include "IEEE802154E.h"
  21:build/openmote-cc2538_armgcc/openstack/openstack.c **** //-- 02b-RES
  22:build/openmote-cc2538_armgcc/openstack/openstack.c **** #include "schedule.h"
  23:build/openmote-cc2538_armgcc/openstack/openstack.c **** #include "sixtop.h"
  24:build/openmote-cc2538_armgcc/openstack/openstack.c **** #include "neighbors.h"
  25:build/openmote-cc2538_armgcc/openstack/openstack.c **** #include "msf.h"
  26:build/openmote-cc2538_armgcc/openstack/openstack.c **** //-- 03a-IPHC
  27:build/openmote-cc2538_armgcc/openstack/openstack.c **** #include "openbridge.h"
  28:build/openmote-cc2538_armgcc/openstack/openstack.c **** #include "iphc.h"
  29:build/openmote-cc2538_armgcc/openstack/openstack.c **** //-- 03b-IPv6
  30:build/openmote-cc2538_armgcc/openstack/openstack.c **** #include "forwarding.h"
  31:build/openmote-cc2538_armgcc/openstack/openstack.c **** #include "icmpv6.h"
  32:build/openmote-cc2538_armgcc/openstack/openstack.c **** #include "icmpv6echo.h"
  33:build/openmote-cc2538_armgcc/openstack/openstack.c **** #include "icmpv6rpl.h"
  34:build/openmote-cc2538_armgcc/openstack/openstack.c **** //-- 04-TRAN
  35:build/openmote-cc2538_armgcc/openstack/openstack.c **** #include "openudp.h"
  36:build/openmote-cc2538_armgcc/openstack/openstack.c **** //===== applications
  37:build/openmote-cc2538_armgcc/openstack/openstack.c **** #include "openapps.h"
  38:build/openmote-cc2538_armgcc/openstack/openstack.c **** 
  39:build/openmote-cc2538_armgcc/openstack/openstack.c **** //=========================== variables =======================================
  40:build/openmote-cc2538_armgcc/openstack/openstack.c **** 
  41:build/openmote-cc2538_armgcc/openstack/openstack.c **** //=========================== prototypes ======================================
  42:build/openmote-cc2538_armgcc/openstack/openstack.c **** 
  43:build/openmote-cc2538_armgcc/openstack/openstack.c **** //=========================== public ==========================================
  44:build/openmote-cc2538_armgcc/openstack/openstack.c **** 
  45:build/openmote-cc2538_armgcc/openstack/openstack.c **** //=========================== private =========================================
  46:build/openmote-cc2538_armgcc/openstack/openstack.c **** 
  47:build/openmote-cc2538_armgcc/openstack/openstack.c **** void openstack_init(void) {
 138              		.loc 1 47 0
 139              		.cfi_startproc
 140              		@ args = 0, pretend = 0, frame = 0
 141              		@ frame_needed = 1, uses_anonymous_args = 0
 142 0000 80B5     		push	{r7, lr}
 143              		.cfi_def_cfa_offset 8
 144              		.cfi_offset 7, -8
 145              		.cfi_offset 14, -4
 146 0002 00AF     		add	r7, sp, #0
 147              		.cfi_def_cfa_register 7
  48:build/openmote-cc2538_armgcc/openstack/openstack.c ****    
  49:build/openmote-cc2538_armgcc/openstack/openstack.c ****    //===== drivers
  50:build/openmote-cc2538_armgcc/openstack/openstack.c ****    openserial_init();
 148              		.loc 1 50 0
 149 0004 FFF7FEFF 		bl	openserial_init
  51:build/openmote-cc2538_armgcc/openstack/openstack.c ****    
  52:build/openmote-cc2538_armgcc/openstack/openstack.c ****    //===== stack
  53:build/openmote-cc2538_armgcc/openstack/openstack.c ****    //-- cross-layer
  54:build/openmote-cc2538_armgcc/openstack/openstack.c ****    idmanager_init();    // call first since initializes EUI64 and isDAGroot
 150              		.loc 1 54 0
 151 0008 FFF7FEFF 		bl	idmanager_init
  55:build/openmote-cc2538_armgcc/openstack/openstack.c ****    openqueue_init();
 152              		.loc 1 55 0
 153 000c FFF7FEFF 		bl	openqueue_init
  56:build/openmote-cc2538_armgcc/openstack/openstack.c ****    openrandom_init();
 154              		.loc 1 56 0
 155 0010 FFF7FEFF 		bl	openrandom_init
  57:build/openmote-cc2538_armgcc/openstack/openstack.c ****    opentimers_init();
 156              		.loc 1 57 0
 157 0014 FFF7FEFF 		bl	opentimers_init
  58:build/openmote-cc2538_armgcc/openstack/openstack.c ****    //-- 02a-TSCH
  59:build/openmote-cc2538_armgcc/openstack/openstack.c **** //   adaptive_sync_init();
  60:build/openmote-cc2538_armgcc/openstack/openstack.c ****    ieee154e_init();
 158              		.loc 1 60 0
 159 0018 FFF7FEFF 		bl	ieee154e_init
  61:build/openmote-cc2538_armgcc/openstack/openstack.c ****    //-- 02b-RES
  62:build/openmote-cc2538_armgcc/openstack/openstack.c ****    schedule_init();
 160              		.loc 1 62 0
 161 001c FFF7FEFF 		bl	schedule_init
  63:build/openmote-cc2538_armgcc/openstack/openstack.c ****    sixtop_init();
 162              		.loc 1 63 0
 163 0020 FFF7FEFF 		bl	sixtop_init
  64:build/openmote-cc2538_armgcc/openstack/openstack.c ****    neighbors_init();
 164              		.loc 1 64 0
 165 0024 FFF7FEFF 		bl	neighbors_init
  65:build/openmote-cc2538_armgcc/openstack/openstack.c ****    msf_init();
 166              		.loc 1 65 0
 167 0028 FFF7FEFF 		bl	msf_init
  66:build/openmote-cc2538_armgcc/openstack/openstack.c ****    //-- 03a-IPHC
  67:build/openmote-cc2538_armgcc/openstack/openstack.c ****    openbridge_init();
 168              		.loc 1 67 0
 169 002c FFF7FEFF 		bl	openbridge_init
  68:build/openmote-cc2538_armgcc/openstack/openstack.c ****    iphc_init();
 170              		.loc 1 68 0
 171 0030 FFF7FEFF 		bl	iphc_init
  69:build/openmote-cc2538_armgcc/openstack/openstack.c ****    //-- 03b-IPv6
  70:build/openmote-cc2538_armgcc/openstack/openstack.c ****    forwarding_init();
 172              		.loc 1 70 0
 173 0034 FFF7FEFF 		bl	forwarding_init
  71:build/openmote-cc2538_armgcc/openstack/openstack.c ****    icmpv6_init();
 174              		.loc 1 71 0
 175 0038 FFF7FEFF 		bl	icmpv6_init
  72:build/openmote-cc2538_armgcc/openstack/openstack.c ****    icmpv6echo_init();
 176              		.loc 1 72 0
 177 003c FFF7FEFF 		bl	icmpv6echo_init
  73:build/openmote-cc2538_armgcc/openstack/openstack.c ****    icmpv6rpl_init();
 178              		.loc 1 73 0
 179 0040 FFF7FEFF 		bl	icmpv6rpl_init
  74:build/openmote-cc2538_armgcc/openstack/openstack.c ****    //-- 04-TRAN
  75:build/openmote-cc2538_armgcc/openstack/openstack.c ****    openudp_init();
 180              		.loc 1 75 0
 181 0044 FFF7FEFF 		bl	openudp_init
  76:build/openmote-cc2538_armgcc/openstack/openstack.c ****    
  77:build/openmote-cc2538_armgcc/openstack/openstack.c ****    //===== applications
  78:build/openmote-cc2538_armgcc/openstack/openstack.c ****    openapps_init();
 182              		.loc 1 78 0
 183 0048 FFF7FEFF 		bl	openapps_init
  79:build/openmote-cc2538_armgcc/openstack/openstack.c ****    
  80:build/openmote-cc2538_armgcc/openstack/openstack.c ****    openserial_printInfo(
 184              		.loc 1 80 0
 185 004c 0023     		movs	r3, #0
 186 004e 0022     		movs	r2, #0
 187 0050 3521     		movs	r1, #53
 188 0052 0120     		movs	r0, #1
 189 0054 FFF7FEFF 		bl	openserial_printInfo
  81:build/openmote-cc2538_armgcc/openstack/openstack.c ****       COMPONENT_OPENWSN,ERR_BOOTED,
  82:build/openmote-cc2538_armgcc/openstack/openstack.c ****       (errorparameter_t)0,
  83:build/openmote-cc2538_armgcc/openstack/openstack.c ****       (errorparameter_t)0
  84:build/openmote-cc2538_armgcc/openstack/openstack.c ****    );
  85:build/openmote-cc2538_armgcc/openstack/openstack.c **** }
 190              		.loc 1 85 0
 191 0058 00BF     		nop
 192 005a 80BD     		pop	{r7, pc}
 193              		.cfi_endproc
 194              	.LFE0:
 196              	.Letext0:
 197              		.file 2 "/usr/include/newlib/machine/_default_types.h"
 198              		.file 3 "/usr/include/newlib/sys/_stdint.h"
 199              		.file 4 "inc/opendefs.h"
 200              		.file 5 "bsp/boards/openmote-cc2538/board_info.h"
 201              		.file 6 "openstack/cross-layers/idmanager.h"
 202              		.file 7 "openstack/02a-MAClow/IEEE802154E.h"
 203              		.file 8 "openstack/03b-IPv6/icmpv6rpl.h"
DEFINED SYMBOLS
                            *ABS*:0000000000000000 openstack.c
     /tmp/ccn7BZ3t.s:20     .rodata:0000000000000000 $d
     /tmp/ccn7BZ3t.s:23     .rodata:0000000000000000 rreg_uriquery
     /tmp/ccn7BZ3t.s:28     .rodata:0000000000000008 infoBoardname
     /tmp/ccn7BZ3t.s:33     .rodata:0000000000000010 infouCName
     /tmp/ccn7BZ3t.s:38     .rodata:0000000000000018 infoRadioName
     /tmp/ccn7BZ3t.s:43     .rodata:0000000000000024 infoStackName
     /tmp/ccn7BZ3t.s:48     .rodata:0000000000000030 linklocalprefix
     /tmp/ccn7BZ3t.s:60     .rodata:0000000000000038 chTemplate_default
     /tmp/ccn7BZ3t.s:80     .rodata:0000000000000048 ebIEsBytestream
     /tmp/ccn7BZ3t.s:112    .rodata:0000000000000064 all_routers_multicast
     /tmp/ccn7BZ3t.s:130    .text:0000000000000000 $t
     /tmp/ccn7BZ3t.s:135    .text:0000000000000000 openstack_init
                     .debug_frame:0000000000000010 $d
                           .group:0000000000000000 wm4.0.8e445c0106ab795ab4704214cba6f089
                           .group:0000000000000000 wm4._newlib_version.h.4.ad342815780c8db09778091a421b5b5b
                           .group:0000000000000000 wm4.features.h.33.d97f2d646536517df901beeb5b9993f5
                           .group:0000000000000000 wm4._default_types.h.15.933e8edd27a65e0b69af4a865eb623d2
                           .group:0000000000000000 wm4._intsup.h.10.b82bf99f69d6a5c085fc866de0d3eb9b
                           .group:0000000000000000 wm4._stdint.h.10.7a5f60e6741af4a5594a3867d347e1f9
                           .group:0000000000000000 wm4.stdint.h.23.373a9d32a9e4c2e88fd347156532d281
                           .group:0000000000000000 wm4.toolchain_defs.h.2.e5fd326231d01413e5361944b26cde07
                           .group:0000000000000000 wm4.newlib.h.8.36dd0417407b0a085bc04c49cc2ed13a
                           .group:0000000000000000 wm4.config.h.219.65a553ab5bef5482f0d7880b0d33015e
                           .group:0000000000000000 wm4._ansi.h.23.9f8fcfa20193763fcf364fb91705c94b
                           .group:0000000000000000 wm4.stddef.h.39.a38874c8f8a57e66301090908ec2a69f
                           .group:0000000000000000 wm4.lock.h.2.9bc98482741e5e2a9450b12934a684ea
                           .group:0000000000000000 wm4._types.h.125.5cf8a495f1f7ef36777ad868a1e32068
                           .group:0000000000000000 wm4.stddef.h.161.5349cb105733e8777bfb0cf53c4e3f34
                           .group:0000000000000000 wm4._types.h.183.c226d164ceca1f2ecb9ae9360c54a098
                           .group:0000000000000000 wm4.reent.h.17.850ac0a908956e5fb788be1b80de2f32
                           .group:0000000000000000 wm4.cdefs.h.47.ba62642086d429b4f95c2381cae1c0aa
                           .group:0000000000000000 wm4.string.h.15.dab3980bf35408a4c507182805e2de3a
                           .group:0000000000000000 wm4.stddef.h.161.19e15733342b50ead2919490b095303e
                           .group:0000000000000000 wm4.stdbool.h.29.07dce69c3b78884144b7f7bd19483461
                           .group:0000000000000000 wm4.hw_types.h.67.b10589a0806dcc2d274d6fab6b736519
                           .group:0000000000000000 wm4.interrupt.h.41.272fc4ec0e276feb439e7974d0f77eaf
                           .group:0000000000000000 wm4.board_info.h.22.1291259c351bc018e4d4402148b3c6db
                           .group:0000000000000000 wm4.opendefs.h.23.47191652995b7fa35f12da40c3552cda
                           .group:0000000000000000 wm4.openserial.h.9.80102eae1ecef6075819c4ea201ac3a9
                           .group:0000000000000000 wm4.idmanager.h.2.8c0e2159b32ef3125cbb1e984805cbfe
                           .group:0000000000000000 wm4.IEEE802154.h.2.38fb510ed33a23a9a0660164e6dfab69
                           .group:0000000000000000 wm4.opentimers.h.8.4ddb88466c5d61beaa6758270059ffcf
                           .group:0000000000000000 wm4.schedule.h.2.f2fa95bbe9ed29a9f7520419b69ab7c7
                           .group:0000000000000000 wm4.IEEE802154E.h.31.271a7efed26b0cf3ba6fc5c3c902092c
                           .group:0000000000000000 wm4.sixtop.h.2.f5e0b2a452b4d1f75e53a759db81a2cb
                           .group:0000000000000000 wm4.icmpv6rpl.h.2.f00b74af734e37e670811ca7fb590996
                           .group:0000000000000000 wm4.neighbors.h.15.fcaa645de5cf4f9d77d36838589f9838
                           .group:0000000000000000 wm4.msf.h.2.5fb7d8d59fc37db0794adadf7f268765
                           .group:0000000000000000 wm4.iphc.h.2.9e7d9d56ac728a3c0b3014283a59854e
                           .group:0000000000000000 wm4.forwarding.h.2.92227c8206462e747e83f1fe703c6cf8

UNDEFINED SYMBOLS
openserial_init
idmanager_init
openqueue_init
openrandom_init
opentimers_init
ieee154e_init
schedule_init
sixtop_init
neighbors_init
msf_init
openbridge_init
iphc_init
forwarding_init
icmpv6_init
icmpv6echo_init
icmpv6rpl_init
openudp_init
openapps_init
openserial_printInfo
