   1              		.syntax unified
   2              		.cpu cortex-m3
   3              		.fpu softvfp
   4              		.eabi_attribute 20, 1
   5              		.eabi_attribute 21, 1
   6              		.eabi_attribute 23, 3
   7              		.eabi_attribute 24, 1
   8              		.eabi_attribute 25, 1
   9              		.eabi_attribute 26, 1
  10              		.eabi_attribute 30, 6
  11              		.eabi_attribute 34, 1
  12              		.eabi_attribute 18, 4
  13              		.thumb
  14              		.syntax unified
  15              		.file	"uinject.c"
  16              		.text
  17              	.Ltext0:
  18              		.cfi_sections	.debug_frame
  19              		.section	.rodata
  20              		.align	2
  23              	rreg_uriquery:
  24 0000 683D7563 		.ascii	"h=ucb\000"
  24      6200
  25 0006 0000     		.align	2
  28              	infoBoardname:
  29 0008 43433235 		.ascii	"CC2538\000"
  29      333800
  30 000f 00       		.align	2
  33              	infouCName:
  34 0010 43433235 		.ascii	"CC2538\000"
  34      333800
  35 0017 00       		.align	2
  38              	infoRadioName:
  39 0018 43433235 		.ascii	"CC2538 SoC\000"
  39      33382053 
  39      6F4300
  40 0023 00       		.align	2
  43              	infoStackName:
  44 0024 4F70656E 		.ascii	"OpenWSN \000"
  44      57534E20 
  44      00
  45 002d 000000   		.align	2
  48              	chTemplate_default:
  49 0030 05       		.byte	5
  50 0031 06       		.byte	6
  51 0032 0C       		.byte	12
  52 0033 07       		.byte	7
  53 0034 0F       		.byte	15
  54 0035 04       		.byte	4
  55 0036 0E       		.byte	14
  56 0037 0B       		.byte	11
  57 0038 08       		.byte	8
  58 0039 00       		.byte	0
  59 003a 01       		.byte	1
  60 003b 02       		.byte	2
  61 003c 0D       		.byte	13
  62 003d 03       		.byte	3
  63 003e 09       		.byte	9
  64 003f 0A       		.byte	10
  65              		.align	2
  68              	ebIEsBytestream:
  69 0040 1A       		.byte	26
  70 0041 88       		.byte	-120
  71 0042 06       		.byte	6
  72 0043 1A       		.byte	26
  73 0044 00       		.byte	0
  74 0045 00       		.byte	0
  75 0046 00       		.byte	0
  76 0047 00       		.byte	0
  77 0048 00       		.byte	0
  78 0049 00       		.byte	0
  79 004a 01       		.byte	1
  80 004b 1C       		.byte	28
  81 004c 00       		.byte	0
  82 004d 01       		.byte	1
  83 004e C8       		.byte	-56
  84 004f 00       		.byte	0
  85 0050 0A       		.byte	10
  86 0051 1B       		.byte	27
  87 0052 01       		.byte	1
  88 0053 00       		.byte	0
  89 0054 0B       		.byte	11
  90 0055 00       		.byte	0
  91 0056 01       		.byte	1
  92 0057 00       		.byte	0
  93 0058 00       		.byte	0
  94 0059 00       		.byte	0
  95 005a 00       		.byte	0
  96 005b 0F       		.byte	15
  97              		.align	2
 100              	linklocalprefix:
 101 005c FE       		.byte	-2
 102 005d 80       		.byte	-128
 103 005e 00       		.byte	0
 104 005f 00       		.byte	0
 105 0060 00       		.byte	0
 106 0061 00       		.byte	0
 107 0062 00       		.byte	0
 108 0063 00       		.byte	0
 109              		.comm	uinject_vars,24,4
 110              		.align	2
 113              	uinject_payload:
 114 0064 75696E6A 		.ascii	"uinject\000"
 114      65637400 
 115              		.align	2
 118              	uinject_dst_addr:
 119 006c BB       		.byte	-69
 120 006d BB       		.byte	-69
 121 006e 00       		.byte	0
 122 006f 00       		.byte	0
 123 0070 00       		.byte	0
 124 0071 00       		.byte	0
 125 0072 00       		.byte	0
 126 0073 00       		.byte	0
 127 0074 00       		.byte	0
 128 0075 00       		.byte	0
 129 0076 00       		.byte	0
 130 0077 00       		.byte	0
 131 0078 00       		.byte	0
 132 0079 00       		.byte	0
 133 007a 00       		.byte	0
 134 007b 01       		.byte	1
 135              		.text
 136              		.align	2
 137              		.global	uinject_init
 138              		.thumb
 139              		.thumb_func
 141              	uinject_init:
 142              	.LFB0:
 143              		.file 1 "build/openmote-cc2538_armgcc/openapps/uinject/uinject.c"
   1:build/openmote-cc2538_armgcc/openapps/uinject/uinject.c **** #include "opendefs.h"
   2:build/openmote-cc2538_armgcc/openapps/uinject/uinject.c **** #include "uinject.h"
   3:build/openmote-cc2538_armgcc/openapps/uinject/uinject.c **** #include "openqueue.h"
   4:build/openmote-cc2538_armgcc/openapps/uinject/uinject.c **** #include "openserial.h"
   5:build/openmote-cc2538_armgcc/openapps/uinject/uinject.c **** #include "packetfunctions.h"
   6:build/openmote-cc2538_armgcc/openapps/uinject/uinject.c **** #include "scheduler.h"
   7:build/openmote-cc2538_armgcc/openapps/uinject/uinject.c **** #include "IEEE802154E.h"
   8:build/openmote-cc2538_armgcc/openapps/uinject/uinject.c **** #include "idmanager.h"
   9:build/openmote-cc2538_armgcc/openapps/uinject/uinject.c **** 
  10:build/openmote-cc2538_armgcc/openapps/uinject/uinject.c **** //=========================== variables =======================================
  11:build/openmote-cc2538_armgcc/openapps/uinject/uinject.c **** 
  12:build/openmote-cc2538_armgcc/openapps/uinject/uinject.c **** uinject_vars_t uinject_vars;
  13:build/openmote-cc2538_armgcc/openapps/uinject/uinject.c **** 
  14:build/openmote-cc2538_armgcc/openapps/uinject/uinject.c **** static const uint8_t uinject_payload[]    = "uinject";
  15:build/openmote-cc2538_armgcc/openapps/uinject/uinject.c **** static const uint8_t uinject_dst_addr[]   = {
  16:build/openmote-cc2538_armgcc/openapps/uinject/uinject.c ****    0xbb, 0xbb, 0x00, 0x00, 0x00, 0x00, 0x00, 0x00,
  17:build/openmote-cc2538_armgcc/openapps/uinject/uinject.c ****    0x00, 0x00, 0x00, 0x00, 0x00, 0x00, 0x00, 0x01
  18:build/openmote-cc2538_armgcc/openapps/uinject/uinject.c **** }; 
  19:build/openmote-cc2538_armgcc/openapps/uinject/uinject.c **** 
  20:build/openmote-cc2538_armgcc/openapps/uinject/uinject.c **** //=========================== prototypes ======================================
  21:build/openmote-cc2538_armgcc/openapps/uinject/uinject.c **** 
  22:build/openmote-cc2538_armgcc/openapps/uinject/uinject.c **** void uinject_timer_cb(opentimers_id_t id);
  23:build/openmote-cc2538_armgcc/openapps/uinject/uinject.c **** void uinject_task_cb(void);
  24:build/openmote-cc2538_armgcc/openapps/uinject/uinject.c **** 
  25:build/openmote-cc2538_armgcc/openapps/uinject/uinject.c **** //=========================== public ==========================================
  26:build/openmote-cc2538_armgcc/openapps/uinject/uinject.c **** 
  27:build/openmote-cc2538_armgcc/openapps/uinject/uinject.c **** void uinject_init() {
 144              		.loc 1 27 0
 145              		.cfi_startproc
 146              		@ args = 0, pretend = 0, frame = 0
 147              		@ frame_needed = 1, uses_anonymous_args = 0
 148 0000 80B5     		push	{r7, lr}
 149              		.cfi_def_cfa_offset 8
 150              		.cfi_offset 7, -8
 151              		.cfi_offset 14, -4
 152 0002 82B0     		sub	sp, sp, #8
 153              		.cfi_def_cfa_offset 16
 154 0004 02AF     		add	r7, sp, #8
 155              		.cfi_def_cfa 7, 8
  28:build/openmote-cc2538_armgcc/openapps/uinject/uinject.c ****    
  29:build/openmote-cc2538_armgcc/openapps/uinject/uinject.c **** 	if(idmanager_getMyID(ADDR_64B)->addr_64b[7] != 5) return;
 156              		.loc 1 29 0
 157 0006 0220     		movs	r0, #2
 158 0008 FFF7FEFF 		bl	idmanager_getMyID
 159 000c 0346     		mov	r3, r0
 160 000e 1B7A     		ldrb	r3, [r3, #8]	@ zero_extendqisi2
 161 0010 052B     		cmp	r3, #5
 162 0012 26D1     		bne	.L4
  30:build/openmote-cc2538_armgcc/openapps/uinject/uinject.c **** 
  31:build/openmote-cc2538_armgcc/openapps/uinject/uinject.c ****     // clear local variables
  32:build/openmote-cc2538_armgcc/openapps/uinject/uinject.c ****     memset(&uinject_vars,0,sizeof(uinject_vars_t));
 163              		.loc 1 32 0
 164 0014 1822     		movs	r2, #24
 165 0016 0021     		movs	r1, #0
 166 0018 1348     		ldr	r0, .L5
 167 001a FFF7FEFF 		bl	memset
  33:build/openmote-cc2538_armgcc/openapps/uinject/uinject.c **** 
  34:build/openmote-cc2538_armgcc/openapps/uinject/uinject.c ****     // register at UDP stack
  35:build/openmote-cc2538_armgcc/openapps/uinject/uinject.c ****     uinject_vars.desc.port              = WKP_UDP_INJECT;
 168              		.loc 1 35 0
 169 001e 124B     		ldr	r3, .L5
 170 0020 4FF2B102 		movw	r2, #61617
 171 0024 1A81     		strh	r2, [r3, #8]	@ movhi
  36:build/openmote-cc2538_armgcc/openapps/uinject/uinject.c ****     uinject_vars.desc.callbackReceive   = &uinject_receive;
 172              		.loc 1 36 0
 173 0026 104B     		ldr	r3, .L5
 174 0028 104A     		ldr	r2, .L5+4
 175 002a DA60     		str	r2, [r3, #12]
  37:build/openmote-cc2538_armgcc/openapps/uinject/uinject.c ****     uinject_vars.desc.callbackSendDone  = &uinject_sendDone;
 176              		.loc 1 37 0
 177 002c 0E4B     		ldr	r3, .L5
 178 002e 104A     		ldr	r2, .L5+8
 179 0030 1A61     		str	r2, [r3, #16]
  38:build/openmote-cc2538_armgcc/openapps/uinject/uinject.c ****     openudp_register(&uinject_vars.desc);
 180              		.loc 1 38 0
 181 0032 1048     		ldr	r0, .L5+12
 182 0034 FFF7FEFF 		bl	openudp_register
  39:build/openmote-cc2538_armgcc/openapps/uinject/uinject.c **** 
  40:build/openmote-cc2538_armgcc/openapps/uinject/uinject.c ****     uinject_vars.period = UINJECT_PERIOD_MS;
 183              		.loc 1 40 0
 184 0038 0B4B     		ldr	r3, .L5
 185 003a 47F23052 		movw	r2, #30000
 186 003e 9A80     		strh	r2, [r3, #4]	@ movhi
  41:build/openmote-cc2538_armgcc/openapps/uinject/uinject.c ****     // start periodic timer
  42:build/openmote-cc2538_armgcc/openapps/uinject/uinject.c ****     uinject_vars.timerId = opentimers_create();
 187              		.loc 1 42 0
 188 0040 FFF7FEFF 		bl	opentimers_create
 189 0044 0346     		mov	r3, r0
 190 0046 1A46     		mov	r2, r3
 191 0048 074B     		ldr	r3, .L5
 192 004a 1A70     		strb	r2, [r3]
  43:build/openmote-cc2538_armgcc/openapps/uinject/uinject.c ****     opentimers_scheduleIn(
 193              		.loc 1 43 0
 194 004c 064B     		ldr	r3, .L5
 195 004e 1878     		ldrb	r0, [r3]	@ zero_extendqisi2
 196 0050 094B     		ldr	r3, .L5+16
 197 0052 0093     		str	r3, [sp]
 198 0054 0023     		movs	r3, #0
 199 0056 0022     		movs	r2, #0
 200 0058 47F23051 		movw	r1, #30000
 201 005c FFF7FEFF 		bl	opentimers_scheduleIn
 202 0060 00E0     		b	.L1
 203              	.L4:
  29:build/openmote-cc2538_armgcc/openapps/uinject/uinject.c **** 
 204              		.loc 1 29 0
 205 0062 00BF     		nop
 206              	.L1:
  44:build/openmote-cc2538_armgcc/openapps/uinject/uinject.c ****         uinject_vars.timerId,
  45:build/openmote-cc2538_armgcc/openapps/uinject/uinject.c ****         UINJECT_PERIOD_MS,
  46:build/openmote-cc2538_armgcc/openapps/uinject/uinject.c ****         TIME_MS,
  47:build/openmote-cc2538_armgcc/openapps/uinject/uinject.c ****         TIMER_PERIODIC,
  48:build/openmote-cc2538_armgcc/openapps/uinject/uinject.c ****         uinject_timer_cb
  49:build/openmote-cc2538_armgcc/openapps/uinject/uinject.c ****     );
  50:build/openmote-cc2538_armgcc/openapps/uinject/uinject.c **** }
 207              		.loc 1 50 0
 208 0064 BD46     		mov	sp, r7
 209              		.cfi_def_cfa_register 13
 210              		@ sp needed
 211 0066 80BD     		pop	{r7, pc}
 212              	.L6:
 213              		.align	2
 214              	.L5:
 215 0068 00000000 		.word	uinject_vars
 216 006c 00000000 		.word	uinject_receive
 217 0070 00000000 		.word	uinject_sendDone
 218 0074 08000000 		.word	uinject_vars+8
 219 0078 00000000 		.word	uinject_timer_cb
 220              		.cfi_endproc
 221              	.LFE0:
 223              		.align	2
 224              		.global	uinject_sendDone
 225              		.thumb
 226              		.thumb_func
 228              	uinject_sendDone:
 229              	.LFB1:
  51:build/openmote-cc2538_armgcc/openapps/uinject/uinject.c **** 
  52:build/openmote-cc2538_armgcc/openapps/uinject/uinject.c **** void uinject_sendDone(OpenQueueEntry_t* msg, owerror_t error) {
 230              		.loc 1 52 0
 231              		.cfi_startproc
 232              		@ args = 0, pretend = 0, frame = 8
 233              		@ frame_needed = 1, uses_anonymous_args = 0
 234 007c 80B5     		push	{r7, lr}
 235              		.cfi_def_cfa_offset 8
 236              		.cfi_offset 7, -8
 237              		.cfi_offset 14, -4
 238 007e 82B0     		sub	sp, sp, #8
 239              		.cfi_def_cfa_offset 16
 240 0080 00AF     		add	r7, sp, #0
 241              		.cfi_def_cfa_register 7
 242 0082 7860     		str	r0, [r7, #4]
 243 0084 0B46     		mov	r3, r1
 244 0086 FB70     		strb	r3, [r7, #3]
  53:build/openmote-cc2538_armgcc/openapps/uinject/uinject.c ****    openqueue_freePacketBuffer(msg);
 245              		.loc 1 53 0
 246 0088 7868     		ldr	r0, [r7, #4]
 247 008a FFF7FEFF 		bl	openqueue_freePacketBuffer
  54:build/openmote-cc2538_armgcc/openapps/uinject/uinject.c **** }
 248              		.loc 1 54 0
 249 008e 00BF     		nop
 250 0090 0837     		adds	r7, r7, #8
 251              		.cfi_def_cfa_offset 8
 252 0092 BD46     		mov	sp, r7
 253              		.cfi_def_cfa_register 13
 254              		@ sp needed
 255 0094 80BD     		pop	{r7, pc}
 256              		.cfi_endproc
 257              	.LFE1:
 259 0096 00BF     		.align	2
 260              		.global	uinject_receive
 261              		.thumb
 262              		.thumb_func
 264              	uinject_receive:
 265              	.LFB2:
  55:build/openmote-cc2538_armgcc/openapps/uinject/uinject.c **** 
  56:build/openmote-cc2538_armgcc/openapps/uinject/uinject.c **** void uinject_receive(OpenQueueEntry_t* pkt) {
 266              		.loc 1 56 0
 267              		.cfi_startproc
 268              		@ args = 0, pretend = 0, frame = 8
 269              		@ frame_needed = 1, uses_anonymous_args = 0
 270 0098 80B5     		push	{r7, lr}
 271              		.cfi_def_cfa_offset 8
 272              		.cfi_offset 7, -8
 273              		.cfi_offset 14, -4
 274 009a 82B0     		sub	sp, sp, #8
 275              		.cfi_def_cfa_offset 16
 276 009c 00AF     		add	r7, sp, #0
 277              		.cfi_def_cfa_register 7
 278 009e 7860     		str	r0, [r7, #4]
  57:build/openmote-cc2538_armgcc/openapps/uinject/uinject.c ****    
  58:build/openmote-cc2538_armgcc/openapps/uinject/uinject.c ****    openqueue_freePacketBuffer(pkt);
 279              		.loc 1 58 0
 280 00a0 7868     		ldr	r0, [r7, #4]
 281 00a2 FFF7FEFF 		bl	openqueue_freePacketBuffer
  59:build/openmote-cc2538_armgcc/openapps/uinject/uinject.c ****    
  60:build/openmote-cc2538_armgcc/openapps/uinject/uinject.c ****    openserial_printError(
 282              		.loc 1 60 0
 283 00a6 0023     		movs	r3, #0
 284 00a8 0022     		movs	r2, #0
 285 00aa 0221     		movs	r1, #2
 286 00ac 2420     		movs	r0, #36
 287 00ae FFF7FEFF 		bl	openserial_printError
  61:build/openmote-cc2538_armgcc/openapps/uinject/uinject.c ****       COMPONENT_UINJECT,
  62:build/openmote-cc2538_armgcc/openapps/uinject/uinject.c ****       ERR_RCVD_ECHO_REPLY,
  63:build/openmote-cc2538_armgcc/openapps/uinject/uinject.c ****       (errorparameter_t)0,
  64:build/openmote-cc2538_armgcc/openapps/uinject/uinject.c ****       (errorparameter_t)0
  65:build/openmote-cc2538_armgcc/openapps/uinject/uinject.c ****    );
  66:build/openmote-cc2538_armgcc/openapps/uinject/uinject.c **** }
 288              		.loc 1 66 0
 289 00b2 00BF     		nop
 290 00b4 0837     		adds	r7, r7, #8
 291              		.cfi_def_cfa_offset 8
 292 00b6 BD46     		mov	sp, r7
 293              		.cfi_def_cfa_register 13
 294              		@ sp needed
 295 00b8 80BD     		pop	{r7, pc}
 296              		.cfi_endproc
 297              	.LFE2:
 299 00ba 00BF     		.align	2
 300              		.global	uinject_timer_cb
 301              		.thumb
 302              		.thumb_func
 304              	uinject_timer_cb:
 305              	.LFB3:
  67:build/openmote-cc2538_armgcc/openapps/uinject/uinject.c **** 
  68:build/openmote-cc2538_armgcc/openapps/uinject/uinject.c **** //=========================== private =========================================
  69:build/openmote-cc2538_armgcc/openapps/uinject/uinject.c **** 
  70:build/openmote-cc2538_armgcc/openapps/uinject/uinject.c **** /**
  71:build/openmote-cc2538_armgcc/openapps/uinject/uinject.c **** \note timer fired, but we don't want to execute task in ISR mode instead, push
  72:build/openmote-cc2538_armgcc/openapps/uinject/uinject.c ****    task to scheduler with CoAP priority, and let scheduler take care of it.
  73:build/openmote-cc2538_armgcc/openapps/uinject/uinject.c **** */
  74:build/openmote-cc2538_armgcc/openapps/uinject/uinject.c **** void uinject_timer_cb(opentimers_id_t id){
 306              		.loc 1 74 0
 307              		.cfi_startproc
 308              		@ args = 0, pretend = 0, frame = 8
 309              		@ frame_needed = 1, uses_anonymous_args = 0
 310 00bc 80B5     		push	{r7, lr}
 311              		.cfi_def_cfa_offset 8
 312              		.cfi_offset 7, -8
 313              		.cfi_offset 14, -4
 314 00be 82B0     		sub	sp, sp, #8
 315              		.cfi_def_cfa_offset 16
 316 00c0 00AF     		add	r7, sp, #0
 317              		.cfi_def_cfa_register 7
 318 00c2 0346     		mov	r3, r0
 319 00c4 FB71     		strb	r3, [r7, #7]
  75:build/openmote-cc2538_armgcc/openapps/uinject/uinject.c ****    
  76:build/openmote-cc2538_armgcc/openapps/uinject/uinject.c ****    scheduler_push_task(uinject_task_cb,TASKPRIO_COAP);
 320              		.loc 1 76 0
 321 00c6 0621     		movs	r1, #6
 322 00c8 0348     		ldr	r0, .L10
 323 00ca FFF7FEFF 		bl	scheduler_push_task
  77:build/openmote-cc2538_armgcc/openapps/uinject/uinject.c **** }
 324              		.loc 1 77 0
 325 00ce 00BF     		nop
 326 00d0 0837     		adds	r7, r7, #8
 327              		.cfi_def_cfa_offset 8
 328 00d2 BD46     		mov	sp, r7
 329              		.cfi_def_cfa_register 13
 330              		@ sp needed
 331 00d4 80BD     		pop	{r7, pc}
 332              	.L11:
 333 00d6 00BF     		.align	2
 334              	.L10:
 335 00d8 00000000 		.word	uinject_task_cb
 336              		.cfi_endproc
 337              	.LFE3:
 339              		.align	2
 340              		.global	uinject_task_cb
 341              		.thumb
 342              		.thumb_func
 344              	uinject_task_cb:
 345              	.LFB4:
  78:build/openmote-cc2538_armgcc/openapps/uinject/uinject.c **** 
  79:build/openmote-cc2538_armgcc/openapps/uinject/uinject.c **** void uinject_task_cb() {
 346              		.loc 1 79 0
 347              		.cfi_startproc
 348              		@ args = 0, pretend = 0, frame = 16
 349              		@ frame_needed = 1, uses_anonymous_args = 0
 350 00dc B0B5     		push	{r4, r5, r7, lr}
 351              		.cfi_def_cfa_offset 16
 352              		.cfi_offset 4, -16
 353              		.cfi_offset 5, -12
 354              		.cfi_offset 7, -8
 355              		.cfi_offset 14, -4
 356 00de 84B0     		sub	sp, sp, #16
 357              		.cfi_def_cfa_offset 32
 358 00e0 00AF     		add	r7, sp, #0
 359              		.cfi_def_cfa_register 7
  80:build/openmote-cc2538_armgcc/openapps/uinject/uinject.c ****    OpenQueueEntry_t*    pkt;
  81:build/openmote-cc2538_armgcc/openapps/uinject/uinject.c ****    uint8_t              asnArray[5];
  82:build/openmote-cc2538_armgcc/openapps/uinject/uinject.c ****    
  83:build/openmote-cc2538_armgcc/openapps/uinject/uinject.c ****    // don't run if not synch
  84:build/openmote-cc2538_armgcc/openapps/uinject/uinject.c ****    if (ieee154e_isSynch() == FALSE) return;
 360              		.loc 1 84 0
 361 00e2 FFF7FEFF 		bl	ieee154e_isSynch
 362 00e6 0346     		mov	r3, r0
 363 00e8 83F00103 		eor	r3, r3, #1
 364 00ec DBB2     		uxtb	r3, r3
 365 00ee 002B     		cmp	r3, #0
 366 00f0 40F08580 		bne	.L19
  85:build/openmote-cc2538_armgcc/openapps/uinject/uinject.c ****    
  86:build/openmote-cc2538_armgcc/openapps/uinject/uinject.c ****    // don't run on dagroot
  87:build/openmote-cc2538_armgcc/openapps/uinject/uinject.c ****    if (idmanager_getIsDAGroot()) {
 367              		.loc 1 87 0
 368 00f4 FFF7FEFF 		bl	idmanager_getIsDAGroot
 369 00f8 0346     		mov	r3, r0
 370 00fa 002B     		cmp	r3, #0
 371 00fc 05D0     		beq	.L15
  88:build/openmote-cc2538_armgcc/openapps/uinject/uinject.c ****       opentimers_destroy(uinject_vars.timerId);
 372              		.loc 1 88 0
 373 00fe 424B     		ldr	r3, .L20
 374 0100 1B78     		ldrb	r3, [r3]	@ zero_extendqisi2
 375 0102 1846     		mov	r0, r3
 376 0104 FFF7FEFF 		bl	opentimers_destroy
  89:build/openmote-cc2538_armgcc/openapps/uinject/uinject.c ****       return;
 377              		.loc 1 89 0
 378 0108 7AE0     		b	.L12
 379              	.L15:
  90:build/openmote-cc2538_armgcc/openapps/uinject/uinject.c ****    }
  91:build/openmote-cc2538_armgcc/openapps/uinject/uinject.c ****    
  92:build/openmote-cc2538_armgcc/openapps/uinject/uinject.c ****    // if you get here, send a packet
  93:build/openmote-cc2538_armgcc/openapps/uinject/uinject.c ****    
  94:build/openmote-cc2538_armgcc/openapps/uinject/uinject.c ****    // get a free packet buffer
  95:build/openmote-cc2538_armgcc/openapps/uinject/uinject.c ****    pkt = openqueue_getFreePacketBuffer(COMPONENT_UINJECT);
 380              		.loc 1 95 0
 381 010a 2420     		movs	r0, #36
 382 010c FFF7FEFF 		bl	openqueue_getFreePacketBuffer
 383 0110 F860     		str	r0, [r7, #12]
  96:build/openmote-cc2538_armgcc/openapps/uinject/uinject.c ****    if (pkt==NULL) {
 384              		.loc 1 96 0
 385 0112 FB68     		ldr	r3, [r7, #12]
 386 0114 002B     		cmp	r3, #0
 387 0116 06D1     		bne	.L16
  97:build/openmote-cc2538_armgcc/openapps/uinject/uinject.c ****       openserial_printError(
 388              		.loc 1 97 0
 389 0118 0023     		movs	r3, #0
 390 011a 0022     		movs	r2, #0
 391 011c 2C21     		movs	r1, #44
 392 011e 2420     		movs	r0, #36
 393 0120 FFF7FEFF 		bl	openserial_printError
  98:build/openmote-cc2538_armgcc/openapps/uinject/uinject.c ****          COMPONENT_UINJECT,
  99:build/openmote-cc2538_armgcc/openapps/uinject/uinject.c ****          ERR_NO_FREE_PACKET_BUFFER,
 100:build/openmote-cc2538_armgcc/openapps/uinject/uinject.c ****          (errorparameter_t)0,
 101:build/openmote-cc2538_armgcc/openapps/uinject/uinject.c ****          (errorparameter_t)0
 102:build/openmote-cc2538_armgcc/openapps/uinject/uinject.c ****       );
 103:build/openmote-cc2538_armgcc/openapps/uinject/uinject.c ****       return;
 394              		.loc 1 103 0
 395 0124 6CE0     		b	.L12
 396              	.L16:
 104:build/openmote-cc2538_armgcc/openapps/uinject/uinject.c ****    }
 105:build/openmote-cc2538_armgcc/openapps/uinject/uinject.c ****    
 106:build/openmote-cc2538_armgcc/openapps/uinject/uinject.c ****    pkt->owner                         = COMPONENT_UINJECT;
 397              		.loc 1 106 0
 398 0126 FB68     		ldr	r3, [r7, #12]
 399 0128 2422     		movs	r2, #36
 400 012a 5A70     		strb	r2, [r3, #1]
 107:build/openmote-cc2538_armgcc/openapps/uinject/uinject.c ****    pkt->creator                       = COMPONENT_UINJECT;
 401              		.loc 1 107 0
 402 012c FB68     		ldr	r3, [r7, #12]
 403 012e 2422     		movs	r2, #36
 404 0130 1A70     		strb	r2, [r3]
 108:build/openmote-cc2538_armgcc/openapps/uinject/uinject.c ****    pkt->l4_protocol                   = IANA_UDP;
 405              		.loc 1 108 0
 406 0132 FB68     		ldr	r3, [r7, #12]
 407 0134 1122     		movs	r2, #17
 408 0136 9A73     		strb	r2, [r3, #14]
 109:build/openmote-cc2538_armgcc/openapps/uinject/uinject.c ****    pkt->l4_destination_port           = WKP_UDP_INJECT;
 409              		.loc 1 109 0
 410 0138 FB68     		ldr	r3, [r7, #12]
 411 013a 4FF2B102 		movw	r2, #61617
 412 013e 5A82     		strh	r2, [r3, #18]	@ movhi
 110:build/openmote-cc2538_armgcc/openapps/uinject/uinject.c ****    pkt->l4_sourcePortORicmpv6Type     = WKP_UDP_INJECT;
 413              		.loc 1 110 0
 414 0140 FB68     		ldr	r3, [r7, #12]
 415 0142 4FF2B102 		movw	r2, #61617
 416 0146 1A82     		strh	r2, [r3, #16]	@ movhi
 111:build/openmote-cc2538_armgcc/openapps/uinject/uinject.c ****    pkt->l3_destinationAdd.type        = ADDR_128B;
 417              		.loc 1 111 0
 418 0148 FB68     		ldr	r3, [r7, #12]
 419 014a 0322     		movs	r2, #3
 420 014c 5A76     		strb	r2, [r3, #25]
 112:build/openmote-cc2538_armgcc/openapps/uinject/uinject.c ****    memcpy(&pkt->l3_destinationAdd.addr_128b[0],uinject_dst_addr,16);
 421              		.loc 1 112 0
 422 014e FB68     		ldr	r3, [r7, #12]
 423 0150 1A33     		adds	r3, r3, #26
 424 0152 2E4A     		ldr	r2, .L20+4
 425 0154 1C46     		mov	r4, r3
 426 0156 1546     		mov	r5, r2
 427 0158 0FCD     		ldmia	r5!, {r0, r1, r2, r3}
 428 015a 2060     		str	r0, [r4]	@ unaligned
 429 015c 6160     		str	r1, [r4, #4]	@ unaligned
 430 015e A260     		str	r2, [r4, #8]	@ unaligned
 431 0160 E360     		str	r3, [r4, #12]	@ unaligned
 113:build/openmote-cc2538_armgcc/openapps/uinject/uinject.c ****    
 114:build/openmote-cc2538_armgcc/openapps/uinject/uinject.c ****    // add payload
 115:build/openmote-cc2538_armgcc/openapps/uinject/uinject.c ****    packetfunctions_reserveHeaderSize(pkt,sizeof(uinject_payload)-1);
 432              		.loc 1 115 0
 433 0162 0721     		movs	r1, #7
 434 0164 F868     		ldr	r0, [r7, #12]
 435 0166 FFF7FEFF 		bl	packetfunctions_reserveHeaderSize
 116:build/openmote-cc2538_armgcc/openapps/uinject/uinject.c ****    memcpy(&pkt->payload[0],uinject_payload,sizeof(uinject_payload)-1);
 436              		.loc 1 116 0
 437 016a FB68     		ldr	r3, [r7, #12]
 438 016c 5B68     		ldr	r3, [r3, #4]
 439 016e 0722     		movs	r2, #7
 440 0170 2749     		ldr	r1, .L20+8
 441 0172 1846     		mov	r0, r3
 442 0174 FFF7FEFF 		bl	memcpy
 117:build/openmote-cc2538_armgcc/openapps/uinject/uinject.c ****    
 118:build/openmote-cc2538_armgcc/openapps/uinject/uinject.c ****    packetfunctions_reserveHeaderSize(pkt,sizeof(uint16_t));
 443              		.loc 1 118 0
 444 0178 0221     		movs	r1, #2
 445 017a F868     		ldr	r0, [r7, #12]
 446 017c FFF7FEFF 		bl	packetfunctions_reserveHeaderSize
 119:build/openmote-cc2538_armgcc/openapps/uinject/uinject.c ****    pkt->payload[1] = (uint8_t)((uinject_vars.counter & 0xff00)>>8);
 447              		.loc 1 119 0
 448 0180 FB68     		ldr	r3, [r7, #12]
 449 0182 5B68     		ldr	r3, [r3, #4]
 450 0184 0133     		adds	r3, r3, #1
 451 0186 204A     		ldr	r2, .L20
 452 0188 5288     		ldrh	r2, [r2, #2]
 453 018a 120A     		lsrs	r2, r2, #8
 454 018c 92B2     		uxth	r2, r2
 455 018e D2B2     		uxtb	r2, r2
 456 0190 1A70     		strb	r2, [r3]
 120:build/openmote-cc2538_armgcc/openapps/uinject/uinject.c ****    pkt->payload[0] = (uint8_t)(uinject_vars.counter & 0x00ff);
 457              		.loc 1 120 0
 458 0192 FB68     		ldr	r3, [r7, #12]
 459 0194 5B68     		ldr	r3, [r3, #4]
 460 0196 1C4A     		ldr	r2, .L20
 461 0198 5288     		ldrh	r2, [r2, #2]
 462 019a D2B2     		uxtb	r2, r2
 463 019c 1A70     		strb	r2, [r3]
 121:build/openmote-cc2538_armgcc/openapps/uinject/uinject.c ****    uinject_vars.counter++;
 464              		.loc 1 121 0
 465 019e 1A4B     		ldr	r3, .L20
 466 01a0 5B88     		ldrh	r3, [r3, #2]
 467 01a2 0133     		adds	r3, r3, #1
 468 01a4 9AB2     		uxth	r2, r3
 469 01a6 184B     		ldr	r3, .L20
 470 01a8 5A80     		strh	r2, [r3, #2]	@ movhi
 122:build/openmote-cc2538_armgcc/openapps/uinject/uinject.c ****    
 123:build/openmote-cc2538_armgcc/openapps/uinject/uinject.c ****    packetfunctions_reserveHeaderSize(pkt,sizeof(asn_t));
 471              		.loc 1 123 0
 472 01aa 0521     		movs	r1, #5
 473 01ac F868     		ldr	r0, [r7, #12]
 474 01ae FFF7FEFF 		bl	packetfunctions_reserveHeaderSize
 124:build/openmote-cc2538_armgcc/openapps/uinject/uinject.c ****    ieee154e_getAsn(asnArray);
 475              		.loc 1 124 0
 476 01b2 3B1D     		adds	r3, r7, #4
 477 01b4 1846     		mov	r0, r3
 478 01b6 FFF7FEFF 		bl	ieee154e_getAsn
 125:build/openmote-cc2538_armgcc/openapps/uinject/uinject.c ****    pkt->payload[0] = asnArray[0];
 479              		.loc 1 125 0
 480 01ba FB68     		ldr	r3, [r7, #12]
 481 01bc 5B68     		ldr	r3, [r3, #4]
 482 01be 3A79     		ldrb	r2, [r7, #4]	@ zero_extendqisi2
 483 01c0 1A70     		strb	r2, [r3]
 126:build/openmote-cc2538_armgcc/openapps/uinject/uinject.c ****    pkt->payload[1] = asnArray[1];
 484              		.loc 1 126 0
 485 01c2 FB68     		ldr	r3, [r7, #12]
 486 01c4 5B68     		ldr	r3, [r3, #4]
 487 01c6 0133     		adds	r3, r3, #1
 488 01c8 7A79     		ldrb	r2, [r7, #5]	@ zero_extendqisi2
 489 01ca 1A70     		strb	r2, [r3]
 127:build/openmote-cc2538_armgcc/openapps/uinject/uinject.c ****    pkt->payload[2] = asnArray[2];
 490              		.loc 1 127 0
 491 01cc FB68     		ldr	r3, [r7, #12]
 492 01ce 5B68     		ldr	r3, [r3, #4]
 493 01d0 0233     		adds	r3, r3, #2
 494 01d2 BA79     		ldrb	r2, [r7, #6]	@ zero_extendqisi2
 495 01d4 1A70     		strb	r2, [r3]
 128:build/openmote-cc2538_armgcc/openapps/uinject/uinject.c ****    pkt->payload[3] = asnArray[3];
 496              		.loc 1 128 0
 497 01d6 FB68     		ldr	r3, [r7, #12]
 498 01d8 5B68     		ldr	r3, [r3, #4]
 499 01da 0333     		adds	r3, r3, #3
 500 01dc FA79     		ldrb	r2, [r7, #7]	@ zero_extendqisi2
 501 01de 1A70     		strb	r2, [r3]
 129:build/openmote-cc2538_armgcc/openapps/uinject/uinject.c ****    pkt->payload[4] = asnArray[4];
 502              		.loc 1 129 0
 503 01e0 FB68     		ldr	r3, [r7, #12]
 504 01e2 5B68     		ldr	r3, [r3, #4]
 505 01e4 0433     		adds	r3, r3, #4
 506 01e6 3A7A     		ldrb	r2, [r7, #8]	@ zero_extendqisi2
 507 01e8 1A70     		strb	r2, [r3]
 130:build/openmote-cc2538_armgcc/openapps/uinject/uinject.c ****    
 131:build/openmote-cc2538_armgcc/openapps/uinject/uinject.c ****    if ((openudp_send(pkt))==E_FAIL) {
 508              		.loc 1 131 0
 509 01ea F868     		ldr	r0, [r7, #12]
 510 01ec FFF7FEFF 		bl	openudp_send
 511 01f0 0346     		mov	r3, r0
 512 01f2 012B     		cmp	r3, #1
 513 01f4 04D1     		bne	.L12
 132:build/openmote-cc2538_armgcc/openapps/uinject/uinject.c ****       openqueue_freePacketBuffer(pkt);
 514              		.loc 1 132 0
 515 01f6 F868     		ldr	r0, [r7, #12]
 516 01f8 FFF7FEFF 		bl	openqueue_freePacketBuffer
 517 01fc 00E0     		b	.L12
 518              	.L19:
  84:build/openmote-cc2538_armgcc/openapps/uinject/uinject.c ****    
 519              		.loc 1 84 0
 520 01fe 00BF     		nop
 521              	.L12:
 133:build/openmote-cc2538_armgcc/openapps/uinject/uinject.c ****    }
 134:build/openmote-cc2538_armgcc/openapps/uinject/uinject.c **** }
 522              		.loc 1 134 0
 523 0200 1037     		adds	r7, r7, #16
 524              		.cfi_def_cfa_offset 16
 525 0202 BD46     		mov	sp, r7
 526              		.cfi_def_cfa_register 13
 527              		@ sp needed
 528 0204 B0BD     		pop	{r4, r5, r7, pc}
 529              	.L21:
 530 0206 00BF     		.align	2
 531              	.L20:
 532 0208 00000000 		.word	uinject_vars
 533 020c 6C000000 		.word	uinject_dst_addr
 534 0210 64000000 		.word	uinject_payload
 535              		.cfi_endproc
 536              	.LFE4:
 538              	.Letext0:
 539              		.file 2 "/usr/include/newlib/machine/_default_types.h"
 540              		.file 3 "/usr/include/newlib/sys/_stdint.h"
 541              		.file 4 "inc/opendefs.h"
 542              		.file 5 "drivers/common/opentimers.h"
 543              		.file 6 "openstack/04-TRAN/openudp.h"
 544              		.file 7 "build/openmote-cc2538_armgcc/openapps/uinject/uinject.h"
 545              		.file 8 "kernel/scheduler.h"
 546              		.file 9 "bsp/boards/openmote-cc2538/board_info.h"
 547              		.file 10 "openstack/02a-MAClow/IEEE802154E.h"
 548              		.file 11 "openstack/cross-layers/idmanager.h"
DEFINED SYMBOLS
                            *ABS*:0000000000000000 uinject.c
     /tmp/ccOO2vDw.s:20     .rodata:0000000000000000 $d
     /tmp/ccOO2vDw.s:23     .rodata:0000000000000000 rreg_uriquery
     /tmp/ccOO2vDw.s:28     .rodata:0000000000000008 infoBoardname
     /tmp/ccOO2vDw.s:33     .rodata:0000000000000010 infouCName
     /tmp/ccOO2vDw.s:38     .rodata:0000000000000018 infoRadioName
     /tmp/ccOO2vDw.s:43     .rodata:0000000000000024 infoStackName
     /tmp/ccOO2vDw.s:48     .rodata:0000000000000030 chTemplate_default
     /tmp/ccOO2vDw.s:68     .rodata:0000000000000040 ebIEsBytestream
     /tmp/ccOO2vDw.s:100    .rodata:000000000000005c linklocalprefix
                            *COM*:0000000000000018 uinject_vars
     /tmp/ccOO2vDw.s:113    .rodata:0000000000000064 uinject_payload
     /tmp/ccOO2vDw.s:118    .rodata:000000000000006c uinject_dst_addr
     /tmp/ccOO2vDw.s:136    .text:0000000000000000 $t
     /tmp/ccOO2vDw.s:141    .text:0000000000000000 uinject_init
     /tmp/ccOO2vDw.s:215    .text:0000000000000068 $d
     /tmp/ccOO2vDw.s:264    .text:0000000000000098 uinject_receive
     /tmp/ccOO2vDw.s:228    .text:000000000000007c uinject_sendDone
     /tmp/ccOO2vDw.s:304    .text:00000000000000bc uinject_timer_cb
     /tmp/ccOO2vDw.s:223    .text:000000000000007c $t
     /tmp/ccOO2vDw.s:335    .text:00000000000000d8 $d
     /tmp/ccOO2vDw.s:344    .text:00000000000000dc uinject_task_cb
     /tmp/ccOO2vDw.s:339    .text:00000000000000dc $t
     /tmp/ccOO2vDw.s:532    .text:0000000000000208 $d
                     .debug_frame:0000000000000010 $d
                           .group:0000000000000000 wm4.0.8e445c0106ab795ab4704214cba6f089
                           .group:0000000000000000 wm4._newlib_version.h.4.ad342815780c8db09778091a421b5b5b
                           .group:0000000000000000 wm4.features.h.33.d97f2d646536517df901beeb5b9993f5
                           .group:0000000000000000 wm4._default_types.h.15.933e8edd27a65e0b69af4a865eb623d2
                           .group:0000000000000000 wm4._intsup.h.10.b82bf99f69d6a5c085fc866de0d3eb9b
                           .group:0000000000000000 wm4._stdint.h.10.7a5f60e6741af4a5594a3867d347e1f9
                           .group:0000000000000000 wm4.stdint.h.23.373a9d32a9e4c2e88fd347156532d281
                           .group:0000000000000000 wm4.toolchain_defs.h.2.e5fd326231d01413e5361944b26cde07
                           .group:0000000000000000 wm4.newlib.h.8.36dd0417407b0a085bc04c49cc2ed13a
                           .group:0000000000000000 wm4.config.h.219.65a553ab5bef5482f0d7880b0d33015e
                           .group:0000000000000000 wm4._ansi.h.23.9f8fcfa20193763fcf364fb91705c94b
                           .group:0000000000000000 wm4.stddef.h.39.a38874c8f8a57e66301090908ec2a69f
                           .group:0000000000000000 wm4.lock.h.2.9bc98482741e5e2a9450b12934a684ea
                           .group:0000000000000000 wm4._types.h.125.5cf8a495f1f7ef36777ad868a1e32068
                           .group:0000000000000000 wm4.stddef.h.161.5349cb105733e8777bfb0cf53c4e3f34
                           .group:0000000000000000 wm4._types.h.183.c226d164ceca1f2ecb9ae9360c54a098
                           .group:0000000000000000 wm4.reent.h.17.850ac0a908956e5fb788be1b80de2f32
                           .group:0000000000000000 wm4.cdefs.h.47.ba62642086d429b4f95c2381cae1c0aa
                           .group:0000000000000000 wm4.string.h.15.dab3980bf35408a4c507182805e2de3a
                           .group:0000000000000000 wm4.stddef.h.161.19e15733342b50ead2919490b095303e
                           .group:0000000000000000 wm4.stdbool.h.29.07dce69c3b78884144b7f7bd19483461
                           .group:0000000000000000 wm4.hw_types.h.67.b10589a0806dcc2d274d6fab6b736519
                           .group:0000000000000000 wm4.interrupt.h.41.272fc4ec0e276feb439e7974d0f77eaf
                           .group:0000000000000000 wm4.board_info.h.22.1291259c351bc018e4d4402148b3c6db
                           .group:0000000000000000 wm4.opendefs.h.23.47191652995b7fa35f12da40c3552cda
                           .group:0000000000000000 wm4.opentimers.h.8.4ddb88466c5d61beaa6758270059ffcf
                           .group:0000000000000000 wm4.IEEE802154.h.2.38fb510ed33a23a9a0660164e6dfab69
                           .group:0000000000000000 wm4.openserial.h.9.80102eae1ecef6075819c4ea201ac3a9
                           .group:0000000000000000 wm4.scheduler.h.2.d8d85f436d0d4b3991926a15b8490cf4
                           .group:0000000000000000 wm4.schedule.h.2.0823bb7327297af390d80731986ae02d
                           .group:0000000000000000 wm4.IEEE802154E.h.31.271a7efed26b0cf3ba6fc5c3c902092c
                           .group:0000000000000000 wm4.idmanager.h.2.8c0e2159b32ef3125cbb1e984805cbfe

UNDEFINED SYMBOLS
idmanager_getMyID
memset
openudp_register
opentimers_create
opentimers_scheduleIn
openqueue_freePacketBuffer
openserial_printError
scheduler_push_task
ieee154e_isSynch
idmanager_getIsDAGroot
opentimers_destroy
openqueue_getFreePacketBuffer
packetfunctions_reserveHeaderSize
memcpy
ieee154e_getAsn
openudp_send
