   1              		.syntax unified
   2              		.cpu cortex-m3
   3              		.fpu softvfp
   4              		.eabi_attribute 20, 1
   5              		.eabi_attribute 21, 1
   6              		.eabi_attribute 23, 3
   7              		.eabi_attribute 24, 1
   8              		.eabi_attribute 25, 1
   9              		.eabi_attribute 26, 1
  10              		.eabi_attribute 30, 6
  11              		.eabi_attribute 34, 1
  12              		.eabi_attribute 18, 4
  13              		.thumb
  14              		.syntax unified
  15              		.file	"cinfo.c"
  16              		.text
  17              	.Ltext0:
  18              		.cfi_sections	.debug_frame
  19              		.section	.rodata
  20              		.align	2
  23              	rreg_uriquery:
  24 0000 683D7563 		.ascii	"h=ucb\000"
  24      6200
  25 0006 0000     		.align	2
  28              	infoBoardname:
  29 0008 43433235 		.ascii	"CC2538\000"
  29      333800
  30 000f 00       		.align	2
  33              	infouCName:
  34 0010 43433235 		.ascii	"CC2538\000"
  34      333800
  35 0017 00       		.align	2
  38              	infoRadioName:
  39 0018 43433235 		.ascii	"CC2538 SoC\000"
  39      33382053 
  39      6F4300
  40 0023 00       		.align	2
  43              	infoStackName:
  44 0024 4F70656E 		.ascii	"OpenWSN \000"
  44      57534E20 
  44      00
  45 002d 000000   		.align	2
  48              	ipAddr_ipsoRD:
  49 0030 26       		.byte	38
  50 0031 07       		.byte	7
  51 0032 F7       		.byte	-9
  52 0033 40       		.byte	64
  53 0034 00       		.byte	0
  54 0035 00       		.byte	0
  55 0036 00       		.byte	0
  56 0037 3F       		.byte	63
  57 0038 00       		.byte	0
  58 0039 00       		.byte	0
  59 003a 00       		.byte	0
  60 003b 00       		.byte	0
  61 003c 00       		.byte	0
  62 003d 00       		.byte	0
  63 003e 0E       		.byte	14
  64 003f 29       		.byte	41
  65              		.align	2
  68              	ipAddr_motesEecs:
  69 0040 20       		.byte	32
  70 0041 01       		.byte	1
  71 0042 04       		.byte	4
  72 0043 70       		.byte	112
  73 0044 00       		.byte	0
  74 0045 66       		.byte	102
  75 0046 00       		.byte	0
  76 0047 19       		.byte	25
  77 0048 00       		.byte	0
  78 0049 00       		.byte	0
  79 004a 00       		.byte	0
  80 004b 00       		.byte	0
  81 004c 00       		.byte	0
  82 004d 00       		.byte	0
  83 004e 00       		.byte	0
  84 004f 02       		.byte	2
  85              		.align	2
  88              	ipAddr_local:
  89 0050 26       		.byte	38
  90 0051 07       		.byte	7
  91 0052 F1       		.byte	-15
  92 0053 40       		.byte	64
  93 0054 04       		.byte	4
  94 0055 00       		.byte	0
  95 0056 10       		.byte	16
  96 0057 36       		.byte	54
  97 0058 4D       		.byte	77
  98 0059 CD       		.byte	-51
  99 005a AB       		.byte	-85
 100 005b 54       		.byte	84
 101 005c 81       		.byte	-127
 102 005d 99       		.byte	-103
 103 005e C1       		.byte	-63
 104 005f F7       		.byte	-9
 105              		.align	2
 108              	ipAddr_motedata:
 109 0060 20       		.byte	32
 110 0061 01       		.byte	1
 111 0062 04       		.byte	4
 112 0063 70       		.byte	112
 113 0064 00       		.byte	0
 114 0065 66       		.byte	102
 115 0066 00       		.byte	0
 116 0067 17       		.byte	23
 117 0068 00       		.byte	0
 118 0069 00       		.byte	0
 119 006a 00       		.byte	0
 120 006b 00       		.byte	0
 121 006c 00       		.byte	0
 122 006d 00       		.byte	0
 123 006e 00       		.byte	0
 124 006f 02       		.byte	2
 125              		.align	2
 128              	ipAddr_ringmaster:
 129 0070 BB       		.byte	-69
 130 0071 BB       		.byte	-69
 131 0072 00       		.byte	0
 132 0073 00       		.byte	0
 133 0074 00       		.byte	0
 134 0075 00       		.byte	0
 135 0076 00       		.byte	0
 136 0077 00       		.byte	0
 137 0078 00       		.byte	0
 138 0079 00       		.byte	0
 139 007a 00       		.byte	0
 140 007b 00       		.byte	0
 141 007c 00       		.byte	0
 142 007d 00       		.byte	0
 143 007e 00       		.byte	0
 144 007f 01       		.byte	1
 145              		.align	2
 148              	linklocalprefix:
 149 0080 FE       		.byte	-2
 150 0081 80       		.byte	-128
 151 0082 00       		.byte	0
 152 0083 00       		.byte	0
 153 0084 00       		.byte	0
 154 0085 00       		.byte	0
 155 0086 00       		.byte	0
 156 0087 00       		.byte	0
 157              		.global	cinfo_path0
 158              		.align	2
 161              	cinfo_path0:
 162 0088 6900     		.ascii	"i\000"
 163              		.comm	cinfo_vars,56,4
 164              		.text
 165              		.align	2
 166              		.global	cinfo_init
 167              		.thumb
 168              		.thumb_func
 170              	cinfo_init:
 171              	.LFB0:
 172              		.file 1 "build/openmote-cc2538_armgcc/openapps/cinfo/cinfo.c"
   1:build/openmote-cc2538_armgcc/openapps/cinfo/cinfo.c **** /**
   2:build/openmote-cc2538_armgcc/openapps/cinfo/cinfo.c **** \brief A CoAP resource which indicates the board its running on.
   3:build/openmote-cc2538_armgcc/openapps/cinfo/cinfo.c **** */
   4:build/openmote-cc2538_armgcc/openapps/cinfo/cinfo.c **** 
   5:build/openmote-cc2538_armgcc/openapps/cinfo/cinfo.c **** #include "opendefs.h"
   6:build/openmote-cc2538_armgcc/openapps/cinfo/cinfo.c **** #include "cinfo.h"
   7:build/openmote-cc2538_armgcc/openapps/cinfo/cinfo.c **** #include "opencoap.h"
   8:build/openmote-cc2538_armgcc/openapps/cinfo/cinfo.c **** #include "openqueue.h"
   9:build/openmote-cc2538_armgcc/openapps/cinfo/cinfo.c **** #include "packetfunctions.h"
  10:build/openmote-cc2538_armgcc/openapps/cinfo/cinfo.c **** #include "openserial.h"
  11:build/openmote-cc2538_armgcc/openapps/cinfo/cinfo.c **** #include "openrandom.h"
  12:build/openmote-cc2538_armgcc/openapps/cinfo/cinfo.c **** #include "board.h"
  13:build/openmote-cc2538_armgcc/openapps/cinfo/cinfo.c **** #include "idmanager.h"
  14:build/openmote-cc2538_armgcc/openapps/cinfo/cinfo.c **** 
  15:build/openmote-cc2538_armgcc/openapps/cinfo/cinfo.c **** //=========================== defines =========================================
  16:build/openmote-cc2538_armgcc/openapps/cinfo/cinfo.c **** 
  17:build/openmote-cc2538_armgcc/openapps/cinfo/cinfo.c **** const uint8_t cinfo_path0[] = "i";
  18:build/openmote-cc2538_armgcc/openapps/cinfo/cinfo.c **** 
  19:build/openmote-cc2538_armgcc/openapps/cinfo/cinfo.c **** //=========================== variables =======================================
  20:build/openmote-cc2538_armgcc/openapps/cinfo/cinfo.c **** 
  21:build/openmote-cc2538_armgcc/openapps/cinfo/cinfo.c **** cinfo_vars_t cinfo_vars;
  22:build/openmote-cc2538_armgcc/openapps/cinfo/cinfo.c **** 
  23:build/openmote-cc2538_armgcc/openapps/cinfo/cinfo.c **** //=========================== prototypes ======================================
  24:build/openmote-cc2538_armgcc/openapps/cinfo/cinfo.c **** 
  25:build/openmote-cc2538_armgcc/openapps/cinfo/cinfo.c **** owerror_t     cinfo_receive(
  26:build/openmote-cc2538_armgcc/openapps/cinfo/cinfo.c ****         OpenQueueEntry_t* msg,
  27:build/openmote-cc2538_armgcc/openapps/cinfo/cinfo.c ****         coap_header_iht*  coap_header,
  28:build/openmote-cc2538_armgcc/openapps/cinfo/cinfo.c ****         coap_option_iht*  coap_incomingOptions,
  29:build/openmote-cc2538_armgcc/openapps/cinfo/cinfo.c ****         coap_option_iht*  coap_outgoingOptions,
  30:build/openmote-cc2538_armgcc/openapps/cinfo/cinfo.c ****         uint8_t*          coap_outgoingOptionsLen
  31:build/openmote-cc2538_armgcc/openapps/cinfo/cinfo.c **** );
  32:build/openmote-cc2538_armgcc/openapps/cinfo/cinfo.c **** void          cinfo_sendDone(
  33:build/openmote-cc2538_armgcc/openapps/cinfo/cinfo.c ****    OpenQueueEntry_t* msg,
  34:build/openmote-cc2538_armgcc/openapps/cinfo/cinfo.c ****    owerror_t error
  35:build/openmote-cc2538_armgcc/openapps/cinfo/cinfo.c **** );
  36:build/openmote-cc2538_armgcc/openapps/cinfo/cinfo.c **** 
  37:build/openmote-cc2538_armgcc/openapps/cinfo/cinfo.c **** //=========================== public ==========================================
  38:build/openmote-cc2538_armgcc/openapps/cinfo/cinfo.c **** 
  39:build/openmote-cc2538_armgcc/openapps/cinfo/cinfo.c **** /**
  40:build/openmote-cc2538_armgcc/openapps/cinfo/cinfo.c **** \brief Initialize this module.
  41:build/openmote-cc2538_armgcc/openapps/cinfo/cinfo.c **** */
  42:build/openmote-cc2538_armgcc/openapps/cinfo/cinfo.c **** void cinfo_init() {
 173              		.loc 1 42 0
 174              		.cfi_startproc
 175              		@ args = 0, pretend = 0, frame = 0
 176              		@ frame_needed = 1, uses_anonymous_args = 0
 177 0000 80B5     		push	{r7, lr}
 178              		.cfi_def_cfa_offset 8
 179              		.cfi_offset 7, -8
 180              		.cfi_offset 14, -4
 181 0002 00AF     		add	r7, sp, #0
 182              		.cfi_def_cfa_register 7
  43:build/openmote-cc2538_armgcc/openapps/cinfo/cinfo.c ****    // do not run if DAGroot
  44:build/openmote-cc2538_armgcc/openapps/cinfo/cinfo.c ****    if(idmanager_getIsDAGroot()==TRUE) return; 
 183              		.loc 1 44 0
 184 0004 FFF7FEFF 		bl	idmanager_getIsDAGroot
 185 0008 0346     		mov	r3, r0
 186 000a 002B     		cmp	r3, #0
 187 000c 1ED1     		bne	.L4
  45:build/openmote-cc2538_armgcc/openapps/cinfo/cinfo.c ****    
  46:build/openmote-cc2538_armgcc/openapps/cinfo/cinfo.c ****    // prepare the resource descriptor for the /i path
  47:build/openmote-cc2538_armgcc/openapps/cinfo/cinfo.c ****    cinfo_vars.desc.path0len             = sizeof(cinfo_path0)-1;
 188              		.loc 1 47 0
 189 000e 104B     		ldr	r3, .L5
 190 0010 0122     		movs	r2, #1
 191 0012 1A70     		strb	r2, [r3]
  48:build/openmote-cc2538_armgcc/openapps/cinfo/cinfo.c ****    cinfo_vars.desc.path0val             = (uint8_t*)(&cinfo_path0);
 192              		.loc 1 48 0
 193 0014 0E4B     		ldr	r3, .L5
 194 0016 0F4A     		ldr	r2, .L5+4
 195 0018 5A60     		str	r2, [r3, #4]
  49:build/openmote-cc2538_armgcc/openapps/cinfo/cinfo.c ****    cinfo_vars.desc.path1len             = 0;
 196              		.loc 1 49 0
 197 001a 0D4B     		ldr	r3, .L5
 198 001c 0022     		movs	r2, #0
 199 001e 1A72     		strb	r2, [r3, #8]
  50:build/openmote-cc2538_armgcc/openapps/cinfo/cinfo.c ****    cinfo_vars.desc.path1val             = NULL;
 200              		.loc 1 50 0
 201 0020 0B4B     		ldr	r3, .L5
 202 0022 0022     		movs	r2, #0
 203 0024 DA60     		str	r2, [r3, #12]
  51:build/openmote-cc2538_armgcc/openapps/cinfo/cinfo.c ****    cinfo_vars.desc.componentID          = COMPONENT_CINFO;
 204              		.loc 1 51 0
 205 0026 0A4B     		ldr	r3, .L5
 206 0028 1D22     		movs	r2, #29
 207 002a 1A74     		strb	r2, [r3, #16]
  52:build/openmote-cc2538_armgcc/openapps/cinfo/cinfo.c ****    cinfo_vars.desc.securityContext      = NULL;
 208              		.loc 1 52 0
 209 002c 084B     		ldr	r3, .L5
 210 002e 0022     		movs	r2, #0
 211 0030 5A61     		str	r2, [r3, #20]
  53:build/openmote-cc2538_armgcc/openapps/cinfo/cinfo.c ****    cinfo_vars.desc.discoverable         = TRUE;
 212              		.loc 1 53 0
 213 0032 074B     		ldr	r3, .L5
 214 0034 0122     		movs	r2, #1
 215 0036 1A76     		strb	r2, [r3, #24]
  54:build/openmote-cc2538_armgcc/openapps/cinfo/cinfo.c ****    cinfo_vars.desc.callbackRx           = &cinfo_receive;
 216              		.loc 1 54 0
 217 0038 054B     		ldr	r3, .L5
 218 003a 074A     		ldr	r2, .L5+8
 219 003c DA61     		str	r2, [r3, #28]
  55:build/openmote-cc2538_armgcc/openapps/cinfo/cinfo.c ****    cinfo_vars.desc.callbackSendDone     = &cinfo_sendDone;
 220              		.loc 1 55 0
 221 003e 044B     		ldr	r3, .L5
 222 0040 064A     		ldr	r2, .L5+12
 223 0042 1A62     		str	r2, [r3, #32]
  56:build/openmote-cc2538_armgcc/openapps/cinfo/cinfo.c ****    
  57:build/openmote-cc2538_armgcc/openapps/cinfo/cinfo.c ****    // register with the CoAP module
  58:build/openmote-cc2538_armgcc/openapps/cinfo/cinfo.c ****    opencoap_register(&cinfo_vars.desc);
 224              		.loc 1 58 0
 225 0044 0248     		ldr	r0, .L5
 226 0046 FFF7FEFF 		bl	opencoap_register
 227 004a 00E0     		b	.L1
 228              	.L4:
  44:build/openmote-cc2538_armgcc/openapps/cinfo/cinfo.c ****    
 229              		.loc 1 44 0
 230 004c 00BF     		nop
 231              	.L1:
  59:build/openmote-cc2538_armgcc/openapps/cinfo/cinfo.c **** }
 232              		.loc 1 59 0
 233 004e 80BD     		pop	{r7, pc}
 234              	.L6:
 235              		.align	2
 236              	.L5:
 237 0050 00000000 		.word	cinfo_vars
 238 0054 00000000 		.word	cinfo_path0
 239 0058 00000000 		.word	cinfo_receive
 240 005c 00000000 		.word	cinfo_sendDone
 241              		.cfi_endproc
 242              	.LFE0:
 244              		.align	2
 245              		.global	cinfo_receive
 246              		.thumb
 247              		.thumb_func
 249              	cinfo_receive:
 250              	.LFB1:
  60:build/openmote-cc2538_armgcc/openapps/cinfo/cinfo.c **** 
  61:build/openmote-cc2538_armgcc/openapps/cinfo/cinfo.c **** //=========================== private =========================================
  62:build/openmote-cc2538_armgcc/openapps/cinfo/cinfo.c **** 
  63:build/openmote-cc2538_armgcc/openapps/cinfo/cinfo.c **** /**
  64:build/openmote-cc2538_armgcc/openapps/cinfo/cinfo.c **** \brief Called when a CoAP message is received for this resource.
  65:build/openmote-cc2538_armgcc/openapps/cinfo/cinfo.c **** 
  66:build/openmote-cc2538_armgcc/openapps/cinfo/cinfo.c **** \param[in] msg          The received message. CoAP header and options already
  67:build/openmote-cc2538_armgcc/openapps/cinfo/cinfo.c ****    parsed.
  68:build/openmote-cc2538_armgcc/openapps/cinfo/cinfo.c **** \param[in] coap_header  The CoAP header contained in the message.
  69:build/openmote-cc2538_armgcc/openapps/cinfo/cinfo.c **** \param[in] coap_options The CoAP options contained in the message.
  70:build/openmote-cc2538_armgcc/openapps/cinfo/cinfo.c **** 
  71:build/openmote-cc2538_armgcc/openapps/cinfo/cinfo.c **** \return Whether the response is prepared successfully.
  72:build/openmote-cc2538_armgcc/openapps/cinfo/cinfo.c **** */
  73:build/openmote-cc2538_armgcc/openapps/cinfo/cinfo.c **** owerror_t cinfo_receive(
  74:build/openmote-cc2538_armgcc/openapps/cinfo/cinfo.c ****         OpenQueueEntry_t* msg,
  75:build/openmote-cc2538_armgcc/openapps/cinfo/cinfo.c ****         coap_header_iht*  coap_header,
  76:build/openmote-cc2538_armgcc/openapps/cinfo/cinfo.c ****         coap_option_iht*  coap_incomingOptions,
  77:build/openmote-cc2538_armgcc/openapps/cinfo/cinfo.c ****         coap_option_iht*  coap_outgoingOptions,
  78:build/openmote-cc2538_armgcc/openapps/cinfo/cinfo.c ****         uint8_t*          coap_outgoingOptionsLen
  79:build/openmote-cc2538_armgcc/openapps/cinfo/cinfo.c **** ) {
 251              		.loc 1 79 0
 252              		.cfi_startproc
 253              		@ args = 4, pretend = 0, frame = 24
 254              		@ frame_needed = 1, uses_anonymous_args = 0
 255 0060 80B5     		push	{r7, lr}
 256              		.cfi_def_cfa_offset 8
 257              		.cfi_offset 7, -8
 258              		.cfi_offset 14, -4
 259 0062 86B0     		sub	sp, sp, #24
 260              		.cfi_def_cfa_offset 32
 261 0064 00AF     		add	r7, sp, #0
 262              		.cfi_def_cfa_register 7
 263 0066 F860     		str	r0, [r7, #12]
 264 0068 B960     		str	r1, [r7, #8]
 265 006a 7A60     		str	r2, [r7, #4]
 266 006c 3B60     		str	r3, [r7]
  80:build/openmote-cc2538_armgcc/openapps/cinfo/cinfo.c ****    owerror_t outcome;
  81:build/openmote-cc2538_armgcc/openapps/cinfo/cinfo.c ****    
  82:build/openmote-cc2538_armgcc/openapps/cinfo/cinfo.c ****    leds_debug_toggle();
 267              		.loc 1 82 0
 268 006e FFF7FEFF 		bl	leds_debug_toggle
  83:build/openmote-cc2538_armgcc/openapps/cinfo/cinfo.c **** 
  84:build/openmote-cc2538_armgcc/openapps/cinfo/cinfo.c ****    switch (coap_header->Code) {
 269              		.loc 1 84 0
 270 0072 BB68     		ldr	r3, [r7, #8]
 271 0074 DB78     		ldrb	r3, [r3, #3]	@ zero_extendqisi2
 272 0076 012B     		cmp	r3, #1
 273 0078 6FD1     		bne	.L12
  85:build/openmote-cc2538_armgcc/openapps/cinfo/cinfo.c ****       case COAP_CODE_REQ_GET:
  86:build/openmote-cc2538_armgcc/openapps/cinfo/cinfo.c ****          //=== reset packet payload (we will reuse this packetBuffer)
  87:build/openmote-cc2538_armgcc/openapps/cinfo/cinfo.c ****          msg->payload                     = &(msg->packet[127]);
 274              		.loc 1 87 0
 275 007a FB68     		ldr	r3, [r7, #12]
 276 007c 03F23F12 		addw	r2, r3, #319
 277 0080 FB68     		ldr	r3, [r7, #12]
 278 0082 5A60     		str	r2, [r3, #4]
  88:build/openmote-cc2538_armgcc/openapps/cinfo/cinfo.c ****          msg->length                      = 0;
 279              		.loc 1 88 0
 280 0084 FB68     		ldr	r3, [r7, #12]
 281 0086 0022     		movs	r2, #0
 282 0088 1A72     		strb	r2, [r3, #8]
  89:build/openmote-cc2538_armgcc/openapps/cinfo/cinfo.c ****          
  90:build/openmote-cc2538_armgcc/openapps/cinfo/cinfo.c ****          //=== prepare  CoAP response
  91:build/openmote-cc2538_armgcc/openapps/cinfo/cinfo.c ****          
  92:build/openmote-cc2538_armgcc/openapps/cinfo/cinfo.c ****          // radio name
  93:build/openmote-cc2538_armgcc/openapps/cinfo/cinfo.c ****          packetfunctions_reserveHeaderSize(msg,sizeof(infoRadioName)-1);
 283              		.loc 1 93 0
 284 008a 0A21     		movs	r1, #10
 285 008c F868     		ldr	r0, [r7, #12]
 286 008e FFF7FEFF 		bl	packetfunctions_reserveHeaderSize
  94:build/openmote-cc2538_armgcc/openapps/cinfo/cinfo.c ****          memcpy(&msg->payload[0],&infoRadioName,sizeof(infoRadioName)-1);
 287              		.loc 1 94 0
 288 0092 FB68     		ldr	r3, [r7, #12]
 289 0094 5B68     		ldr	r3, [r3, #4]
 290 0096 0A22     		movs	r2, #10
 291 0098 3349     		ldr	r1, .L13
 292 009a 1846     		mov	r0, r3
 293 009c FFF7FEFF 		bl	memcpy
  95:build/openmote-cc2538_armgcc/openapps/cinfo/cinfo.c ****          
  96:build/openmote-cc2538_armgcc/openapps/cinfo/cinfo.c ****          // uC name
  97:build/openmote-cc2538_armgcc/openapps/cinfo/cinfo.c ****          packetfunctions_reserveHeaderSize(msg,1);
 294              		.loc 1 97 0
 295 00a0 0121     		movs	r1, #1
 296 00a2 F868     		ldr	r0, [r7, #12]
 297 00a4 FFF7FEFF 		bl	packetfunctions_reserveHeaderSize
  98:build/openmote-cc2538_armgcc/openapps/cinfo/cinfo.c ****          msg->payload[0] = '\n';
 298              		.loc 1 98 0
 299 00a8 FB68     		ldr	r3, [r7, #12]
 300 00aa 5B68     		ldr	r3, [r3, #4]
 301 00ac 0A22     		movs	r2, #10
 302 00ae 1A70     		strb	r2, [r3]
  99:build/openmote-cc2538_armgcc/openapps/cinfo/cinfo.c ****          packetfunctions_reserveHeaderSize(msg,sizeof(infouCName)-1);
 303              		.loc 1 99 0
 304 00b0 0621     		movs	r1, #6
 305 00b2 F868     		ldr	r0, [r7, #12]
 306 00b4 FFF7FEFF 		bl	packetfunctions_reserveHeaderSize
 100:build/openmote-cc2538_armgcc/openapps/cinfo/cinfo.c ****          memcpy(&msg->payload[0],&infouCName,sizeof(infouCName)-1);
 307              		.loc 1 100 0
 308 00b8 FB68     		ldr	r3, [r7, #12]
 309 00ba 5B68     		ldr	r3, [r3, #4]
 310 00bc 0622     		movs	r2, #6
 311 00be 2B49     		ldr	r1, .L13+4
 312 00c0 1846     		mov	r0, r3
 313 00c2 FFF7FEFF 		bl	memcpy
 101:build/openmote-cc2538_armgcc/openapps/cinfo/cinfo.c ****          
 102:build/openmote-cc2538_armgcc/openapps/cinfo/cinfo.c ****          // board name
 103:build/openmote-cc2538_armgcc/openapps/cinfo/cinfo.c ****          packetfunctions_reserveHeaderSize(msg,1);
 314              		.loc 1 103 0
 315 00c6 0121     		movs	r1, #1
 316 00c8 F868     		ldr	r0, [r7, #12]
 317 00ca FFF7FEFF 		bl	packetfunctions_reserveHeaderSize
 104:build/openmote-cc2538_armgcc/openapps/cinfo/cinfo.c ****          msg->payload[0] = '\n';
 318              		.loc 1 104 0
 319 00ce FB68     		ldr	r3, [r7, #12]
 320 00d0 5B68     		ldr	r3, [r3, #4]
 321 00d2 0A22     		movs	r2, #10
 322 00d4 1A70     		strb	r2, [r3]
 105:build/openmote-cc2538_armgcc/openapps/cinfo/cinfo.c ****          packetfunctions_reserveHeaderSize(msg,sizeof(infoBoardname)-1);
 323              		.loc 1 105 0
 324 00d6 0621     		movs	r1, #6
 325 00d8 F868     		ldr	r0, [r7, #12]
 326 00da FFF7FEFF 		bl	packetfunctions_reserveHeaderSize
 106:build/openmote-cc2538_armgcc/openapps/cinfo/cinfo.c ****          memcpy(&msg->payload[0],&infoBoardname,sizeof(infoBoardname)-1);
 327              		.loc 1 106 0
 328 00de FB68     		ldr	r3, [r7, #12]
 329 00e0 5B68     		ldr	r3, [r3, #4]
 330 00e2 0622     		movs	r2, #6
 331 00e4 2249     		ldr	r1, .L13+8
 332 00e6 1846     		mov	r0, r3
 333 00e8 FFF7FEFF 		bl	memcpy
 107:build/openmote-cc2538_armgcc/openapps/cinfo/cinfo.c ****          
 108:build/openmote-cc2538_armgcc/openapps/cinfo/cinfo.c ****          // stack name and version
 109:build/openmote-cc2538_armgcc/openapps/cinfo/cinfo.c ****          packetfunctions_reserveHeaderSize(msg,1);
 334              		.loc 1 109 0
 335 00ec 0121     		movs	r1, #1
 336 00ee F868     		ldr	r0, [r7, #12]
 337 00f0 FFF7FEFF 		bl	packetfunctions_reserveHeaderSize
 110:build/openmote-cc2538_armgcc/openapps/cinfo/cinfo.c ****          msg->payload[0] = '\n';
 338              		.loc 1 110 0
 339 00f4 FB68     		ldr	r3, [r7, #12]
 340 00f6 5B68     		ldr	r3, [r3, #4]
 341 00f8 0A22     		movs	r2, #10
 342 00fa 1A70     		strb	r2, [r3]
 111:build/openmote-cc2538_armgcc/openapps/cinfo/cinfo.c ****          packetfunctions_reserveHeaderSize(msg,sizeof(infoStackName)-1+6);
 343              		.loc 1 111 0
 344 00fc 0E21     		movs	r1, #14
 345 00fe F868     		ldr	r0, [r7, #12]
 346 0100 FFF7FEFF 		bl	packetfunctions_reserveHeaderSize
 112:build/openmote-cc2538_armgcc/openapps/cinfo/cinfo.c ****          memcpy(&msg->payload[0],&infoStackName,sizeof(infoStackName)-1);
 347              		.loc 1 112 0
 348 0104 FB68     		ldr	r3, [r7, #12]
 349 0106 5B68     		ldr	r3, [r3, #4]
 350 0108 0822     		movs	r2, #8
 351 010a 1A49     		ldr	r1, .L13+12
 352 010c 1846     		mov	r0, r3
 353 010e FFF7FEFF 		bl	memcpy
 113:build/openmote-cc2538_armgcc/openapps/cinfo/cinfo.c ****          msg->payload[sizeof(infoStackName)-1+6-6] = '0'+OPENWSN_VERSION_MAJOR;
 354              		.loc 1 113 0
 355 0112 FB68     		ldr	r3, [r7, #12]
 356 0114 5B68     		ldr	r3, [r3, #4]
 357 0116 0833     		adds	r3, r3, #8
 358 0118 3122     		movs	r2, #49
 359 011a 1A70     		strb	r2, [r3]
 114:build/openmote-cc2538_armgcc/openapps/cinfo/cinfo.c ****          msg->payload[sizeof(infoStackName)-1+6-5] = '.';
 360              		.loc 1 114 0
 361 011c FB68     		ldr	r3, [r7, #12]
 362 011e 5B68     		ldr	r3, [r3, #4]
 363 0120 0933     		adds	r3, r3, #9
 364 0122 2E22     		movs	r2, #46
 365 0124 1A70     		strb	r2, [r3]
 115:build/openmote-cc2538_armgcc/openapps/cinfo/cinfo.c ****          msg->payload[sizeof(infoStackName)-1+6-4] = '0'+OPENWSN_VERSION_MINOR / 10;
 366              		.loc 1 115 0
 367 0126 FB68     		ldr	r3, [r7, #12]
 368 0128 5B68     		ldr	r3, [r3, #4]
 369 012a 0A33     		adds	r3, r3, #10
 370 012c 3122     		movs	r2, #49
 371 012e 1A70     		strb	r2, [r3]
 116:build/openmote-cc2538_armgcc/openapps/cinfo/cinfo.c ****          msg->payload[sizeof(infoStackName)-1+6-3] = '0'+OPENWSN_VERSION_MINOR % 10;
 372              		.loc 1 116 0
 373 0130 FB68     		ldr	r3, [r7, #12]
 374 0132 5B68     		ldr	r3, [r3, #4]
 375 0134 0B33     		adds	r3, r3, #11
 376 0136 3122     		movs	r2, #49
 377 0138 1A70     		strb	r2, [r3]
 117:build/openmote-cc2538_armgcc/openapps/cinfo/cinfo.c ****          msg->payload[sizeof(infoStackName)-1+6-2] = '.';
 378              		.loc 1 117 0
 379 013a FB68     		ldr	r3, [r7, #12]
 380 013c 5B68     		ldr	r3, [r3, #4]
 381 013e 0C33     		adds	r3, r3, #12
 382 0140 2E22     		movs	r2, #46
 383 0142 1A70     		strb	r2, [r3]
 118:build/openmote-cc2538_armgcc/openapps/cinfo/cinfo.c ****          msg->payload[sizeof(infoStackName)-1+6-1] = '0'+OPENWSN_VERSION_PATCH;
 384              		.loc 1 118 0
 385 0144 FB68     		ldr	r3, [r7, #12]
 386 0146 5B68     		ldr	r3, [r3, #4]
 387 0148 0D33     		adds	r3, r3, #13
 388 014a 3022     		movs	r2, #48
 389 014c 1A70     		strb	r2, [r3]
 119:build/openmote-cc2538_armgcc/openapps/cinfo/cinfo.c ****          
 120:build/openmote-cc2538_armgcc/openapps/cinfo/cinfo.c ****          // set the CoAP header
 121:build/openmote-cc2538_armgcc/openapps/cinfo/cinfo.c ****          coap_header->Code                = COAP_CODE_RESP_CONTENT;
 390              		.loc 1 121 0
 391 014e BB68     		ldr	r3, [r7, #8]
 392 0150 4522     		movs	r2, #69
 393 0152 DA70     		strb	r2, [r3, #3]
 122:build/openmote-cc2538_armgcc/openapps/cinfo/cinfo.c ****          
 123:build/openmote-cc2538_armgcc/openapps/cinfo/cinfo.c ****          outcome                          = E_SUCCESS;
 394              		.loc 1 123 0
 395 0154 0023     		movs	r3, #0
 396 0156 FB75     		strb	r3, [r7, #23]
 124:build/openmote-cc2538_armgcc/openapps/cinfo/cinfo.c ****          break;
 397              		.loc 1 124 0
 398 0158 01E0     		b	.L10
 399              	.L12:
 125:build/openmote-cc2538_armgcc/openapps/cinfo/cinfo.c ****       default:
 126:build/openmote-cc2538_armgcc/openapps/cinfo/cinfo.c ****          // return an error message
 127:build/openmote-cc2538_armgcc/openapps/cinfo/cinfo.c ****          outcome = E_FAIL;
 400              		.loc 1 127 0
 401 015a 0123     		movs	r3, #1
 402 015c FB75     		strb	r3, [r7, #23]
 403              	.L10:
 128:build/openmote-cc2538_armgcc/openapps/cinfo/cinfo.c ****    }
 129:build/openmote-cc2538_armgcc/openapps/cinfo/cinfo.c ****    
 130:build/openmote-cc2538_armgcc/openapps/cinfo/cinfo.c ****    return outcome;
 404              		.loc 1 130 0
 405 015e FB7D     		ldrb	r3, [r7, #23]	@ zero_extendqisi2
 131:build/openmote-cc2538_armgcc/openapps/cinfo/cinfo.c **** }
 406              		.loc 1 131 0
 407 0160 1846     		mov	r0, r3
 408 0162 1837     		adds	r7, r7, #24
 409              		.cfi_def_cfa_offset 8
 410 0164 BD46     		mov	sp, r7
 411              		.cfi_def_cfa_register 13
 412              		@ sp needed
 413 0166 80BD     		pop	{r7, pc}
 414              	.L14:
 415              		.align	2
 416              	.L13:
 417 0168 18000000 		.word	infoRadioName
 418 016c 10000000 		.word	infouCName
 419 0170 08000000 		.word	infoBoardname
 420 0174 24000000 		.word	infoStackName
 421              		.cfi_endproc
 422              	.LFE1:
 424              		.align	2
 425              		.global	cinfo_sendDone
 426              		.thumb
 427              		.thumb_func
 429              	cinfo_sendDone:
 430              	.LFB2:
 132:build/openmote-cc2538_armgcc/openapps/cinfo/cinfo.c **** 
 133:build/openmote-cc2538_armgcc/openapps/cinfo/cinfo.c **** /**
 134:build/openmote-cc2538_armgcc/openapps/cinfo/cinfo.c **** \brief The stack indicates that the packet was sent.
 135:build/openmote-cc2538_armgcc/openapps/cinfo/cinfo.c **** 
 136:build/openmote-cc2538_armgcc/openapps/cinfo/cinfo.c **** \param[in] msg The CoAP message just sent.
 137:build/openmote-cc2538_armgcc/openapps/cinfo/cinfo.c **** \param[in] error The outcome of sending it.
 138:build/openmote-cc2538_armgcc/openapps/cinfo/cinfo.c **** */
 139:build/openmote-cc2538_armgcc/openapps/cinfo/cinfo.c **** void cinfo_sendDone(OpenQueueEntry_t* msg, owerror_t error) {
 431              		.loc 1 139 0
 432              		.cfi_startproc
 433              		@ args = 0, pretend = 0, frame = 8
 434              		@ frame_needed = 1, uses_anonymous_args = 0
 435 0178 80B5     		push	{r7, lr}
 436              		.cfi_def_cfa_offset 8
 437              		.cfi_offset 7, -8
 438              		.cfi_offset 14, -4
 439 017a 82B0     		sub	sp, sp, #8
 440              		.cfi_def_cfa_offset 16
 441 017c 00AF     		add	r7, sp, #0
 442              		.cfi_def_cfa_register 7
 443 017e 7860     		str	r0, [r7, #4]
 444 0180 0B46     		mov	r3, r1
 445 0182 FB70     		strb	r3, [r7, #3]
 140:build/openmote-cc2538_armgcc/openapps/cinfo/cinfo.c ****    openqueue_freePacketBuffer(msg);
 446              		.loc 1 140 0
 447 0184 7868     		ldr	r0, [r7, #4]
 448 0186 FFF7FEFF 		bl	openqueue_freePacketBuffer
 141:build/openmote-cc2538_armgcc/openapps/cinfo/cinfo.c **** }
 449              		.loc 1 141 0
 450 018a 00BF     		nop
 451 018c 0837     		adds	r7, r7, #8
 452              		.cfi_def_cfa_offset 8
 453 018e BD46     		mov	sp, r7
 454              		.cfi_def_cfa_register 13
 455              		@ sp needed
 456 0190 80BD     		pop	{r7, pc}
 457              		.cfi_endproc
 458              	.LFE2:
 460              	.Letext0:
 461              		.file 2 "/usr/include/newlib/machine/_default_types.h"
 462              		.file 3 "/usr/include/newlib/sys/_stdint.h"
 463              		.file 4 "inc/opendefs.h"
 464              		.file 5 "openapps/opencoap/opencoap.h"
 465              		.file 6 "build/openmote-cc2538_armgcc/openapps/cinfo/cinfo.h"
 466              		.file 7 "bsp/boards/openmote-cc2538/board_info.h"
 467              		.file 8 "openstack/cross-layers/idmanager.h"
DEFINED SYMBOLS
                            *ABS*:0000000000000000 cinfo.c
     /tmp/cc3AJ24d.s:20     .rodata:0000000000000000 $d
     /tmp/cc3AJ24d.s:23     .rodata:0000000000000000 rreg_uriquery
     /tmp/cc3AJ24d.s:28     .rodata:0000000000000008 infoBoardname
     /tmp/cc3AJ24d.s:33     .rodata:0000000000000010 infouCName
     /tmp/cc3AJ24d.s:38     .rodata:0000000000000018 infoRadioName
     /tmp/cc3AJ24d.s:43     .rodata:0000000000000024 infoStackName
     /tmp/cc3AJ24d.s:48     .rodata:0000000000000030 ipAddr_ipsoRD
     /tmp/cc3AJ24d.s:68     .rodata:0000000000000040 ipAddr_motesEecs
     /tmp/cc3AJ24d.s:88     .rodata:0000000000000050 ipAddr_local
     /tmp/cc3AJ24d.s:108    .rodata:0000000000000060 ipAddr_motedata
     /tmp/cc3AJ24d.s:128    .rodata:0000000000000070 ipAddr_ringmaster
     /tmp/cc3AJ24d.s:148    .rodata:0000000000000080 linklocalprefix
     /tmp/cc3AJ24d.s:161    .rodata:0000000000000088 cinfo_path0
                            *COM*:0000000000000038 cinfo_vars
     /tmp/cc3AJ24d.s:165    .text:0000000000000000 $t
     /tmp/cc3AJ24d.s:170    .text:0000000000000000 cinfo_init
     /tmp/cc3AJ24d.s:237    .text:0000000000000050 $d
     /tmp/cc3AJ24d.s:249    .text:0000000000000060 cinfo_receive
     /tmp/cc3AJ24d.s:429    .text:0000000000000178 cinfo_sendDone
     /tmp/cc3AJ24d.s:244    .text:0000000000000060 $t
     /tmp/cc3AJ24d.s:417    .text:0000000000000168 $d
     /tmp/cc3AJ24d.s:424    .text:0000000000000178 $t
                     .debug_frame:0000000000000010 $d
                           .group:0000000000000000 wm4.0.8e445c0106ab795ab4704214cba6f089
                           .group:0000000000000000 wm4._newlib_version.h.4.ad342815780c8db09778091a421b5b5b
                           .group:0000000000000000 wm4.features.h.33.d97f2d646536517df901beeb5b9993f5
                           .group:0000000000000000 wm4._default_types.h.15.933e8edd27a65e0b69af4a865eb623d2
                           .group:0000000000000000 wm4._intsup.h.10.b82bf99f69d6a5c085fc866de0d3eb9b
                           .group:0000000000000000 wm4._stdint.h.10.7a5f60e6741af4a5594a3867d347e1f9
                           .group:0000000000000000 wm4.stdint.h.23.373a9d32a9e4c2e88fd347156532d281
                           .group:0000000000000000 wm4.toolchain_defs.h.2.e5fd326231d01413e5361944b26cde07
                           .group:0000000000000000 wm4.newlib.h.8.36dd0417407b0a085bc04c49cc2ed13a
                           .group:0000000000000000 wm4.config.h.219.65a553ab5bef5482f0d7880b0d33015e
                           .group:0000000000000000 wm4._ansi.h.23.9f8fcfa20193763fcf364fb91705c94b
                           .group:0000000000000000 wm4.stddef.h.39.a38874c8f8a57e66301090908ec2a69f
                           .group:0000000000000000 wm4.lock.h.2.9bc98482741e5e2a9450b12934a684ea
                           .group:0000000000000000 wm4._types.h.125.5cf8a495f1f7ef36777ad868a1e32068
                           .group:0000000000000000 wm4.stddef.h.161.5349cb105733e8777bfb0cf53c4e3f34
                           .group:0000000000000000 wm4._types.h.183.c226d164ceca1f2ecb9ae9360c54a098
                           .group:0000000000000000 wm4.reent.h.17.850ac0a908956e5fb788be1b80de2f32
                           .group:0000000000000000 wm4.cdefs.h.47.ba62642086d429b4f95c2381cae1c0aa
                           .group:0000000000000000 wm4.string.h.15.dab3980bf35408a4c507182805e2de3a
                           .group:0000000000000000 wm4.stddef.h.161.19e15733342b50ead2919490b095303e
                           .group:0000000000000000 wm4.stdbool.h.29.07dce69c3b78884144b7f7bd19483461
                           .group:0000000000000000 wm4.hw_types.h.67.b10589a0806dcc2d274d6fab6b736519
                           .group:0000000000000000 wm4.interrupt.h.41.272fc4ec0e276feb439e7974d0f77eaf
                           .group:0000000000000000 wm4.board_info.h.22.1291259c351bc018e4d4402148b3c6db
                           .group:0000000000000000 wm4.opendefs.h.23.47191652995b7fa35f12da40c3552cda
                           .group:0000000000000000 wm4.opentimers.h.8.4ddb88466c5d61beaa6758270059ffcf
                           .group:0000000000000000 wm4.opencoap.h.32.4fd89a1f25836020968932a0f7dffe46
                           .group:0000000000000000 wm4.IEEE802154.h.2.38fb510ed33a23a9a0660164e6dfab69
                           .group:0000000000000000 wm4.openserial.h.9.e4d628a9d51214e15d3007d4c3811df6
                           .group:0000000000000000 wm4.idmanager.h.2.8c0e2159b32ef3125cbb1e984805cbfe

UNDEFINED SYMBOLS
idmanager_getIsDAGroot
opencoap_register
leds_debug_toggle
packetfunctions_reserveHeaderSize
memcpy
openqueue_freePacketBuffer
