   1              		.syntax unified
   2              		.cpu cortex-m3
   3              		.fpu softvfp
   4              		.eabi_attribute 20, 1
   5              		.eabi_attribute 21, 1
   6              		.eabi_attribute 23, 3
   7              		.eabi_attribute 24, 1
   8              		.eabi_attribute 25, 1
   9              		.eabi_attribute 26, 1
  10              		.eabi_attribute 30, 6
  11              		.eabi_attribute 34, 1
  12              		.eabi_attribute 18, 4
  13              		.thumb
  14              		.syntax unified
  15              		.file	"adxl346.c"
  16              		.text
  17              	.Ltext0:
  18              		.cfi_sections	.debug_frame
  19              		.align	2
  20              		.global	adxl346_init
  21              		.thumb
  22              		.thumb_func
  24              	adxl346_init:
  25              	.LFB0:
  26              		.file 1 "build/openmote-cc2538_armgcc/bsp/boards/openmote-cc2538/adxl346/adxl346.c"
   1:build/openmote-cc2538_armgcc/bsp/boards/openmote-cc2538/adxl346/adxl346.c **** /**
   2:build/openmote-cc2538_armgcc/bsp/boards/openmote-cc2538/adxl346/adxl346.c ****  * \file
   3:build/openmote-cc2538_armgcc/bsp/boards/openmote-cc2538/adxl346/adxl346.c ****  *         Device drivers for ADXL346 acceleration sensor in OpenMote-CC2538.
   4:build/openmote-cc2538_armgcc/bsp/boards/openmote-cc2538/adxl346/adxl346.c ****  * \author
   5:build/openmote-cc2538_armgcc/bsp/boards/openmote-cc2538/adxl346/adxl346.c ****  *         Pere Tuset, OpenMote <peretuset@openmote.com>
   6:build/openmote-cc2538_armgcc/bsp/boards/openmote-cc2538/adxl346/adxl346.c ****  */
   7:build/openmote-cc2538_armgcc/bsp/boards/openmote-cc2538/adxl346/adxl346.c **** 
   8:build/openmote-cc2538_armgcc/bsp/boards/openmote-cc2538/adxl346/adxl346.c **** #include "i2c.h"
   9:build/openmote-cc2538_armgcc/bsp/boards/openmote-cc2538/adxl346/adxl346.c **** #include "adxl346.h"
  10:build/openmote-cc2538_armgcc/bsp/boards/openmote-cc2538/adxl346/adxl346.c **** 
  11:build/openmote-cc2538_armgcc/bsp/boards/openmote-cc2538/adxl346/adxl346.c **** //=========================== define ==========================================
  12:build/openmote-cc2538_armgcc/bsp/boards/openmote-cc2538/adxl346/adxl346.c **** 
  13:build/openmote-cc2538_armgcc/bsp/boards/openmote-cc2538/adxl346/adxl346.c **** /* ADDRESS AND IDENTIFIER */
  14:build/openmote-cc2538_armgcc/bsp/boards/openmote-cc2538/adxl346/adxl346.c **** #define ADXL346_ADDRESS                     ( 0x53 )
  15:build/openmote-cc2538_armgcc/bsp/boards/openmote-cc2538/adxl346/adxl346.c **** #define ADXL346_DEVID_VALUE                 ( 0xE6 )
  16:build/openmote-cc2538_armgcc/bsp/boards/openmote-cc2538/adxl346/adxl346.c **** 
  17:build/openmote-cc2538_armgcc/bsp/boards/openmote-cc2538/adxl346/adxl346.c **** /* REGISTER ADDRESSES */
  18:build/openmote-cc2538_armgcc/bsp/boards/openmote-cc2538/adxl346/adxl346.c **** #define ADXL346_DEVID_ADDR                  ( 0x00 )
  19:build/openmote-cc2538_armgcc/bsp/boards/openmote-cc2538/adxl346/adxl346.c **** #define ADXL346_THRES_TAP_ADDR              ( 0x1D )
  20:build/openmote-cc2538_armgcc/bsp/boards/openmote-cc2538/adxl346/adxl346.c **** #define ADXL346_OFSX_ADDR                   ( 0x1E )
  21:build/openmote-cc2538_armgcc/bsp/boards/openmote-cc2538/adxl346/adxl346.c **** #define ADXL346_OFSY_ADDR                   ( 0x1F )
  22:build/openmote-cc2538_armgcc/bsp/boards/openmote-cc2538/adxl346/adxl346.c **** #define ADXL346_OFSZ_ADDR                   ( 0x20 )
  23:build/openmote-cc2538_armgcc/bsp/boards/openmote-cc2538/adxl346/adxl346.c **** #define ADXL346_DUR_ADDR                    ( 0x21 )
  24:build/openmote-cc2538_armgcc/bsp/boards/openmote-cc2538/adxl346/adxl346.c **** #define ADXL346_LATENT_ADDR                 ( 0x22 )
  25:build/openmote-cc2538_armgcc/bsp/boards/openmote-cc2538/adxl346/adxl346.c **** #define ADXL346_WINDOW_ADDR                 ( 0x23 )
  26:build/openmote-cc2538_armgcc/bsp/boards/openmote-cc2538/adxl346/adxl346.c **** #define ADXL346_THRESH_ACT_ADDR             ( 0x24 )
  27:build/openmote-cc2538_armgcc/bsp/boards/openmote-cc2538/adxl346/adxl346.c **** #define ADXL346_THRESH_INACT_ADDR           ( 0x25 )
  28:build/openmote-cc2538_armgcc/bsp/boards/openmote-cc2538/adxl346/adxl346.c **** #define ADXL346_TIME_INACT_ADDR             ( 0x26 )
  29:build/openmote-cc2538_armgcc/bsp/boards/openmote-cc2538/adxl346/adxl346.c **** #define ADXL346_ACT_INACT_CTL_ADDR          ( 0x27 )
  30:build/openmote-cc2538_armgcc/bsp/boards/openmote-cc2538/adxl346/adxl346.c **** #define ADXL346_THRESH_FF_ADDR              ( 0x28 )
  31:build/openmote-cc2538_armgcc/bsp/boards/openmote-cc2538/adxl346/adxl346.c **** #define ADXL346_TIME_FF_ADDR                ( 0x29 )
  32:build/openmote-cc2538_armgcc/bsp/boards/openmote-cc2538/adxl346/adxl346.c **** #define ADXL346_TAP_AXES_ADDR               ( 0x2A )
  33:build/openmote-cc2538_armgcc/bsp/boards/openmote-cc2538/adxl346/adxl346.c **** #define ADXL346_ACT_TAP_STATUS_ADDR         ( 0x2B )
  34:build/openmote-cc2538_armgcc/bsp/boards/openmote-cc2538/adxl346/adxl346.c **** #define ADXL346_BW_RATE_ADDR                ( 0x2C )
  35:build/openmote-cc2538_armgcc/bsp/boards/openmote-cc2538/adxl346/adxl346.c **** #define ADXL346_POWER_CTL_ADDR              ( 0x2D )
  36:build/openmote-cc2538_armgcc/bsp/boards/openmote-cc2538/adxl346/adxl346.c **** #define ADXL346_INT_ENABLE_ADDR             ( 0x2E )
  37:build/openmote-cc2538_armgcc/bsp/boards/openmote-cc2538/adxl346/adxl346.c **** #define ADXL346_INT_MAP_ADDR                ( 0x2F )
  38:build/openmote-cc2538_armgcc/bsp/boards/openmote-cc2538/adxl346/adxl346.c **** #define ADXL346_INT_SOURCE_ADDR             ( 0x30 )
  39:build/openmote-cc2538_armgcc/bsp/boards/openmote-cc2538/adxl346/adxl346.c **** #define ADXL346_DATA_FORMAT_ADDR            ( 0x31 )
  40:build/openmote-cc2538_armgcc/bsp/boards/openmote-cc2538/adxl346/adxl346.c **** #define ADXL346_DATAX0_ADDR                 ( 0x32 )
  41:build/openmote-cc2538_armgcc/bsp/boards/openmote-cc2538/adxl346/adxl346.c **** #define ADXL346_DATAX1_ADDR                 ( 0x33 )
  42:build/openmote-cc2538_armgcc/bsp/boards/openmote-cc2538/adxl346/adxl346.c **** #define ADXL346_DATAY0_ADDR                 ( 0x34 )
  43:build/openmote-cc2538_armgcc/bsp/boards/openmote-cc2538/adxl346/adxl346.c **** #define ADXL346_DATAY1_ADDR                 ( 0x35 )
  44:build/openmote-cc2538_armgcc/bsp/boards/openmote-cc2538/adxl346/adxl346.c **** #define ADXL346_DATAZ0_ADDR                 ( 0x36 )
  45:build/openmote-cc2538_armgcc/bsp/boards/openmote-cc2538/adxl346/adxl346.c **** #define ADXL346_DATAZ1_ADDR                 ( 0x37 )
  46:build/openmote-cc2538_armgcc/bsp/boards/openmote-cc2538/adxl346/adxl346.c **** #define ADXL346_FIFO_CTL_ADDR               ( 0x38 )
  47:build/openmote-cc2538_armgcc/bsp/boards/openmote-cc2538/adxl346/adxl346.c **** #define ADXL346_FIFO_STATUS_ADDR            ( 0x39 )
  48:build/openmote-cc2538_armgcc/bsp/boards/openmote-cc2538/adxl346/adxl346.c **** #define ADXL346_TAP_SIGN_ADDR               ( 0x3A )
  49:build/openmote-cc2538_armgcc/bsp/boards/openmote-cc2538/adxl346/adxl346.c **** #define ADXL346_ORIENT_CONF_ADDR            ( 0x3B )
  50:build/openmote-cc2538_armgcc/bsp/boards/openmote-cc2538/adxl346/adxl346.c **** #define ADXL346_ORIENT_ADDR                 ( 0x3C )
  51:build/openmote-cc2538_armgcc/bsp/boards/openmote-cc2538/adxl346/adxl346.c **** 
  52:build/openmote-cc2538_armgcc/bsp/boards/openmote-cc2538/adxl346/adxl346.c **** /* INT_ENABLE/INT_MAP/INT_SOURCE */
  53:build/openmote-cc2538_armgcc/bsp/boards/openmote-cc2538/adxl346/adxl346.c **** #define ADXL346_INT_ENABLE_DATA_READY      ( 1 << 7 )
  54:build/openmote-cc2538_armgcc/bsp/boards/openmote-cc2538/adxl346/adxl346.c **** #define ADXL346_INT_ENABLE_SINGLE_TAP      ( 1 << 6 )
  55:build/openmote-cc2538_armgcc/bsp/boards/openmote-cc2538/adxl346/adxl346.c **** #define ADXL346_INT_ENABLE_DOUBLE_TAP      ( 1 << 5 )
  56:build/openmote-cc2538_armgcc/bsp/boards/openmote-cc2538/adxl346/adxl346.c **** #define ADXL346_INT_ENABLE_ACTIVITY        ( 1 << 4 )
  57:build/openmote-cc2538_armgcc/bsp/boards/openmote-cc2538/adxl346/adxl346.c **** #define ADXL346_INT_ENABLE_INACTIVITY      ( 1 << 3 )
  58:build/openmote-cc2538_armgcc/bsp/boards/openmote-cc2538/adxl346/adxl346.c **** #define ADXL346_INT_ENABLE_FREE_FALL       ( 1 << 2 )
  59:build/openmote-cc2538_armgcc/bsp/boards/openmote-cc2538/adxl346/adxl346.c **** #define ADXL346_INT_ENABLE_WATERMARK       ( 1 << 1 )
  60:build/openmote-cc2538_armgcc/bsp/boards/openmote-cc2538/adxl346/adxl346.c **** #define ADXL346_INT_ENABLE_OVERRUN         ( 1 << 0 )
  61:build/openmote-cc2538_armgcc/bsp/boards/openmote-cc2538/adxl346/adxl346.c **** 
  62:build/openmote-cc2538_armgcc/bsp/boards/openmote-cc2538/adxl346/adxl346.c **** /* ACT_INACT_CONTROL */
  63:build/openmote-cc2538_armgcc/bsp/boards/openmote-cc2538/adxl346/adxl346.c **** #define ADXL346_ACT_INACT_CTL_ACT_ACDC     ( 1 << 7 )
  64:build/openmote-cc2538_armgcc/bsp/boards/openmote-cc2538/adxl346/adxl346.c **** #define ADXL346_ACT_INACT_CTL_ACT_X_EN     ( 1 << 6 )
  65:build/openmote-cc2538_armgcc/bsp/boards/openmote-cc2538/adxl346/adxl346.c **** #define ADXL346_ACT_INACT_CTL_ACT_Y_EN     ( 1 << 5 )
  66:build/openmote-cc2538_armgcc/bsp/boards/openmote-cc2538/adxl346/adxl346.c **** #define ADXL346_ACT_INACT_CTL_ACT_Z_EN     ( 1 << 4 )
  67:build/openmote-cc2538_armgcc/bsp/boards/openmote-cc2538/adxl346/adxl346.c **** #define ADXL346_ACT_INACT_CTL_INACT_ACDC   ( 1 << 3 )
  68:build/openmote-cc2538_armgcc/bsp/boards/openmote-cc2538/adxl346/adxl346.c **** #define ADXL346_ACT_INACT_CTL_INACT_X_EN   ( 1 << 2 )
  69:build/openmote-cc2538_armgcc/bsp/boards/openmote-cc2538/adxl346/adxl346.c **** #define ADXL346_ACT_INACT_CTL_INACT_Y_EN   ( 1 << 1 )
  70:build/openmote-cc2538_armgcc/bsp/boards/openmote-cc2538/adxl346/adxl346.c **** #define ADXL346_ACT_INACT_CTL_INACT_Z_EN   ( 1 << 0 )
  71:build/openmote-cc2538_armgcc/bsp/boards/openmote-cc2538/adxl346/adxl346.c **** 
  72:build/openmote-cc2538_armgcc/bsp/boards/openmote-cc2538/adxl346/adxl346.c **** /* TAP_AXES */
  73:build/openmote-cc2538_armgcc/bsp/boards/openmote-cc2538/adxl346/adxl346.c **** #define ADXL346_TAP_AXES_SUPPRESS           ( 1 << 3 )
  74:build/openmote-cc2538_armgcc/bsp/boards/openmote-cc2538/adxl346/adxl346.c **** #define ADXL346_TAP_AXES_TAP_X_EN           ( 1 << 2 )
  75:build/openmote-cc2538_armgcc/bsp/boards/openmote-cc2538/adxl346/adxl346.c **** #define ADXL346_TAP_AXES_TAP_Y_EN           ( 1 << 1 )
  76:build/openmote-cc2538_armgcc/bsp/boards/openmote-cc2538/adxl346/adxl346.c **** #define ADXL346_TAP_AXES_TAP_Z_EN           ( 1 << 0 )
  77:build/openmote-cc2538_armgcc/bsp/boards/openmote-cc2538/adxl346/adxl346.c **** 
  78:build/openmote-cc2538_armgcc/bsp/boards/openmote-cc2538/adxl346/adxl346.c **** /* ACT_TAP_STATUS */
  79:build/openmote-cc2538_armgcc/bsp/boards/openmote-cc2538/adxl346/adxl346.c **** #define ADXL346_ACT_TAP_STATUS_ACT_X_SRC    ( 1 << 6 )
  80:build/openmote-cc2538_armgcc/bsp/boards/openmote-cc2538/adxl346/adxl346.c **** #define ADXL346_ACT_TAP_STATUS_ACT_Y_SRC    ( 1 << 5 )
  81:build/openmote-cc2538_armgcc/bsp/boards/openmote-cc2538/adxl346/adxl346.c **** #define ADXL346_ACT_TAP_STATUS_ACT_Z_SRC    ( 1 << 4 )
  82:build/openmote-cc2538_armgcc/bsp/boards/openmote-cc2538/adxl346/adxl346.c **** #define ADXL346_ACT_TAP_STATUS_ASLEEP       ( 1 << 3 )
  83:build/openmote-cc2538_armgcc/bsp/boards/openmote-cc2538/adxl346/adxl346.c **** #define ADXL346_ACT_TAP_STATUS_TAP_X_SRC    ( 1 << 2 )
  84:build/openmote-cc2538_armgcc/bsp/boards/openmote-cc2538/adxl346/adxl346.c **** #define ADXL346_ACT_TAP_STATUS_TAP_Y_SRC    ( 1 << 1 )
  85:build/openmote-cc2538_armgcc/bsp/boards/openmote-cc2538/adxl346/adxl346.c **** #define ADXL346_ACT_TAP_STATUS_TAP_Z_SRC    ( 1 << 0 )
  86:build/openmote-cc2538_armgcc/bsp/boards/openmote-cc2538/adxl346/adxl346.c **** 
  87:build/openmote-cc2538_armgcc/bsp/boards/openmote-cc2538/adxl346/adxl346.c **** /* BW_RATE */
  88:build/openmote-cc2538_armgcc/bsp/boards/openmote-cc2538/adxl346/adxl346.c **** #define ADXL346_BW_RATE_POWER               ( 1 << 4 )
  89:build/openmote-cc2538_armgcc/bsp/boards/openmote-cc2538/adxl346/adxl346.c **** #define ADXL346_BW_RATE_RATE(x)             ( (x) & 0x0F)
  90:build/openmote-cc2538_armgcc/bsp/boards/openmote-cc2538/adxl346/adxl346.c **** 
  91:build/openmote-cc2538_armgcc/bsp/boards/openmote-cc2538/adxl346/adxl346.c **** /* POWER CONTROL */
  92:build/openmote-cc2538_armgcc/bsp/boards/openmote-cc2538/adxl346/adxl346.c **** #define ADXL346_POWER_CTL_LINK              ( 1 << 5 )
  93:build/openmote-cc2538_armgcc/bsp/boards/openmote-cc2538/adxl346/adxl346.c **** #define ADXL346_POWER_CTL_AUTO_SLEEP        ( 1 << 4 )
  94:build/openmote-cc2538_armgcc/bsp/boards/openmote-cc2538/adxl346/adxl346.c **** #define ADXL346_POWER_CTL_MEASURE           ( 1 << 3 )
  95:build/openmote-cc2538_armgcc/bsp/boards/openmote-cc2538/adxl346/adxl346.c **** #define ADXL346_POWER_CTL_SLEEP             ( 1 << 2 )
  96:build/openmote-cc2538_armgcc/bsp/boards/openmote-cc2538/adxl346/adxl346.c **** #define ADXL346_POWER_CTL_WAKEUP(x)         ( (x) & 0x03 )
  97:build/openmote-cc2538_armgcc/bsp/boards/openmote-cc2538/adxl346/adxl346.c **** 
  98:build/openmote-cc2538_armgcc/bsp/boards/openmote-cc2538/adxl346/adxl346.c **** /* DATA_FORMAT */
  99:build/openmote-cc2538_armgcc/bsp/boards/openmote-cc2538/adxl346/adxl346.c **** #define ADXL346_DATA_FORMAT_SELF_TEST       ( 1 << 7 )
 100:build/openmote-cc2538_armgcc/bsp/boards/openmote-cc2538/adxl346/adxl346.c **** #define ADXL346_DATA_FORMAT_SPI             ( 1 << 6 )
 101:build/openmote-cc2538_armgcc/bsp/boards/openmote-cc2538/adxl346/adxl346.c **** #define ADXL346_DATA_FORMAT_INT_INVERT      ( 1 << 5 )
 102:build/openmote-cc2538_armgcc/bsp/boards/openmote-cc2538/adxl346/adxl346.c **** #define ADXL346_DATA_FORMAT_FULL_RES        ( 1 << 3 )
 103:build/openmote-cc2538_armgcc/bsp/boards/openmote-cc2538/adxl346/adxl346.c **** #define ADXL346_DATA_FORMAT_JUSTIFY         ( 1 << 2 )
 104:build/openmote-cc2538_armgcc/bsp/boards/openmote-cc2538/adxl346/adxl346.c **** #define ADXL346_DATA_FORMAT_RANGE(x)        ( (x) & 0x03 )
 105:build/openmote-cc2538_armgcc/bsp/boards/openmote-cc2538/adxl346/adxl346.c **** #define ADXL346_DATA_FORMAT_RANGE_PM_2g     ( 0 )
 106:build/openmote-cc2538_armgcc/bsp/boards/openmote-cc2538/adxl346/adxl346.c **** #define ADXL346_DATA_FORMAT_RANGE_PM_4g     ( 1 )
 107:build/openmote-cc2538_armgcc/bsp/boards/openmote-cc2538/adxl346/adxl346.c **** #define ADXL346_DATA_FORMAT_RANGE_PM_8g     ( 2 )
 108:build/openmote-cc2538_armgcc/bsp/boards/openmote-cc2538/adxl346/adxl346.c **** #define ADXL346_DATA_FORMAT_RANGE_PM_16g    ( 3 )
 109:build/openmote-cc2538_armgcc/bsp/boards/openmote-cc2538/adxl346/adxl346.c **** 
 110:build/openmote-cc2538_armgcc/bsp/boards/openmote-cc2538/adxl346/adxl346.c **** //=========================== variables =======================================
 111:build/openmote-cc2538_armgcc/bsp/boards/openmote-cc2538/adxl346/adxl346.c **** 
 112:build/openmote-cc2538_armgcc/bsp/boards/openmote-cc2538/adxl346/adxl346.c **** 
 113:build/openmote-cc2538_armgcc/bsp/boards/openmote-cc2538/adxl346/adxl346.c **** //=========================== prototypes ======================================
 114:build/openmote-cc2538_armgcc/bsp/boards/openmote-cc2538/adxl346/adxl346.c **** 
 115:build/openmote-cc2538_armgcc/bsp/boards/openmote-cc2538/adxl346/adxl346.c **** 
 116:build/openmote-cc2538_armgcc/bsp/boards/openmote-cc2538/adxl346/adxl346.c **** //=========================== public ==========================================
 117:build/openmote-cc2538_armgcc/bsp/boards/openmote-cc2538/adxl346/adxl346.c **** 
 118:build/openmote-cc2538_armgcc/bsp/boards/openmote-cc2538/adxl346/adxl346.c **** void adxl346_init(void) {
  27              		.loc 1 118 0
  28              		.cfi_startproc
  29              		@ args = 0, pretend = 0, frame = 8
  30              		@ frame_needed = 1, uses_anonymous_args = 0
  31 0000 80B5     		push	{r7, lr}
  32              		.cfi_def_cfa_offset 8
  33              		.cfi_offset 7, -8
  34              		.cfi_offset 14, -4
  35 0002 82B0     		sub	sp, sp, #8
  36              		.cfi_def_cfa_offset 16
  37 0004 00AF     		add	r7, sp, #0
  38              		.cfi_def_cfa_register 7
 119:build/openmote-cc2538_armgcc/bsp/boards/openmote-cc2538/adxl346/adxl346.c ****     uint8_t config[2];
 120:build/openmote-cc2538_armgcc/bsp/boards/openmote-cc2538/adxl346/adxl346.c **** 
 121:build/openmote-cc2538_armgcc/bsp/boards/openmote-cc2538/adxl346/adxl346.c ****     config[0] = ADXL346_BW_RATE_ADDR;
  39              		.loc 1 121 0
  40 0006 2C23     		movs	r3, #44
  41 0008 3B71     		strb	r3, [r7, #4]
 122:build/openmote-cc2538_armgcc/bsp/boards/openmote-cc2538/adxl346/adxl346.c ****     config[1] = (ADXL346_BW_RATE_RATE(11));
  42              		.loc 1 122 0
  43 000a 0B23     		movs	r3, #11
  44 000c 7B71     		strb	r3, [r7, #5]
 123:build/openmote-cc2538_armgcc/bsp/boards/openmote-cc2538/adxl346/adxl346.c ****     i2c_write_bytes(ADXL346_ADDRESS, config, sizeof(config));
  45              		.loc 1 123 0
  46 000e 3B1D     		adds	r3, r7, #4
  47 0010 0222     		movs	r2, #2
  48 0012 1946     		mov	r1, r3
  49 0014 5320     		movs	r0, #83
  50 0016 FFF7FEFF 		bl	i2c_write_bytes
 124:build/openmote-cc2538_armgcc/bsp/boards/openmote-cc2538/adxl346/adxl346.c **** 
 125:build/openmote-cc2538_armgcc/bsp/boards/openmote-cc2538/adxl346/adxl346.c ****     config[0] = ADXL346_DATA_FORMAT_ADDR;
  51              		.loc 1 125 0
  52 001a 3123     		movs	r3, #49
  53 001c 3B71     		strb	r3, [r7, #4]
 126:build/openmote-cc2538_armgcc/bsp/boards/openmote-cc2538/adxl346/adxl346.c ****     config[1] = (ADXL346_DATA_FORMAT_FULL_RES |
  54              		.loc 1 126 0
  55 001e 0B23     		movs	r3, #11
  56 0020 7B71     		strb	r3, [r7, #5]
 127:build/openmote-cc2538_armgcc/bsp/boards/openmote-cc2538/adxl346/adxl346.c ****                  ADXL346_DATA_FORMAT_RANGE_PM_16g);
 128:build/openmote-cc2538_armgcc/bsp/boards/openmote-cc2538/adxl346/adxl346.c ****     i2c_write_bytes(ADXL346_ADDRESS, config, sizeof(config));
  57              		.loc 1 128 0
  58 0022 3B1D     		adds	r3, r7, #4
  59 0024 0222     		movs	r2, #2
  60 0026 1946     		mov	r1, r3
  61 0028 5320     		movs	r0, #83
  62 002a FFF7FEFF 		bl	i2c_write_bytes
 129:build/openmote-cc2538_armgcc/bsp/boards/openmote-cc2538/adxl346/adxl346.c **** 
 130:build/openmote-cc2538_armgcc/bsp/boards/openmote-cc2538/adxl346/adxl346.c ****     config[0] = ADXL346_POWER_CTL_ADDR;
  63              		.loc 1 130 0
  64 002e 2D23     		movs	r3, #45
  65 0030 3B71     		strb	r3, [r7, #4]
 131:build/openmote-cc2538_armgcc/bsp/boards/openmote-cc2538/adxl346/adxl346.c ****     config[1] = ADXL346_POWER_CTL_MEASURE;
  66              		.loc 1 131 0
  67 0032 0823     		movs	r3, #8
  68 0034 7B71     		strb	r3, [r7, #5]
 132:build/openmote-cc2538_armgcc/bsp/boards/openmote-cc2538/adxl346/adxl346.c ****     i2c_write_bytes(ADXL346_ADDRESS, config, sizeof(config));
  69              		.loc 1 132 0
  70 0036 3B1D     		adds	r3, r7, #4
  71 0038 0222     		movs	r2, #2
  72 003a 1946     		mov	r1, r3
  73 003c 5320     		movs	r0, #83
  74 003e FFF7FEFF 		bl	i2c_write_bytes
 133:build/openmote-cc2538_armgcc/bsp/boards/openmote-cc2538/adxl346/adxl346.c **** }
  75              		.loc 1 133 0
  76 0042 00BF     		nop
  77 0044 0837     		adds	r7, r7, #8
  78              		.cfi_def_cfa_offset 8
  79 0046 BD46     		mov	sp, r7
  80              		.cfi_def_cfa_register 13
  81              		@ sp needed
  82 0048 80BD     		pop	{r7, pc}
  83              		.cfi_endproc
  84              	.LFE0:
  86 004a 00BF     		.align	2
  87              		.global	adxl346_reset
  88              		.thumb
  89              		.thumb_func
  91              	adxl346_reset:
  92              	.LFB1:
 134:build/openmote-cc2538_armgcc/bsp/boards/openmote-cc2538/adxl346/adxl346.c **** 
 135:build/openmote-cc2538_armgcc/bsp/boards/openmote-cc2538/adxl346/adxl346.c **** void adxl346_reset(void) {
  93              		.loc 1 135 0
  94              		.cfi_startproc
  95              		@ args = 0, pretend = 0, frame = 0
  96              		@ frame_needed = 1, uses_anonymous_args = 0
  97              		@ link register save eliminated.
  98 004c 80B4     		push	{r7}
  99              		.cfi_def_cfa_offset 4
 100              		.cfi_offset 7, -4
 101 004e 00AF     		add	r7, sp, #0
 102              		.cfi_def_cfa_register 7
 136:build/openmote-cc2538_armgcc/bsp/boards/openmote-cc2538/adxl346/adxl346.c **** }
 103              		.loc 1 136 0
 104 0050 00BF     		nop
 105 0052 BD46     		mov	sp, r7
 106              		.cfi_def_cfa_register 13
 107              		@ sp needed
 108 0054 80BC     		pop	{r7}
 109              		.cfi_restore 7
 110              		.cfi_def_cfa_offset 0
 111 0056 7047     		bx	lr
 112              		.cfi_endproc
 113              	.LFE1:
 115              		.align	2
 116              		.global	adxl346_is_present
 117              		.thumb
 118              		.thumb_func
 120              	adxl346_is_present:
 121              	.LFB2:
 137:build/openmote-cc2538_armgcc/bsp/boards/openmote-cc2538/adxl346/adxl346.c **** 
 138:build/openmote-cc2538_armgcc/bsp/boards/openmote-cc2538/adxl346/adxl346.c **** uint8_t adxl346_is_present(void) {
 122              		.loc 1 138 0
 123              		.cfi_startproc
 124              		@ args = 0, pretend = 0, frame = 8
 125              		@ frame_needed = 1, uses_anonymous_args = 0
 126 0058 80B5     		push	{r7, lr}
 127              		.cfi_def_cfa_offset 8
 128              		.cfi_offset 7, -8
 129              		.cfi_offset 14, -4
 130 005a 82B0     		sub	sp, sp, #8
 131              		.cfi_def_cfa_offset 16
 132 005c 00AF     		add	r7, sp, #0
 133              		.cfi_def_cfa_register 7
 139:build/openmote-cc2538_armgcc/bsp/boards/openmote-cc2538/adxl346/adxl346.c ****     uint8_t is_present;
 140:build/openmote-cc2538_armgcc/bsp/boards/openmote-cc2538/adxl346/adxl346.c **** 
 141:build/openmote-cc2538_armgcc/bsp/boards/openmote-cc2538/adxl346/adxl346.c ****     i2c_write_byte(ADXL346_ADDRESS, ADXL346_DEVID_ADDR);
 134              		.loc 1 141 0
 135 005e 0021     		movs	r1, #0
 136 0060 5320     		movs	r0, #83
 137 0062 FFF7FEFF 		bl	i2c_write_byte
 142:build/openmote-cc2538_armgcc/bsp/boards/openmote-cc2538/adxl346/adxl346.c ****     i2c_read_byte(ADXL346_ADDRESS, &is_present);
 138              		.loc 1 142 0
 139 0066 FB1D     		adds	r3, r7, #7
 140 0068 1946     		mov	r1, r3
 141 006a 5320     		movs	r0, #83
 142 006c FFF7FEFF 		bl	i2c_read_byte
 143:build/openmote-cc2538_armgcc/bsp/boards/openmote-cc2538/adxl346/adxl346.c **** 
 144:build/openmote-cc2538_armgcc/bsp/boards/openmote-cc2538/adxl346/adxl346.c ****     return (is_present == ADXL346_DEVID_VALUE);
 143              		.loc 1 144 0
 144 0070 FB79     		ldrb	r3, [r7, #7]	@ zero_extendqisi2
 145 0072 E62B     		cmp	r3, #230
 146 0074 0CBF     		ite	eq
 147 0076 0123     		moveq	r3, #1
 148 0078 0023     		movne	r3, #0
 149 007a DBB2     		uxtb	r3, r3
 145:build/openmote-cc2538_armgcc/bsp/boards/openmote-cc2538/adxl346/adxl346.c **** }
 150              		.loc 1 145 0
 151 007c 1846     		mov	r0, r3
 152 007e 0837     		adds	r7, r7, #8
 153              		.cfi_def_cfa_offset 8
 154 0080 BD46     		mov	sp, r7
 155              		.cfi_def_cfa_register 13
 156              		@ sp needed
 157 0082 80BD     		pop	{r7, pc}
 158              		.cfi_endproc
 159              	.LFE2:
 161              		.align	2
 162              		.global	adxl346_read_x
 163              		.thumb
 164              		.thumb_func
 166              	adxl346_read_x:
 167              	.LFB3:
 146:build/openmote-cc2538_armgcc/bsp/boards/openmote-cc2538/adxl346/adxl346.c **** 
 147:build/openmote-cc2538_armgcc/bsp/boards/openmote-cc2538/adxl346/adxl346.c **** int16_t adxl346_read_x(void) {
 168              		.loc 1 147 0
 169              		.cfi_startproc
 170              		@ args = 0, pretend = 0, frame = 8
 171              		@ frame_needed = 1, uses_anonymous_args = 0
 172 0084 80B5     		push	{r7, lr}
 173              		.cfi_def_cfa_offset 8
 174              		.cfi_offset 7, -8
 175              		.cfi_offset 14, -4
 176 0086 82B0     		sub	sp, sp, #8
 177              		.cfi_def_cfa_offset 16
 178 0088 00AF     		add	r7, sp, #0
 179              		.cfi_def_cfa_register 7
 148:build/openmote-cc2538_armgcc/bsp/boards/openmote-cc2538/adxl346/adxl346.c ****     uint8_t acceleration[2];
 149:build/openmote-cc2538_armgcc/bsp/boards/openmote-cc2538/adxl346/adxl346.c ****     int16_t x;
 150:build/openmote-cc2538_armgcc/bsp/boards/openmote-cc2538/adxl346/adxl346.c **** 
 151:build/openmote-cc2538_armgcc/bsp/boards/openmote-cc2538/adxl346/adxl346.c ****     i2c_write_byte(ADXL346_ADDRESS, ADXL346_DATAX0_ADDR);
 180              		.loc 1 151 0
 181 008a 3221     		movs	r1, #50
 182 008c 5320     		movs	r0, #83
 183 008e FFF7FEFF 		bl	i2c_write_byte
 152:build/openmote-cc2538_armgcc/bsp/boards/openmote-cc2538/adxl346/adxl346.c ****     i2c_read_byte(ADXL346_ADDRESS, &acceleration[0]);
 184              		.loc 1 152 0
 185 0092 3B1D     		adds	r3, r7, #4
 186 0094 1946     		mov	r1, r3
 187 0096 5320     		movs	r0, #83
 188 0098 FFF7FEFF 		bl	i2c_read_byte
 153:build/openmote-cc2538_armgcc/bsp/boards/openmote-cc2538/adxl346/adxl346.c ****     i2c_write_byte(ADXL346_ADDRESS, ADXL346_DATAX1_ADDR);
 189              		.loc 1 153 0
 190 009c 3321     		movs	r1, #51
 191 009e 5320     		movs	r0, #83
 192 00a0 FFF7FEFF 		bl	i2c_write_byte
 154:build/openmote-cc2538_armgcc/bsp/boards/openmote-cc2538/adxl346/adxl346.c ****     i2c_read_byte(ADXL346_ADDRESS, &acceleration[1]);
 193              		.loc 1 154 0
 194 00a4 3B1D     		adds	r3, r7, #4
 195 00a6 0133     		adds	r3, r3, #1
 196 00a8 1946     		mov	r1, r3
 197 00aa 5320     		movs	r0, #83
 198 00ac FFF7FEFF 		bl	i2c_read_byte
 155:build/openmote-cc2538_armgcc/bsp/boards/openmote-cc2538/adxl346/adxl346.c **** 
 156:build/openmote-cc2538_armgcc/bsp/boards/openmote-cc2538/adxl346/adxl346.c ****     x = (acceleration[1] << 8) | acceleration[0];
 199              		.loc 1 156 0
 200 00b0 7B79     		ldrb	r3, [r7, #5]	@ zero_extendqisi2
 201 00b2 1B02     		lsls	r3, r3, #8
 202 00b4 1AB2     		sxth	r2, r3
 203 00b6 3B79     		ldrb	r3, [r7, #4]	@ zero_extendqisi2
 204 00b8 1BB2     		sxth	r3, r3
 205 00ba 1343     		orrs	r3, r3, r2
 206 00bc FB80     		strh	r3, [r7, #6]	@ movhi
 157:build/openmote-cc2538_armgcc/bsp/boards/openmote-cc2538/adxl346/adxl346.c **** 
 158:build/openmote-cc2538_armgcc/bsp/boards/openmote-cc2538/adxl346/adxl346.c ****     return x;
 207              		.loc 1 158 0
 208 00be B7F90630 		ldrsh	r3, [r7, #6]
 159:build/openmote-cc2538_armgcc/bsp/boards/openmote-cc2538/adxl346/adxl346.c **** }
 209              		.loc 1 159 0
 210 00c2 1846     		mov	r0, r3
 211 00c4 0837     		adds	r7, r7, #8
 212              		.cfi_def_cfa_offset 8
 213 00c6 BD46     		mov	sp, r7
 214              		.cfi_def_cfa_register 13
 215              		@ sp needed
 216 00c8 80BD     		pop	{r7, pc}
 217              		.cfi_endproc
 218              	.LFE3:
 220 00ca 00BF     		.align	2
 221              		.global	adxl346_read_y
 222              		.thumb
 223              		.thumb_func
 225              	adxl346_read_y:
 226              	.LFB4:
 160:build/openmote-cc2538_armgcc/bsp/boards/openmote-cc2538/adxl346/adxl346.c **** 
 161:build/openmote-cc2538_armgcc/bsp/boards/openmote-cc2538/adxl346/adxl346.c **** int16_t adxl346_read_y(void) {
 227              		.loc 1 161 0
 228              		.cfi_startproc
 229              		@ args = 0, pretend = 0, frame = 8
 230              		@ frame_needed = 1, uses_anonymous_args = 0
 231 00cc 80B5     		push	{r7, lr}
 232              		.cfi_def_cfa_offset 8
 233              		.cfi_offset 7, -8
 234              		.cfi_offset 14, -4
 235 00ce 82B0     		sub	sp, sp, #8
 236              		.cfi_def_cfa_offset 16
 237 00d0 00AF     		add	r7, sp, #0
 238              		.cfi_def_cfa_register 7
 162:build/openmote-cc2538_armgcc/bsp/boards/openmote-cc2538/adxl346/adxl346.c ****     uint8_t acceleration[2];
 163:build/openmote-cc2538_armgcc/bsp/boards/openmote-cc2538/adxl346/adxl346.c ****     int16_t y;
 164:build/openmote-cc2538_armgcc/bsp/boards/openmote-cc2538/adxl346/adxl346.c ****     
 165:build/openmote-cc2538_armgcc/bsp/boards/openmote-cc2538/adxl346/adxl346.c ****     i2c_write_byte(ADXL346_ADDRESS, ADXL346_DATAY0_ADDR);
 239              		.loc 1 165 0
 240 00d2 3421     		movs	r1, #52
 241 00d4 5320     		movs	r0, #83
 242 00d6 FFF7FEFF 		bl	i2c_write_byte
 166:build/openmote-cc2538_armgcc/bsp/boards/openmote-cc2538/adxl346/adxl346.c ****     i2c_read_byte(ADXL346_ADDRESS, &acceleration[0]);
 243              		.loc 1 166 0
 244 00da 3B1D     		adds	r3, r7, #4
 245 00dc 1946     		mov	r1, r3
 246 00de 5320     		movs	r0, #83
 247 00e0 FFF7FEFF 		bl	i2c_read_byte
 167:build/openmote-cc2538_armgcc/bsp/boards/openmote-cc2538/adxl346/adxl346.c ****     i2c_write_byte(ADXL346_ADDRESS, ADXL346_DATAY1_ADDR);
 248              		.loc 1 167 0
 249 00e4 3521     		movs	r1, #53
 250 00e6 5320     		movs	r0, #83
 251 00e8 FFF7FEFF 		bl	i2c_write_byte
 168:build/openmote-cc2538_armgcc/bsp/boards/openmote-cc2538/adxl346/adxl346.c ****     i2c_read_byte(ADXL346_ADDRESS, &acceleration[1]);
 252              		.loc 1 168 0
 253 00ec 3B1D     		adds	r3, r7, #4
 254 00ee 0133     		adds	r3, r3, #1
 255 00f0 1946     		mov	r1, r3
 256 00f2 5320     		movs	r0, #83
 257 00f4 FFF7FEFF 		bl	i2c_read_byte
 169:build/openmote-cc2538_armgcc/bsp/boards/openmote-cc2538/adxl346/adxl346.c **** 
 170:build/openmote-cc2538_armgcc/bsp/boards/openmote-cc2538/adxl346/adxl346.c ****     y = (acceleration[1] << 8) | acceleration[0];
 258              		.loc 1 170 0
 259 00f8 7B79     		ldrb	r3, [r7, #5]	@ zero_extendqisi2
 260 00fa 1B02     		lsls	r3, r3, #8
 261 00fc 1AB2     		sxth	r2, r3
 262 00fe 3B79     		ldrb	r3, [r7, #4]	@ zero_extendqisi2
 263 0100 1BB2     		sxth	r3, r3
 264 0102 1343     		orrs	r3, r3, r2
 265 0104 FB80     		strh	r3, [r7, #6]	@ movhi
 171:build/openmote-cc2538_armgcc/bsp/boards/openmote-cc2538/adxl346/adxl346.c ****     
 172:build/openmote-cc2538_armgcc/bsp/boards/openmote-cc2538/adxl346/adxl346.c ****     return y;
 266              		.loc 1 172 0
 267 0106 B7F90630 		ldrsh	r3, [r7, #6]
 173:build/openmote-cc2538_armgcc/bsp/boards/openmote-cc2538/adxl346/adxl346.c **** }
 268              		.loc 1 173 0
 269 010a 1846     		mov	r0, r3
 270 010c 0837     		adds	r7, r7, #8
 271              		.cfi_def_cfa_offset 8
 272 010e BD46     		mov	sp, r7
 273              		.cfi_def_cfa_register 13
 274              		@ sp needed
 275 0110 80BD     		pop	{r7, pc}
 276              		.cfi_endproc
 277              	.LFE4:
 279 0112 00BF     		.align	2
 280              		.global	adxl346_read_z
 281              		.thumb
 282              		.thumb_func
 284              	adxl346_read_z:
 285              	.LFB5:
 174:build/openmote-cc2538_armgcc/bsp/boards/openmote-cc2538/adxl346/adxl346.c **** 
 175:build/openmote-cc2538_armgcc/bsp/boards/openmote-cc2538/adxl346/adxl346.c **** int16_t adxl346_read_z(void) {
 286              		.loc 1 175 0
 287              		.cfi_startproc
 288              		@ args = 0, pretend = 0, frame = 8
 289              		@ frame_needed = 1, uses_anonymous_args = 0
 290 0114 80B5     		push	{r7, lr}
 291              		.cfi_def_cfa_offset 8
 292              		.cfi_offset 7, -8
 293              		.cfi_offset 14, -4
 294 0116 82B0     		sub	sp, sp, #8
 295              		.cfi_def_cfa_offset 16
 296 0118 00AF     		add	r7, sp, #0
 297              		.cfi_def_cfa_register 7
 176:build/openmote-cc2538_armgcc/bsp/boards/openmote-cc2538/adxl346/adxl346.c ****     uint8_t acceleration[2];
 177:build/openmote-cc2538_armgcc/bsp/boards/openmote-cc2538/adxl346/adxl346.c ****     int16_t z;
 178:build/openmote-cc2538_armgcc/bsp/boards/openmote-cc2538/adxl346/adxl346.c ****     
 179:build/openmote-cc2538_armgcc/bsp/boards/openmote-cc2538/adxl346/adxl346.c ****     i2c_write_byte(ADXL346_ADDRESS, ADXL346_DATAZ0_ADDR);
 298              		.loc 1 179 0
 299 011a 3621     		movs	r1, #54
 300 011c 5320     		movs	r0, #83
 301 011e FFF7FEFF 		bl	i2c_write_byte
 180:build/openmote-cc2538_armgcc/bsp/boards/openmote-cc2538/adxl346/adxl346.c ****     i2c_read_byte(ADXL346_ADDRESS, &acceleration[0]);
 302              		.loc 1 180 0
 303 0122 3B1D     		adds	r3, r7, #4
 304 0124 1946     		mov	r1, r3
 305 0126 5320     		movs	r0, #83
 306 0128 FFF7FEFF 		bl	i2c_read_byte
 181:build/openmote-cc2538_armgcc/bsp/boards/openmote-cc2538/adxl346/adxl346.c ****     i2c_write_byte(ADXL346_ADDRESS, ADXL346_DATAZ1_ADDR);
 307              		.loc 1 181 0
 308 012c 3721     		movs	r1, #55
 309 012e 5320     		movs	r0, #83
 310 0130 FFF7FEFF 		bl	i2c_write_byte
 182:build/openmote-cc2538_armgcc/bsp/boards/openmote-cc2538/adxl346/adxl346.c ****     i2c_read_byte(ADXL346_ADDRESS, &acceleration[1]);
 311              		.loc 1 182 0
 312 0134 3B1D     		adds	r3, r7, #4
 313 0136 0133     		adds	r3, r3, #1
 314 0138 1946     		mov	r1, r3
 315 013a 5320     		movs	r0, #83
 316 013c FFF7FEFF 		bl	i2c_read_byte
 183:build/openmote-cc2538_armgcc/bsp/boards/openmote-cc2538/adxl346/adxl346.c **** 
 184:build/openmote-cc2538_armgcc/bsp/boards/openmote-cc2538/adxl346/adxl346.c ****     z = (acceleration[1] << 8) | acceleration[0];
 317              		.loc 1 184 0
 318 0140 7B79     		ldrb	r3, [r7, #5]	@ zero_extendqisi2
 319 0142 1B02     		lsls	r3, r3, #8
 320 0144 1AB2     		sxth	r2, r3
 321 0146 3B79     		ldrb	r3, [r7, #4]	@ zero_extendqisi2
 322 0148 1BB2     		sxth	r3, r3
 323 014a 1343     		orrs	r3, r3, r2
 324 014c FB80     		strh	r3, [r7, #6]	@ movhi
 185:build/openmote-cc2538_armgcc/bsp/boards/openmote-cc2538/adxl346/adxl346.c ****     
 186:build/openmote-cc2538_armgcc/bsp/boards/openmote-cc2538/adxl346/adxl346.c ****     return z;
 325              		.loc 1 186 0
 326 014e B7F90630 		ldrsh	r3, [r7, #6]
 187:build/openmote-cc2538_armgcc/bsp/boards/openmote-cc2538/adxl346/adxl346.c **** }
 327              		.loc 1 187 0
 328 0152 1846     		mov	r0, r3
 329 0154 0837     		adds	r7, r7, #8
 330              		.cfi_def_cfa_offset 8
 331 0156 BD46     		mov	sp, r7
 332              		.cfi_def_cfa_register 13
 333              		@ sp needed
 334 0158 80BD     		pop	{r7, pc}
 335              		.cfi_endproc
 336              	.LFE5:
 338              		.global	__aeabi_i2f
 339              		.global	__aeabi_fmul
 340 015a 00BF     		.align	2
 341              		.global	adxl346_convert_acceleration
 342              		.thumb
 343              		.thumb_func
 345              	adxl346_convert_acceleration:
 346              	.LFB6:
 188:build/openmote-cc2538_armgcc/bsp/boards/openmote-cc2538/adxl346/adxl346.c **** 
 189:build/openmote-cc2538_armgcc/bsp/boards/openmote-cc2538/adxl346/adxl346.c **** float adxl346_convert_acceleration(int16_t acceleration) {
 347              		.loc 1 189 0
 348              		.cfi_startproc
 349              		@ args = 0, pretend = 0, frame = 16
 350              		@ frame_needed = 1, uses_anonymous_args = 0
 351 015c 80B5     		push	{r7, lr}
 352              		.cfi_def_cfa_offset 8
 353              		.cfi_offset 7, -8
 354              		.cfi_offset 14, -4
 355 015e 84B0     		sub	sp, sp, #16
 356              		.cfi_def_cfa_offset 24
 357 0160 00AF     		add	r7, sp, #0
 358              		.cfi_def_cfa_register 7
 359 0162 0346     		mov	r3, r0
 360 0164 FB80     		strh	r3, [r7, #6]	@ movhi
 190:build/openmote-cc2538_armgcc/bsp/boards/openmote-cc2538/adxl346/adxl346.c ****     float result = 4.0;
 361              		.loc 1 190 0
 362 0166 4FF08143 		mov	r3, #1082130432
 363 016a FB60     		str	r3, [r7, #12]	@ float
 191:build/openmote-cc2538_armgcc/bsp/boards/openmote-cc2538/adxl346/adxl346.c ****     result *= (acceleration & 0x9FFF);
 364              		.loc 1 191 0
 365 016c B7F90620 		ldrsh	r2, [r7, #6]
 366 0170 49F6FF73 		movw	r3, #40959
 367 0174 1340     		ands	r3, r3, r2
 368 0176 1846     		mov	r0, r3
 369 0178 FFF7FEFF 		bl	__aeabi_i2f
 370 017c 0346     		mov	r3, r0
 371 017e 1946     		mov	r1, r3
 372 0180 F868     		ldr	r0, [r7, #12]	@ float
 373 0182 FFF7FEFF 		bl	__aeabi_fmul
 374 0186 0346     		mov	r3, r0
 375 0188 FB60     		str	r3, [r7, #12]	@ float
 192:build/openmote-cc2538_armgcc/bsp/boards/openmote-cc2538/adxl346/adxl346.c ****     return result;
 376              		.loc 1 192 0
 377 018a FB68     		ldr	r3, [r7, #12]	@ float
 193:build/openmote-cc2538_armgcc/bsp/boards/openmote-cc2538/adxl346/adxl346.c **** }
 378              		.loc 1 193 0
 379 018c 1846     		mov	r0, r3
 380 018e 1037     		adds	r7, r7, #16
 381              		.cfi_def_cfa_offset 8
 382 0190 BD46     		mov	sp, r7
 383              		.cfi_def_cfa_register 13
 384              		@ sp needed
 385 0192 80BD     		pop	{r7, pc}
 386              		.cfi_endproc
 387              	.LFE6:
 389              	.Letext0:
 390              		.file 2 "/usr/include/newlib/machine/_default_types.h"
 391              		.file 3 "/usr/include/newlib/sys/_stdint.h"
DEFINED SYMBOLS
                            *ABS*:0000000000000000 adxl346.c
     /tmp/cc8I0vaP.s:19     .text:0000000000000000 $t
     /tmp/cc8I0vaP.s:24     .text:0000000000000000 adxl346_init
     /tmp/cc8I0vaP.s:91     .text:000000000000004c adxl346_reset
     /tmp/cc8I0vaP.s:120    .text:0000000000000058 adxl346_is_present
     /tmp/cc8I0vaP.s:166    .text:0000000000000084 adxl346_read_x
     /tmp/cc8I0vaP.s:225    .text:00000000000000cc adxl346_read_y
     /tmp/cc8I0vaP.s:284    .text:0000000000000114 adxl346_read_z
     /tmp/cc8I0vaP.s:345    .text:000000000000015c adxl346_convert_acceleration
                     .debug_frame:0000000000000010 $d
                           .group:0000000000000000 wm4.0.8e445c0106ab795ab4704214cba6f089
                           .group:0000000000000000 wm4._newlib_version.h.4.ad342815780c8db09778091a421b5b5b
                           .group:0000000000000000 wm4.features.h.33.d97f2d646536517df901beeb5b9993f5
                           .group:0000000000000000 wm4._default_types.h.15.933e8edd27a65e0b69af4a865eb623d2
                           .group:0000000000000000 wm4._intsup.h.10.b82bf99f69d6a5c085fc866de0d3eb9b
                           .group:0000000000000000 wm4._stdint.h.10.7a5f60e6741af4a5594a3867d347e1f9
                           .group:0000000000000000 wm4.stdint.h.23.373a9d32a9e4c2e88fd347156532d281
                           .group:0000000000000000 wm4.i2c.h.15.8e849f5fcf39557ec3e120a857902900

UNDEFINED SYMBOLS
i2c_write_bytes
i2c_write_byte
i2c_read_byte
__aeabi_i2f
__aeabi_fmul
