   1              		.syntax unified
   2              		.cpu cortex-m3
   3              		.fpu softvfp
   4              		.eabi_attribute 20, 1
   5              		.eabi_attribute 21, 1
   6              		.eabi_attribute 23, 3
   7              		.eabi_attribute 24, 1
   8              		.eabi_attribute 25, 1
   9              		.eabi_attribute 26, 1
  10              		.eabi_attribute 30, 6
  11              		.eabi_attribute 34, 1
  12              		.eabi_attribute 18, 4
  13              		.thumb
  14              		.syntax unified
  15              		.file	"openapps_dyn.c"
  16              		.text
  17              	.Ltext0:
  18              		.cfi_sections	.debug_frame
  19              		.section	.rodata
  20              		.align	2
  23              	rreg_uriquery:
  24 0000 683D7563 		.ascii	"h=ucb\000"
  24      6200
  25 0006 0000     		.align	2
  28              	infoBoardname:
  29 0008 43433235 		.ascii	"CC2538\000"
  29      333800
  30 000f 00       		.align	2
  33              	infouCName:
  34 0010 43433235 		.ascii	"CC2538\000"
  34      333800
  35 0017 00       		.align	2
  38              	infoRadioName:
  39 0018 43433235 		.ascii	"CC2538 SoC\000"
  39      33382053 
  39      6F4300
  40 0023 00       		.align	2
  43              	infoStackName:
  44 0024 4F70656E 		.ascii	"OpenWSN \000"
  44      57534E20 
  44      00
  45 002d 000000   		.align	2
  48              	ipAddr_ipsoRD:
  49 0030 26       		.byte	38
  50 0031 07       		.byte	7
  51 0032 F7       		.byte	-9
  52 0033 40       		.byte	64
  53 0034 00       		.byte	0
  54 0035 00       		.byte	0
  55 0036 00       		.byte	0
  56 0037 3F       		.byte	63
  57 0038 00       		.byte	0
  58 0039 00       		.byte	0
  59 003a 00       		.byte	0
  60 003b 00       		.byte	0
  61 003c 00       		.byte	0
  62 003d 00       		.byte	0
  63 003e 0E       		.byte	14
  64 003f 29       		.byte	41
  65              		.align	2
  68              	ipAddr_motesEecs:
  69 0040 20       		.byte	32
  70 0041 01       		.byte	1
  71 0042 04       		.byte	4
  72 0043 70       		.byte	112
  73 0044 00       		.byte	0
  74 0045 66       		.byte	102
  75 0046 00       		.byte	0
  76 0047 19       		.byte	25
  77 0048 00       		.byte	0
  78 0049 00       		.byte	0
  79 004a 00       		.byte	0
  80 004b 00       		.byte	0
  81 004c 00       		.byte	0
  82 004d 00       		.byte	0
  83 004e 00       		.byte	0
  84 004f 02       		.byte	2
  85              		.align	2
  88              	ipAddr_local:
  89 0050 26       		.byte	38
  90 0051 07       		.byte	7
  91 0052 F1       		.byte	-15
  92 0053 40       		.byte	64
  93 0054 04       		.byte	4
  94 0055 00       		.byte	0
  95 0056 10       		.byte	16
  96 0057 36       		.byte	54
  97 0058 4D       		.byte	77
  98 0059 CD       		.byte	-51
  99 005a AB       		.byte	-85
 100 005b 54       		.byte	84
 101 005c 81       		.byte	-127
 102 005d 99       		.byte	-103
 103 005e C1       		.byte	-63
 104 005f F7       		.byte	-9
 105              		.align	2
 108              	ipAddr_motedata:
 109 0060 20       		.byte	32
 110 0061 01       		.byte	1
 111 0062 04       		.byte	4
 112 0063 70       		.byte	112
 113 0064 00       		.byte	0
 114 0065 66       		.byte	102
 115 0066 00       		.byte	0
 116 0067 17       		.byte	23
 117 0068 00       		.byte	0
 118 0069 00       		.byte	0
 119 006a 00       		.byte	0
 120 006b 00       		.byte	0
 121 006c 00       		.byte	0
 122 006d 00       		.byte	0
 123 006e 00       		.byte	0
 124 006f 02       		.byte	2
 125              		.align	2
 128              	ipAddr_ringmaster:
 129 0070 BB       		.byte	-69
 130 0071 BB       		.byte	-69
 131 0072 00       		.byte	0
 132 0073 00       		.byte	0
 133 0074 00       		.byte	0
 134 0075 00       		.byte	0
 135 0076 00       		.byte	0
 136 0077 00       		.byte	0
 137 0078 00       		.byte	0
 138 0079 00       		.byte	0
 139 007a 00       		.byte	0
 140 007b 00       		.byte	0
 141 007c 00       		.byte	0
 142 007d 00       		.byte	0
 143 007e 00       		.byte	0
 144 007f 01       		.byte	1
 145              		.text
 146              		.align	2
 147              		.global	openapps_init
 148              		.thumb
 149              		.thumb_func
 151              	openapps_init:
 152              	.LFB0:
 153              		.file 1 "build/openmote-cc2538_armgcc/openapps/openapps_dyn.c"
   1:build/openmote-cc2538_armgcc/openapps/openapps_dyn.c **** #include "opendefs.h"
   2:build/openmote-cc2538_armgcc/openapps/openapps_dyn.c **** 
   3:build/openmote-cc2538_armgcc/openapps/openapps_dyn.c **** #include "opencoap.h"
   4:build/openmote-cc2538_armgcc/openapps/openapps_dyn.c **** #include "cinfo.h"
   5:build/openmote-cc2538_armgcc/openapps/openapps_dyn.c **** #include "cwellknown.h"
   6:build/openmote-cc2538_armgcc/openapps/openapps_dyn.c **** #include "whisper.h"
   7:build/openmote-cc2538_armgcc/openapps/openapps_dyn.c **** #include "whispersender.h"
   8:build/openmote-cc2538_armgcc/openapps/openapps_dyn.c **** 
   9:build/openmote-cc2538_armgcc/openapps/openapps_dyn.c **** void openapps_init(void) {
 154              		.loc 1 9 0
 155              		.cfi_startproc
 156              		@ args = 0, pretend = 0, frame = 0
 157              		@ frame_needed = 1, uses_anonymous_args = 0
 158 0000 80B5     		push	{r7, lr}
 159              		.cfi_def_cfa_offset 8
 160              		.cfi_offset 7, -8
 161              		.cfi_offset 14, -4
 162 0002 00AF     		add	r7, sp, #0
 163              		.cfi_def_cfa_register 7
  10:build/openmote-cc2538_armgcc/openapps/openapps_dyn.c ****    opencoap_init();
 164              		.loc 1 10 0
 165 0004 FFF7FEFF 		bl	opencoap_init
  11:build/openmote-cc2538_armgcc/openapps/openapps_dyn.c ****    cinfo_init();
 166              		.loc 1 11 0
 167 0008 FFF7FEFF 		bl	cinfo_init
  12:build/openmote-cc2538_armgcc/openapps/openapps_dyn.c ****    cwellknown_init();
 168              		.loc 1 12 0
 169 000c FFF7FEFF 		bl	cwellknown_init
  13:build/openmote-cc2538_armgcc/openapps/openapps_dyn.c ****    whisper_init();
 170              		.loc 1 13 0
 171 0010 FFF7FEFF 		bl	whisper_init
  14:build/openmote-cc2538_armgcc/openapps/openapps_dyn.c ****    whispersender_init();
 172              		.loc 1 14 0
 173 0014 FFF7FEFF 		bl	whispersender_init
  15:build/openmote-cc2538_armgcc/openapps/openapps_dyn.c **** }...
 174              		.loc 1 15 0
 175 0018 00BF     		nop
 176 001a 80BD     		pop	{r7, pc}
 177              		.cfi_endproc
 178              	.LFE0:
 180              	.Letext0:
 181              		.file 2 "/usr/include/newlib/machine/_default_types.h"
 182              		.file 3 "/usr/include/newlib/sys/_stdint.h"
 183              		.file 4 "bsp/boards/openmote-cc2538/board_info.h"
 184              		.file 5 "inc/opendefs.h"
 185              		.file 6 "openapps/opencoap/opencoap.h"
DEFINED SYMBOLS
                            *ABS*:0000000000000000 openapps_dyn.c
     /tmp/ccNrFsYV.s:20     .rodata:0000000000000000 $d
     /tmp/ccNrFsYV.s:23     .rodata:0000000000000000 rreg_uriquery
     /tmp/ccNrFsYV.s:28     .rodata:0000000000000008 infoBoardname
     /tmp/ccNrFsYV.s:33     .rodata:0000000000000010 infouCName
     /tmp/ccNrFsYV.s:38     .rodata:0000000000000018 infoRadioName
     /tmp/ccNrFsYV.s:43     .rodata:0000000000000024 infoStackName
     /tmp/ccNrFsYV.s:48     .rodata:0000000000000030 ipAddr_ipsoRD
     /tmp/ccNrFsYV.s:68     .rodata:0000000000000040 ipAddr_motesEecs
     /tmp/ccNrFsYV.s:88     .rodata:0000000000000050 ipAddr_local
     /tmp/ccNrFsYV.s:108    .rodata:0000000000000060 ipAddr_motedata
     /tmp/ccNrFsYV.s:128    .rodata:0000000000000070 ipAddr_ringmaster
     /tmp/ccNrFsYV.s:146    .text:0000000000000000 $t
     /tmp/ccNrFsYV.s:151    .text:0000000000000000 openapps_init
                     .debug_frame:0000000000000010 $d
                           .group:0000000000000000 wm4.0.8e445c0106ab795ab4704214cba6f089
                           .group:0000000000000000 wm4._newlib_version.h.4.ad342815780c8db09778091a421b5b5b
                           .group:0000000000000000 wm4.features.h.33.d97f2d646536517df901beeb5b9993f5
                           .group:0000000000000000 wm4._default_types.h.15.933e8edd27a65e0b69af4a865eb623d2
                           .group:0000000000000000 wm4._intsup.h.10.b82bf99f69d6a5c085fc866de0d3eb9b
                           .group:0000000000000000 wm4._stdint.h.10.7a5f60e6741af4a5594a3867d347e1f9
                           .group:0000000000000000 wm4.stdint.h.23.373a9d32a9e4c2e88fd347156532d281
                           .group:0000000000000000 wm4.toolchain_defs.h.2.e5fd326231d01413e5361944b26cde07
                           .group:0000000000000000 wm4.newlib.h.8.36dd0417407b0a085bc04c49cc2ed13a
                           .group:0000000000000000 wm4.config.h.219.65a553ab5bef5482f0d7880b0d33015e
                           .group:0000000000000000 wm4._ansi.h.23.9f8fcfa20193763fcf364fb91705c94b
                           .group:0000000000000000 wm4.stddef.h.39.a38874c8f8a57e66301090908ec2a69f
                           .group:0000000000000000 wm4.lock.h.2.9bc98482741e5e2a9450b12934a684ea
                           .group:0000000000000000 wm4._types.h.125.5cf8a495f1f7ef36777ad868a1e32068
                           .group:0000000000000000 wm4.stddef.h.161.5349cb105733e8777bfb0cf53c4e3f34
                           .group:0000000000000000 wm4._types.h.183.c226d164ceca1f2ecb9ae9360c54a098
                           .group:0000000000000000 wm4.reent.h.17.850ac0a908956e5fb788be1b80de2f32
                           .group:0000000000000000 wm4.cdefs.h.47.ba62642086d429b4f95c2381cae1c0aa
                           .group:0000000000000000 wm4.string.h.15.dab3980bf35408a4c507182805e2de3a
                           .group:0000000000000000 wm4.stddef.h.161.19e15733342b50ead2919490b095303e
                           .group:0000000000000000 wm4.stdbool.h.29.07dce69c3b78884144b7f7bd19483461
                           .group:0000000000000000 wm4.hw_types.h.67.b10589a0806dcc2d274d6fab6b736519
                           .group:0000000000000000 wm4.interrupt.h.41.272fc4ec0e276feb439e7974d0f77eaf
                           .group:0000000000000000 wm4.board_info.h.22.1291259c351bc018e4d4402148b3c6db
                           .group:0000000000000000 wm4.opendefs.h.23.47191652995b7fa35f12da40c3552cda
                           .group:0000000000000000 wm4.opentimers.h.8.4ddb88466c5d61beaa6758270059ffcf
                           .group:0000000000000000 wm4.opencoap.h.32.4fd89a1f25836020968932a0f7dffe46
                           .group:0000000000000000 wm4.whispersender.h.2.f7643ed54b470e1409b0df36e7de3eb1

UNDEFINED SYMBOLS
opencoap_init
cinfo_init
cwellknown_init
whisper_init
whispersender_init
