   1              		.syntax unified
   2              		.cpu cortex-m3
   3              		.fpu softvfp
   4              		.eabi_attribute 20, 1
   5              		.eabi_attribute 21, 1
   6              		.eabi_attribute 23, 3
   7              		.eabi_attribute 24, 1
   8              		.eabi_attribute 25, 1
   9              		.eabi_attribute 26, 1
  10              		.eabi_attribute 30, 6
  11              		.eabi_attribute 34, 1
  12              		.eabi_attribute 18, 4
  13              		.thumb
  14              		.syntax unified
  15              		.file	"watchdog.c"
  16              		.text
  17              	.Ltext0:
  18              		.cfi_sections	.debug_frame
  19              		.align	2
  20              		.global	WatchdogEnable
  21              		.thumb
  22              		.thumb_func
  24              	WatchdogEnable:
  25              	.LFB0:
  26              		.file 1 "build/openmote-cc2538_armgcc/bsp/boards/openmote-cc2538/source/watchdog.c"
   1:build/openmote-cc2538_armgcc/bsp/boards/openmote-cc2538/source/watchdog.c **** /******************************************************************************
   2:build/openmote-cc2538_armgcc/bsp/boards/openmote-cc2538/source/watchdog.c **** *  Filename:       watchdog.c
   3:build/openmote-cc2538_armgcc/bsp/boards/openmote-cc2538/source/watchdog.c **** *  Revised:        $Date: 2013-04-04 15:31:10 +0200 (Thu, 04 Apr 2013) $
   4:build/openmote-cc2538_armgcc/bsp/boards/openmote-cc2538/source/watchdog.c **** *  Revision:       $Revision: 9634 $
   5:build/openmote-cc2538_armgcc/bsp/boards/openmote-cc2538/source/watchdog.c **** *
   6:build/openmote-cc2538_armgcc/bsp/boards/openmote-cc2538/source/watchdog.c **** *  Description:    Driver for the Watchdog Timer Module.
   7:build/openmote-cc2538_armgcc/bsp/boards/openmote-cc2538/source/watchdog.c **** *
   8:build/openmote-cc2538_armgcc/bsp/boards/openmote-cc2538/source/watchdog.c **** *  Copyright (C) 2012 Texas Instruments Incorporated - http://www.ti.com/
   9:build/openmote-cc2538_armgcc/bsp/boards/openmote-cc2538/source/watchdog.c **** *
  10:build/openmote-cc2538_armgcc/bsp/boards/openmote-cc2538/source/watchdog.c **** *
  11:build/openmote-cc2538_armgcc/bsp/boards/openmote-cc2538/source/watchdog.c **** *  Redistribution and use in source and binary forms, with or without
  12:build/openmote-cc2538_armgcc/bsp/boards/openmote-cc2538/source/watchdog.c **** *  modification, are permitted provided that the following conditions
  13:build/openmote-cc2538_armgcc/bsp/boards/openmote-cc2538/source/watchdog.c **** *  are met:
  14:build/openmote-cc2538_armgcc/bsp/boards/openmote-cc2538/source/watchdog.c **** *
  15:build/openmote-cc2538_armgcc/bsp/boards/openmote-cc2538/source/watchdog.c **** *    Redistributions of source code must retain the above copyright
  16:build/openmote-cc2538_armgcc/bsp/boards/openmote-cc2538/source/watchdog.c **** *    notice, this list of conditions and the following disclaimer.
  17:build/openmote-cc2538_armgcc/bsp/boards/openmote-cc2538/source/watchdog.c **** *
  18:build/openmote-cc2538_armgcc/bsp/boards/openmote-cc2538/source/watchdog.c **** *    Redistributions in binary form must reproduce the above copyright
  19:build/openmote-cc2538_armgcc/bsp/boards/openmote-cc2538/source/watchdog.c **** *    notice, this list of conditions and the following disclaimer in the
  20:build/openmote-cc2538_armgcc/bsp/boards/openmote-cc2538/source/watchdog.c **** *    documentation and/or other materials provided with the distribution.
  21:build/openmote-cc2538_armgcc/bsp/boards/openmote-cc2538/source/watchdog.c **** *
  22:build/openmote-cc2538_armgcc/bsp/boards/openmote-cc2538/source/watchdog.c **** *    Neither the name of Texas Instruments Incorporated nor the names of
  23:build/openmote-cc2538_armgcc/bsp/boards/openmote-cc2538/source/watchdog.c **** *    its contributors may be used to endorse or promote products derived
  24:build/openmote-cc2538_armgcc/bsp/boards/openmote-cc2538/source/watchdog.c **** *    from this software without specific prior written permission.
  25:build/openmote-cc2538_armgcc/bsp/boards/openmote-cc2538/source/watchdog.c **** *
  26:build/openmote-cc2538_armgcc/bsp/boards/openmote-cc2538/source/watchdog.c **** *  THIS SOFTWARE IS PROVIDED BY THE COPYRIGHT HOLDERS AND CONTRIBUTORS
  27:build/openmote-cc2538_armgcc/bsp/boards/openmote-cc2538/source/watchdog.c **** *  "AS IS" AND ANY EXPRESS OR IMPLIED WARRANTIES, INCLUDING, BUT NOT
  28:build/openmote-cc2538_armgcc/bsp/boards/openmote-cc2538/source/watchdog.c **** *  LIMITED TO, THE IMPLIED WARRANTIES OF MERCHANTABILITY AND FITNESS FOR
  29:build/openmote-cc2538_armgcc/bsp/boards/openmote-cc2538/source/watchdog.c **** *  A PARTICULAR PURPOSE ARE DISCLAIMED. IN NO EVENT SHALL THE COPYRIGHT
  30:build/openmote-cc2538_armgcc/bsp/boards/openmote-cc2538/source/watchdog.c **** *  OWNER OR CONTRIBUTORS BE LIABLE FOR ANY DIRECT, INDIRECT, INCIDENTAL,
  31:build/openmote-cc2538_armgcc/bsp/boards/openmote-cc2538/source/watchdog.c **** *  SPECIAL, EXEMPLARY, OR CONSEQUENTIAL DAMAGES (INCLUDING, BUT NOT
  32:build/openmote-cc2538_armgcc/bsp/boards/openmote-cc2538/source/watchdog.c **** *  LIMITED TO, PROCUREMENT OF SUBSTITUTE GOODS OR SERVICES; LOSS OF USE,
  33:build/openmote-cc2538_armgcc/bsp/boards/openmote-cc2538/source/watchdog.c **** *  DATA, OR PROFITS; OR BUSINESS INTERRUPTION) HOWEVER CAUSED AND ON ANY
  34:build/openmote-cc2538_armgcc/bsp/boards/openmote-cc2538/source/watchdog.c **** *  THEORY OF LIABILITY, WHETHER IN CONTRACT, STRICT LIABILITY, OR TORT
  35:build/openmote-cc2538_armgcc/bsp/boards/openmote-cc2538/source/watchdog.c **** *  (INCLUDING NEGLIGENCE OR OTHERWISE) ARISING IN ANY WAY OUT OF THE USE
  36:build/openmote-cc2538_armgcc/bsp/boards/openmote-cc2538/source/watchdog.c **** *  OF THIS SOFTWARE, EVEN IF ADVISED OF THE POSSIBILITY OF SUCH DAMAGE.
  37:build/openmote-cc2538_armgcc/bsp/boards/openmote-cc2538/source/watchdog.c **** *
  38:build/openmote-cc2538_armgcc/bsp/boards/openmote-cc2538/source/watchdog.c **** ******************************************************************************/
  39:build/openmote-cc2538_armgcc/bsp/boards/openmote-cc2538/source/watchdog.c **** 
  40:build/openmote-cc2538_armgcc/bsp/boards/openmote-cc2538/source/watchdog.c **** //*****************************************************************************
  41:build/openmote-cc2538_armgcc/bsp/boards/openmote-cc2538/source/watchdog.c **** //
  42:build/openmote-cc2538_armgcc/bsp/boards/openmote-cc2538/source/watchdog.c **** //! \addtogroup watchdog_api
  43:build/openmote-cc2538_armgcc/bsp/boards/openmote-cc2538/source/watchdog.c **** //! @{
  44:build/openmote-cc2538_armgcc/bsp/boards/openmote-cc2538/source/watchdog.c **** //
  45:build/openmote-cc2538_armgcc/bsp/boards/openmote-cc2538/source/watchdog.c **** //*****************************************************************************
  46:build/openmote-cc2538_armgcc/bsp/boards/openmote-cc2538/source/watchdog.c **** 
  47:build/openmote-cc2538_armgcc/bsp/boards/openmote-cc2538/source/watchdog.c **** #include <headers/hw_ints.h>
  48:build/openmote-cc2538_armgcc/bsp/boards/openmote-cc2538/source/watchdog.c **** #include <headers/hw_memmap.h>
  49:build/openmote-cc2538_armgcc/bsp/boards/openmote-cc2538/source/watchdog.c **** #include <headers/hw_smwdthrosc.h>
  50:build/openmote-cc2538_armgcc/bsp/boards/openmote-cc2538/source/watchdog.c **** #include "debug.h"
  51:build/openmote-cc2538_armgcc/bsp/boards/openmote-cc2538/source/watchdog.c **** #include "interrupt.h"
  52:build/openmote-cc2538_armgcc/bsp/boards/openmote-cc2538/source/watchdog.c **** #include "watchdog.h"
  53:build/openmote-cc2538_armgcc/bsp/boards/openmote-cc2538/source/watchdog.c **** 
  54:build/openmote-cc2538_armgcc/bsp/boards/openmote-cc2538/source/watchdog.c **** //*****************************************************************************
  55:build/openmote-cc2538_armgcc/bsp/boards/openmote-cc2538/source/watchdog.c **** //
  56:build/openmote-cc2538_armgcc/bsp/boards/openmote-cc2538/source/watchdog.c **** //! Enables the watchdog timer
  57:build/openmote-cc2538_armgcc/bsp/boards/openmote-cc2538/source/watchdog.c **** //!
  58:build/openmote-cc2538_armgcc/bsp/boards/openmote-cc2538/source/watchdog.c **** //! \param ui32Interval is the timer interval setting.
  59:build/openmote-cc2538_armgcc/bsp/boards/openmote-cc2538/source/watchdog.c **** //!
  60:build/openmote-cc2538_armgcc/bsp/boards/openmote-cc2538/source/watchdog.c **** //! This function sets the timer interval and enables the watchdog timer.
  61:build/openmote-cc2538_armgcc/bsp/boards/openmote-cc2538/source/watchdog.c **** //! A timeout causes a chip reset.
  62:build/openmote-cc2538_armgcc/bsp/boards/openmote-cc2538/source/watchdog.c **** //!
  63:build/openmote-cc2538_armgcc/bsp/boards/openmote-cc2538/source/watchdog.c **** //! The \e ui32Interval argument must be only one of the following values:
  64:build/openmote-cc2538_armgcc/bsp/boards/openmote-cc2538/source/watchdog.c **** //! \b WATCHDOG_INTERVAL_32768, \b WATCHDOG_INTERVAL_8192,
  65:build/openmote-cc2538_armgcc/bsp/boards/openmote-cc2538/source/watchdog.c **** //! \b WATCHDOG_INTERVAL_512,   \b WATCHDOG_INTERVAL_64.
  66:build/openmote-cc2538_armgcc/bsp/boards/openmote-cc2538/source/watchdog.c **** //!
  67:build/openmote-cc2538_armgcc/bsp/boards/openmote-cc2538/source/watchdog.c **** //! \sa WatchdogDisable()
  68:build/openmote-cc2538_armgcc/bsp/boards/openmote-cc2538/source/watchdog.c **** //!
  69:build/openmote-cc2538_armgcc/bsp/boards/openmote-cc2538/source/watchdog.c **** //! \return None
  70:build/openmote-cc2538_armgcc/bsp/boards/openmote-cc2538/source/watchdog.c **** //
  71:build/openmote-cc2538_armgcc/bsp/boards/openmote-cc2538/source/watchdog.c **** //*****************************************************************************
  72:build/openmote-cc2538_armgcc/bsp/boards/openmote-cc2538/source/watchdog.c **** void
  73:build/openmote-cc2538_armgcc/bsp/boards/openmote-cc2538/source/watchdog.c **** WatchdogEnable(uint32_t ui32Interval)
  74:build/openmote-cc2538_armgcc/bsp/boards/openmote-cc2538/source/watchdog.c **** {
  27              		.loc 1 74 0
  28              		.cfi_startproc
  29              		@ args = 0, pretend = 0, frame = 16
  30              		@ frame_needed = 1, uses_anonymous_args = 0
  31              		@ link register save eliminated.
  32 0000 80B4     		push	{r7}
  33              		.cfi_def_cfa_offset 4
  34              		.cfi_offset 7, -4
  35 0002 85B0     		sub	sp, sp, #20
  36              		.cfi_def_cfa_offset 24
  37 0004 00AF     		add	r7, sp, #0
  38              		.cfi_def_cfa_register 7
  39 0006 7860     		str	r0, [r7, #4]
  75:build/openmote-cc2538_armgcc/bsp/boards/openmote-cc2538/source/watchdog.c ****     uint32_t ui32Regval;
  76:build/openmote-cc2538_armgcc/bsp/boards/openmote-cc2538/source/watchdog.c ****     //
  77:build/openmote-cc2538_armgcc/bsp/boards/openmote-cc2538/source/watchdog.c ****     // Check the arguments.
  78:build/openmote-cc2538_armgcc/bsp/boards/openmote-cc2538/source/watchdog.c ****     //
  79:build/openmote-cc2538_armgcc/bsp/boards/openmote-cc2538/source/watchdog.c ****     ASSERT(ui32Interval == WATCHDOG_INTERVAL_32768 ||
  80:build/openmote-cc2538_armgcc/bsp/boards/openmote-cc2538/source/watchdog.c ****            ui32Interval == WATCHDOG_INTERVAL_8192  ||
  81:build/openmote-cc2538_armgcc/bsp/boards/openmote-cc2538/source/watchdog.c ****            ui32Interval == WATCHDOG_INTERVAL_512   ||
  82:build/openmote-cc2538_armgcc/bsp/boards/openmote-cc2538/source/watchdog.c ****            ui32Interval == WATCHDOG_INTERVAL_64);
  83:build/openmote-cc2538_armgcc/bsp/boards/openmote-cc2538/source/watchdog.c **** 
  84:build/openmote-cc2538_armgcc/bsp/boards/openmote-cc2538/source/watchdog.c ****     // Disable Timer to set interval
  85:build/openmote-cc2538_armgcc/bsp/boards/openmote-cc2538/source/watchdog.c ****     HWREG(SMWDTHROSC_WDCTL) &= ~SMWDTHROSC_WDCTL_EN;
  40              		.loc 1 85 0
  41 0008 134A     		ldr	r2, .L2
  42 000a 134B     		ldr	r3, .L2
  43 000c 1B68     		ldr	r3, [r3]
  44 000e 23F00803 		bic	r3, r3, #8
  45 0012 1360     		str	r3, [r2]
  86:build/openmote-cc2538_armgcc/bsp/boards/openmote-cc2538/source/watchdog.c ****     ui32Regval = HWREG(SMWDTHROSC_WDCTL);
  46              		.loc 1 86 0
  47 0014 104B     		ldr	r3, .L2
  48 0016 1B68     		ldr	r3, [r3]
  49 0018 FB60     		str	r3, [r7, #12]
  87:build/openmote-cc2538_armgcc/bsp/boards/openmote-cc2538/source/watchdog.c ****     ui32Regval &= ~SMWDTHROSC_WDCTL_INT_M;
  50              		.loc 1 87 0
  51 001a FB68     		ldr	r3, [r7, #12]
  52 001c 23F00303 		bic	r3, r3, #3
  53 0020 FB60     		str	r3, [r7, #12]
  88:build/openmote-cc2538_armgcc/bsp/boards/openmote-cc2538/source/watchdog.c ****     ui32Regval |= ui32Interval;
  54              		.loc 1 88 0
  55 0022 FA68     		ldr	r2, [r7, #12]
  56 0024 7B68     		ldr	r3, [r7, #4]
  57 0026 1343     		orrs	r3, r3, r2
  58 0028 FB60     		str	r3, [r7, #12]
  89:build/openmote-cc2538_armgcc/bsp/boards/openmote-cc2538/source/watchdog.c ****     HWREG(SMWDTHROSC_WDCTL) = ui32Regval;
  59              		.loc 1 89 0
  60 002a 0B4A     		ldr	r2, .L2
  61 002c FB68     		ldr	r3, [r7, #12]
  62 002e 1360     		str	r3, [r2]
  90:build/openmote-cc2538_armgcc/bsp/boards/openmote-cc2538/source/watchdog.c **** 
  91:build/openmote-cc2538_armgcc/bsp/boards/openmote-cc2538/source/watchdog.c ****     //
  92:build/openmote-cc2538_armgcc/bsp/boards/openmote-cc2538/source/watchdog.c ****     // Enable the watchdog timer module.
  93:build/openmote-cc2538_armgcc/bsp/boards/openmote-cc2538/source/watchdog.c ****     //
  94:build/openmote-cc2538_armgcc/bsp/boards/openmote-cc2538/source/watchdog.c ****     ui32Regval = HWREG(SMWDTHROSC_WDCTL);
  63              		.loc 1 94 0
  64 0030 094B     		ldr	r3, .L2
  65 0032 1B68     		ldr	r3, [r3]
  66 0034 FB60     		str	r3, [r7, #12]
  95:build/openmote-cc2538_armgcc/bsp/boards/openmote-cc2538/source/watchdog.c ****     ui32Regval &= ~0x4;
  67              		.loc 1 95 0
  68 0036 FB68     		ldr	r3, [r7, #12]
  69 0038 23F00403 		bic	r3, r3, #4
  70 003c FB60     		str	r3, [r7, #12]
  96:build/openmote-cc2538_armgcc/bsp/boards/openmote-cc2538/source/watchdog.c ****     ui32Regval |= SMWDTHROSC_WDCTL_EN;
  71              		.loc 1 96 0
  72 003e FB68     		ldr	r3, [r7, #12]
  73 0040 43F00803 		orr	r3, r3, #8
  74 0044 FB60     		str	r3, [r7, #12]
  97:build/openmote-cc2538_armgcc/bsp/boards/openmote-cc2538/source/watchdog.c ****     HWREG(SMWDTHROSC_WDCTL) = ui32Regval;
  75              		.loc 1 97 0
  76 0046 044A     		ldr	r2, .L2
  77 0048 FB68     		ldr	r3, [r7, #12]
  78 004a 1360     		str	r3, [r2]
  98:build/openmote-cc2538_armgcc/bsp/boards/openmote-cc2538/source/watchdog.c **** }
  79              		.loc 1 98 0
  80 004c 00BF     		nop
  81 004e 1437     		adds	r7, r7, #20
  82              		.cfi_def_cfa_offset 4
  83 0050 BD46     		mov	sp, r7
  84              		.cfi_def_cfa_register 13
  85              		@ sp needed
  86 0052 80BC     		pop	{r7}
  87              		.cfi_restore 7
  88              		.cfi_def_cfa_offset 0
  89 0054 7047     		bx	lr
  90              	.L3:
  91 0056 00BF     		.align	2
  92              	.L2:
  93 0058 00500D40 		.word	1074614272
  94              		.cfi_endproc
  95              	.LFE0:
  97              		.align	2
  98              		.global	WatchdogClear
  99              		.thumb
 100              		.thumb_func
 102              	WatchdogClear:
 103              	.LFB1:
  99:build/openmote-cc2538_armgcc/bsp/boards/openmote-cc2538/source/watchdog.c **** 
 100:build/openmote-cc2538_armgcc/bsp/boards/openmote-cc2538/source/watchdog.c **** //*****************************************************************************
 101:build/openmote-cc2538_armgcc/bsp/boards/openmote-cc2538/source/watchdog.c **** //
 102:build/openmote-cc2538_armgcc/bsp/boards/openmote-cc2538/source/watchdog.c **** //! Clear watch dog timer
 103:build/openmote-cc2538_armgcc/bsp/boards/openmote-cc2538/source/watchdog.c **** //!
 104:build/openmote-cc2538_armgcc/bsp/boards/openmote-cc2538/source/watchdog.c **** //! This function clears the watch dog timer.
 105:build/openmote-cc2538_armgcc/bsp/boards/openmote-cc2538/source/watchdog.c **** //! Timer must be enabled for the clear operation to take effect.
 106:build/openmote-cc2538_armgcc/bsp/boards/openmote-cc2538/source/watchdog.c **** //!
 107:build/openmote-cc2538_armgcc/bsp/boards/openmote-cc2538/source/watchdog.c **** //! \return None
 108:build/openmote-cc2538_armgcc/bsp/boards/openmote-cc2538/source/watchdog.c **** //
 109:build/openmote-cc2538_armgcc/bsp/boards/openmote-cc2538/source/watchdog.c **** //*****************************************************************************
 110:build/openmote-cc2538_armgcc/bsp/boards/openmote-cc2538/source/watchdog.c **** void
 111:build/openmote-cc2538_armgcc/bsp/boards/openmote-cc2538/source/watchdog.c **** WatchdogClear(void)
 112:build/openmote-cc2538_armgcc/bsp/boards/openmote-cc2538/source/watchdog.c **** {
 104              		.loc 1 112 0
 105              		.cfi_startproc
 106              		@ args = 0, pretend = 0, frame = 8
 107              		@ frame_needed = 1, uses_anonymous_args = 0
 108              		@ link register save eliminated.
 109 005c 80B4     		push	{r7}
 110              		.cfi_def_cfa_offset 4
 111              		.cfi_offset 7, -4
 112 005e 83B0     		sub	sp, sp, #12
 113              		.cfi_def_cfa_offset 16
 114 0060 00AF     		add	r7, sp, #0
 115              		.cfi_def_cfa_register 7
 113:build/openmote-cc2538_armgcc/bsp/boards/openmote-cc2538/source/watchdog.c ****     uint32_t ui32Reg1;
 114:build/openmote-cc2538_armgcc/bsp/boards/openmote-cc2538/source/watchdog.c ****     uint32_t ui32Reg2;
 115:build/openmote-cc2538_armgcc/bsp/boards/openmote-cc2538/source/watchdog.c **** 
 116:build/openmote-cc2538_armgcc/bsp/boards/openmote-cc2538/source/watchdog.c ****     //
 117:build/openmote-cc2538_armgcc/bsp/boards/openmote-cc2538/source/watchdog.c ****     // Write 0xA followed by 0x5 to CLR field
 118:build/openmote-cc2538_armgcc/bsp/boards/openmote-cc2538/source/watchdog.c ****     // (0x5 also clears in timer mode)
 119:build/openmote-cc2538_armgcc/bsp/boards/openmote-cc2538/source/watchdog.c ****     //
 120:build/openmote-cc2538_armgcc/bsp/boards/openmote-cc2538/source/watchdog.c ****     ui32Reg1 = HWREG(SMWDTHROSC_WDCTL);
 116              		.loc 1 120 0
 117 0062 0D4B     		ldr	r3, .L5
 118 0064 1B68     		ldr	r3, [r3]
 119 0066 7B60     		str	r3, [r7, #4]
 121:build/openmote-cc2538_armgcc/bsp/boards/openmote-cc2538/source/watchdog.c ****     ui32Reg1 &= ~SMWDTHROSC_WDCTL_CLR_M;
 120              		.loc 1 121 0
 121 0068 7B68     		ldr	r3, [r7, #4]
 122 006a 23F0F003 		bic	r3, r3, #240
 123 006e 7B60     		str	r3, [r7, #4]
 122:build/openmote-cc2538_armgcc/bsp/boards/openmote-cc2538/source/watchdog.c ****     ui32Reg2 = ui32Reg1 | (0x5 << SMWDTHROSC_WDCTL_CLR_S);
 124              		.loc 1 122 0
 125 0070 7B68     		ldr	r3, [r7, #4]
 126 0072 43F05003 		orr	r3, r3, #80
 127 0076 3B60     		str	r3, [r7]
 123:build/openmote-cc2538_armgcc/bsp/boards/openmote-cc2538/source/watchdog.c ****     ui32Reg1 |= 0xa << SMWDTHROSC_WDCTL_CLR_S;
 128              		.loc 1 123 0
 129 0078 7B68     		ldr	r3, [r7, #4]
 130 007a 43F0A003 		orr	r3, r3, #160
 131 007e 7B60     		str	r3, [r7, #4]
 124:build/openmote-cc2538_armgcc/bsp/boards/openmote-cc2538/source/watchdog.c **** 
 125:build/openmote-cc2538_armgcc/bsp/boards/openmote-cc2538/source/watchdog.c ****     //
 126:build/openmote-cc2538_armgcc/bsp/boards/openmote-cc2538/source/watchdog.c ****     // The following two writes must happen within 0.5 cycle of WDT clock!
 127:build/openmote-cc2538_armgcc/bsp/boards/openmote-cc2538/source/watchdog.c ****     // for clear to actually happen.
 128:build/openmote-cc2538_armgcc/bsp/boards/openmote-cc2538/source/watchdog.c ****     // Note:  might need to "safe guard" this zone by disabling interrupts.
 129:build/openmote-cc2538_armgcc/bsp/boards/openmote-cc2538/source/watchdog.c ****     //
 130:build/openmote-cc2538_armgcc/bsp/boards/openmote-cc2538/source/watchdog.c ****     HWREG(SMWDTHROSC_WDCTL) = ui32Reg1;
 132              		.loc 1 130 0
 133 0080 054A     		ldr	r2, .L5
 134 0082 7B68     		ldr	r3, [r7, #4]
 135 0084 1360     		str	r3, [r2]
 131:build/openmote-cc2538_armgcc/bsp/boards/openmote-cc2538/source/watchdog.c ****     HWREG(SMWDTHROSC_WDCTL) = ui32Reg2;
 136              		.loc 1 131 0
 137 0086 044A     		ldr	r2, .L5
 138 0088 3B68     		ldr	r3, [r7]
 139 008a 1360     		str	r3, [r2]
 132:build/openmote-cc2538_armgcc/bsp/boards/openmote-cc2538/source/watchdog.c **** }
 140              		.loc 1 132 0
 141 008c 00BF     		nop
 142 008e 0C37     		adds	r7, r7, #12
 143              		.cfi_def_cfa_offset 4
 144 0090 BD46     		mov	sp, r7
 145              		.cfi_def_cfa_register 13
 146              		@ sp needed
 147 0092 80BC     		pop	{r7}
 148              		.cfi_restore 7
 149              		.cfi_def_cfa_offset 0
 150 0094 7047     		bx	lr
 151              	.L6:
 152 0096 00BF     		.align	2
 153              	.L5:
 154 0098 00500D40 		.word	1074614272
 155              		.cfi_endproc
 156              	.LFE1:
 158              	.Letext0:
 159              		.file 2 "/usr/include/newlib/machine/_default_types.h"
 160              		.file 3 "/usr/include/newlib/sys/_stdint.h"
DEFINED SYMBOLS
                            *ABS*:0000000000000000 watchdog.c
     /tmp/ccwYaB2K.s:19     .text:0000000000000000 $t
     /tmp/ccwYaB2K.s:24     .text:0000000000000000 WatchdogEnable
     /tmp/ccwYaB2K.s:93     .text:0000000000000058 $d
     /tmp/ccwYaB2K.s:97     .text:000000000000005c $t
     /tmp/ccwYaB2K.s:102    .text:000000000000005c WatchdogClear
     /tmp/ccwYaB2K.s:154    .text:0000000000000098 $d
                     .debug_frame:0000000000000010 $d
                           .group:0000000000000000 wm4.0.8e445c0106ab795ab4704214cba6f089
                           .group:0000000000000000 wm4.hw_ints.h.42.85b9479f2be35b086f1bb7cbb15bc097
                           .group:0000000000000000 wm4.hw_memmap.h.39.19283c377d449c9bca5fdd8ccb62628c
                           .group:0000000000000000 wm4.hw_smwdthrosc.h.39.ab42722bc5551495328d9a67238c9bbc
                           .group:0000000000000000 wm4._newlib_version.h.4.ad342815780c8db09778091a421b5b5b
                           .group:0000000000000000 wm4.features.h.33.d97f2d646536517df901beeb5b9993f5
                           .group:0000000000000000 wm4._default_types.h.15.933e8edd27a65e0b69af4a865eb623d2
                           .group:0000000000000000 wm4._intsup.h.10.b82bf99f69d6a5c085fc866de0d3eb9b
                           .group:0000000000000000 wm4._stdint.h.10.7a5f60e6741af4a5594a3867d347e1f9
                           .group:0000000000000000 wm4.stdint.h.23.373a9d32a9e4c2e88fd347156532d281
                           .group:0000000000000000 wm4.stdbool.h.29.07dce69c3b78884144b7f7bd19483461
                           .group:0000000000000000 wm4.hw_types.h.67.b10589a0806dcc2d274d6fab6b736519
                           .group:0000000000000000 wm4.interrupt.h.41.272fc4ec0e276feb439e7974d0f77eaf
                           .group:0000000000000000 wm4.watchdog.h.41.4d890ddcf93e25ea4cd0b933e3b6214e

NO UNDEFINED SYMBOLS
