   1              		.syntax unified
   2              		.cpu cortex-m3
   3              		.fpu softvfp
   4              		.eabi_attribute 20, 1
   5              		.eabi_attribute 21, 1
   6              		.eabi_attribute 23, 3
   7              		.eabi_attribute 24, 1
   8              		.eabi_attribute 25, 1
   9              		.eabi_attribute 26, 1
  10              		.eabi_attribute 30, 6
  11              		.eabi_attribute 34, 1
  12              		.eabi_attribute 18, 4
  13              		.thumb
  14              		.syntax unified
  15              		.file	"whispersender.c"
  16              		.text
  17              	.Ltext0:
  18              		.cfi_sections	.debug_frame
  19              		.section	.rodata
  20              		.align	2
  23              	rreg_uriquery:
  24 0000 683D7563 		.ascii	"h=ucb\000"
  24      6200
  25 0006 0000     		.align	2
  28              	infoBoardname:
  29 0008 43433235 		.ascii	"CC2538\000"
  29      333800
  30 000f 00       		.align	2
  33              	infouCName:
  34 0010 43433235 		.ascii	"CC2538\000"
  34      333800
  35 0017 00       		.align	2
  38              	infoRadioName:
  39 0018 43433235 		.ascii	"CC2538 SoC\000"
  39      33382053 
  39      6F4300
  40 0023 00       		.align	2
  43              	infoStackName:
  44 0024 4F70656E 		.ascii	"OpenWSN \000"
  44      57534E20 
  44      00
  45 002d 000000   		.align	2
  48              	ipAddr_ipsoRD:
  49 0030 26       		.byte	38
  50 0031 07       		.byte	7
  51 0032 F7       		.byte	-9
  52 0033 40       		.byte	64
  53 0034 00       		.byte	0
  54 0035 00       		.byte	0
  55 0036 00       		.byte	0
  56 0037 3F       		.byte	63
  57 0038 00       		.byte	0
  58 0039 00       		.byte	0
  59 003a 00       		.byte	0
  60 003b 00       		.byte	0
  61 003c 00       		.byte	0
  62 003d 00       		.byte	0
  63 003e 0E       		.byte	14
  64 003f 29       		.byte	41
  65              		.align	2
  68              	ipAddr_motesEecs:
  69 0040 20       		.byte	32
  70 0041 01       		.byte	1
  71 0042 04       		.byte	4
  72 0043 70       		.byte	112
  73 0044 00       		.byte	0
  74 0045 66       		.byte	102
  75 0046 00       		.byte	0
  76 0047 19       		.byte	25
  77 0048 00       		.byte	0
  78 0049 00       		.byte	0
  79 004a 00       		.byte	0
  80 004b 00       		.byte	0
  81 004c 00       		.byte	0
  82 004d 00       		.byte	0
  83 004e 00       		.byte	0
  84 004f 02       		.byte	2
  85              		.align	2
  88              	ipAddr_local:
  89 0050 26       		.byte	38
  90 0051 07       		.byte	7
  91 0052 F1       		.byte	-15
  92 0053 40       		.byte	64
  93 0054 04       		.byte	4
  94 0055 00       		.byte	0
  95 0056 10       		.byte	16
  96 0057 36       		.byte	54
  97 0058 4D       		.byte	77
  98 0059 CD       		.byte	-51
  99 005a AB       		.byte	-85
 100 005b 54       		.byte	84
 101 005c 81       		.byte	-127
 102 005d 99       		.byte	-103
 103 005e C1       		.byte	-63
 104 005f F7       		.byte	-9
 105              		.align	2
 108              	ipAddr_motedata:
 109 0060 20       		.byte	32
 110 0061 01       		.byte	1
 111 0062 04       		.byte	4
 112 0063 70       		.byte	112
 113 0064 00       		.byte	0
 114 0065 66       		.byte	102
 115 0066 00       		.byte	0
 116 0067 17       		.byte	23
 117 0068 00       		.byte	0
 118 0069 00       		.byte	0
 119 006a 00       		.byte	0
 120 006b 00       		.byte	0
 121 006c 00       		.byte	0
 122 006d 00       		.byte	0
 123 006e 00       		.byte	0
 124 006f 02       		.byte	2
 125              		.align	2
 128              	ipAddr_ringmaster:
 129 0070 BB       		.byte	-69
 130 0071 BB       		.byte	-69
 131 0072 00       		.byte	0
 132 0073 00       		.byte	0
 133 0074 00       		.byte	0
 134 0075 00       		.byte	0
 135 0076 00       		.byte	0
 136 0077 00       		.byte	0
 137 0078 00       		.byte	0
 138 0079 00       		.byte	0
 139 007a 00       		.byte	0
 140 007b 00       		.byte	0
 141 007c 00       		.byte	0
 142 007d 00       		.byte	0
 143 007e 00       		.byte	0
 144 007f 01       		.byte	1
 145              		.align	2
 148              	chTemplate_default:
 149 0080 05       		.byte	5
 150 0081 06       		.byte	6
 151 0082 0C       		.byte	12
 152 0083 07       		.byte	7
 153 0084 0F       		.byte	15
 154 0085 04       		.byte	4
 155 0086 0E       		.byte	14
 156 0087 0B       		.byte	11
 157 0088 08       		.byte	8
 158 0089 00       		.byte	0
 159 008a 01       		.byte	1
 160 008b 02       		.byte	2
 161 008c 0D       		.byte	13
 162 008d 03       		.byte	3
 163 008e 09       		.byte	9
 164 008f 0A       		.byte	10
 165              		.align	2
 168              	ebIEsBytestream:
 169 0090 1A       		.byte	26
 170 0091 88       		.byte	-120
 171 0092 06       		.byte	6
 172 0093 1A       		.byte	26
 173 0094 00       		.byte	0
 174 0095 00       		.byte	0
 175 0096 00       		.byte	0
 176 0097 00       		.byte	0
 177 0098 00       		.byte	0
 178 0099 00       		.byte	0
 179 009a 01       		.byte	1
 180 009b 1C       		.byte	28
 181 009c 00       		.byte	0
 182 009d 01       		.byte	1
 183 009e C8       		.byte	-56
 184 009f 00       		.byte	0
 185 00a0 0A       		.byte	10
 186 00a1 1B       		.byte	27
 187 00a2 01       		.byte	1
 188 00a3 00       		.byte	0
 189 00a4 17       		.byte	23
 190 00a5 00       		.byte	0
 191 00a6 01       		.byte	1
 192 00a7 00       		.byte	0
 193 00a8 00       		.byte	0
 194 00a9 00       		.byte	0
 195 00aa 00       		.byte	0
 196 00ab 0F       		.byte	15
 197              		.align	2
 200              	linklocalprefix:
 201 00ac FE       		.byte	-2
 202 00ad 80       		.byte	-128
 203 00ae 00       		.byte	0
 204 00af 00       		.byte	0
 205 00b0 00       		.byte	0
 206 00b1 00       		.byte	0
 207 00b2 00       		.byte	0
 208 00b3 00       		.byte	0
 209              		.comm	whispersender_vars,80,4
 210              		.align	2
 213              	whispersender_payload:
 214 00b4 77686973 		.ascii	"whispersender\000"
 214      70657273 
 214      656E6465 
 214      7200
 215 00c2 0000     		.align	2
 218              	whispersender_dst_addr:
 219 00c4 BB       		.byte	-69
 220 00c5 BB       		.byte	-69
 221 00c6 00       		.byte	0
 222 00c7 00       		.byte	0
 223 00c8 00       		.byte	0
 224 00c9 00       		.byte	0
 225 00ca 00       		.byte	0
 226 00cb 00       		.byte	0
 227 00cc 00       		.byte	0
 228 00cd 00       		.byte	0
 229 00ce 00       		.byte	0
 230 00cf 00       		.byte	0
 231 00d0 00       		.byte	0
 232 00d1 00       		.byte	0
 233 00d2 00       		.byte	0
 234 00d3 01       		.byte	1
 235              		.global	whispersender_path0
 236              		.align	2
 239              	whispersender_path0:
 240 00d4 7000     		.ascii	"p\000"
 241              		.text
 242              		.align	2
 243              		.global	whispersender_init
 244              		.thumb
 245              		.thumb_func
 247              	whispersender_init:
 248              	.LFB0:
 249              		.file 1 "build/openmote-cc2538_armgcc/openapps/whispersender/whispersender.c"
   1:build/openmote-cc2538_armgcc/openapps/whispersender/whispersender.c **** #include "opendefs.h"
   2:build/openmote-cc2538_armgcc/openapps/whispersender/whispersender.c **** #include "whispersender.h"
   3:build/openmote-cc2538_armgcc/openapps/whispersender/whispersender.c **** #include "openqueue.h"
   4:build/openmote-cc2538_armgcc/openapps/whispersender/whispersender.c **** #include "openserial.h"
   5:build/openmote-cc2538_armgcc/openapps/whispersender/whispersender.c **** #include "packetfunctions.h"
   6:build/openmote-cc2538_armgcc/openapps/whispersender/whispersender.c **** #include "scheduler.h"
   7:build/openmote-cc2538_armgcc/openapps/whispersender/whispersender.c **** #include "IEEE802154E.h"
   8:build/openmote-cc2538_armgcc/openapps/whispersender/whispersender.c **** #include "idmanager.h"
   9:build/openmote-cc2538_armgcc/openapps/whispersender/whispersender.c **** #include "opencoap.h"
  10:build/openmote-cc2538_armgcc/openapps/whispersender/whispersender.c **** 
  11:build/openmote-cc2538_armgcc/openapps/whispersender/whispersender.c **** //=========================== variables =======================================
  12:build/openmote-cc2538_armgcc/openapps/whispersender/whispersender.c **** 
  13:build/openmote-cc2538_armgcc/openapps/whispersender/whispersender.c **** whispersender_vars_t whispersender_vars;
  14:build/openmote-cc2538_armgcc/openapps/whispersender/whispersender.c **** 
  15:build/openmote-cc2538_armgcc/openapps/whispersender/whispersender.c **** static const uint8_t whispersender_payload[]    = "whispersender";
  16:build/openmote-cc2538_armgcc/openapps/whispersender/whispersender.c **** static const uint8_t whispersender_dst_addr[]   = {
  17:build/openmote-cc2538_armgcc/openapps/whispersender/whispersender.c ****    0xbb, 0xbb, 0x00, 0x00, 0x00, 0x00, 0x00, 0x00,
  18:build/openmote-cc2538_armgcc/openapps/whispersender/whispersender.c ****    0x00, 0x00, 0x00, 0x00, 0x00, 0x00, 0x00, 0x01
  19:build/openmote-cc2538_armgcc/openapps/whispersender/whispersender.c **** }; 
  20:build/openmote-cc2538_armgcc/openapps/whispersender/whispersender.c **** 
  21:build/openmote-cc2538_armgcc/openapps/whispersender/whispersender.c **** const uint8_t whispersender_path0[] = "p";
  22:build/openmote-cc2538_armgcc/openapps/whispersender/whispersender.c **** 
  23:build/openmote-cc2538_armgcc/openapps/whispersender/whispersender.c **** //=========================== prototypes ======================================
  24:build/openmote-cc2538_armgcc/openapps/whispersender/whispersender.c **** 
  25:build/openmote-cc2538_armgcc/openapps/whispersender/whispersender.c **** void whispersender_timer_cb(opentimers_id_t id);
  26:build/openmote-cc2538_armgcc/openapps/whispersender/whispersender.c **** void whispersender_task_cb(void);
  27:build/openmote-cc2538_armgcc/openapps/whispersender/whispersender.c **** owerror_t whispersender_receiveCoap(
  28:build/openmote-cc2538_armgcc/openapps/whispersender/whispersender.c ****       OpenQueueEntry_t* msg,
  29:build/openmote-cc2538_armgcc/openapps/whispersender/whispersender.c ****       coap_header_iht* coap_header,
  30:build/openmote-cc2538_armgcc/openapps/whispersender/whispersender.c ****       coap_option_iht* coap_options
  31:build/openmote-cc2538_armgcc/openapps/whispersender/whispersender.c ****    );
  32:build/openmote-cc2538_armgcc/openapps/whispersender/whispersender.c **** void whispersender_receiveUdp(OpenQueueEntry_t* pkt);
  33:build/openmote-cc2538_armgcc/openapps/whispersender/whispersender.c **** void whispersender_sendDoneCoap(OpenQueueEntry_t* msg, owerror_t error);
  34:build/openmote-cc2538_armgcc/openapps/whispersender/whispersender.c **** 
  35:build/openmote-cc2538_armgcc/openapps/whispersender/whispersender.c **** void whispersender_sendDoneUdp(OpenQueueEntry_t* msg, owerror_t error);
  36:build/openmote-cc2538_armgcc/openapps/whispersender/whispersender.c **** //=========================== public ==========================================
  37:build/openmote-cc2538_armgcc/openapps/whispersender/whispersender.c **** 
  38:build/openmote-cc2538_armgcc/openapps/whispersender/whispersender.c **** void whispersender_init() {
 250              		.loc 1 38 0
 251              		.cfi_startproc
 252              		@ args = 0, pretend = 0, frame = 0
 253              		@ frame_needed = 1, uses_anonymous_args = 0
 254 0000 80B5     		push	{r7, lr}
 255              		.cfi_def_cfa_offset 8
 256              		.cfi_offset 7, -8
 257              		.cfi_offset 14, -4
 258 0002 00AF     		add	r7, sp, #0
 259              		.cfi_def_cfa_register 7
  39:build/openmote-cc2538_armgcc/openapps/whispersender/whispersender.c **** 
  40:build/openmote-cc2538_armgcc/openapps/whispersender/whispersender.c ****     // do not run if DAGroot
  41:build/openmote-cc2538_armgcc/openapps/whispersender/whispersender.c ****     if(idmanager_getIsDAGroot()==TRUE) return; 
 260              		.loc 1 41 0
 261 0004 FFF7FEFF 		bl	idmanager_getIsDAGroot
 262 0008 0346     		mov	r3, r0
 263 000a 002B     		cmp	r3, #0
 264 000c 43D1     		bne	.L5
  42:build/openmote-cc2538_armgcc/openapps/whispersender/whispersender.c ****     // do not run if not whisper node
  43:build/openmote-cc2538_armgcc/openapps/whispersender/whispersender.c ****     if(idmanager_getMyID(ADDR_64B)->addr_64b[7] != 0x67) return;	//only mote 4 can send
 265              		.loc 1 43 0
 266 000e 0220     		movs	r0, #2
 267 0010 FFF7FEFF 		bl	idmanager_getMyID
 268 0014 0346     		mov	r3, r0
 269 0016 1B7A     		ldrb	r3, [r3, #8]	@ zero_extendqisi2
 270 0018 672B     		cmp	r3, #103
 271 001a 3ED1     		bne	.L6
  44:build/openmote-cc2538_armgcc/openapps/whispersender/whispersender.c **** 
  45:build/openmote-cc2538_armgcc/openapps/whispersender/whispersender.c ****     //leds_debug_toggle();
  46:build/openmote-cc2538_armgcc/openapps/whispersender/whispersender.c ****     // clear local variables
  47:build/openmote-cc2538_armgcc/openapps/whispersender/whispersender.c ****     memset(&whispersender_vars,0,sizeof(whispersender_vars_t));
 272              		.loc 1 47 0
 273 001c 5022     		movs	r2, #80
 274 001e 0021     		movs	r1, #0
 275 0020 1F48     		ldr	r0, .L7
 276 0022 FFF7FEFF 		bl	memset
  48:build/openmote-cc2538_armgcc/openapps/whispersender/whispersender.c **** 
  49:build/openmote-cc2538_armgcc/openapps/whispersender/whispersender.c **** 
  50:build/openmote-cc2538_armgcc/openapps/whispersender/whispersender.c ****     whispersender_vars.descoap.path0len             = sizeof(whispersender_path0)-1;
 277              		.loc 1 50 0
 278 0026 1E4B     		ldr	r3, .L7
 279 0028 0122     		movs	r2, #1
 280 002a 1A72     		strb	r2, [r3, #8]
  51:build/openmote-cc2538_armgcc/openapps/whispersender/whispersender.c ****     whispersender_vars.descoap.path0val             = (uint8_t*)(&whispersender_path0);
 281              		.loc 1 51 0
 282 002c 1C4B     		ldr	r3, .L7
 283 002e 1D4A     		ldr	r2, .L7+4
 284 0030 DA60     		str	r2, [r3, #12]
  52:build/openmote-cc2538_armgcc/openapps/whispersender/whispersender.c ****     whispersender_vars.descoap.path1len             = 0;
 285              		.loc 1 52 0
 286 0032 1B4B     		ldr	r3, .L7
 287 0034 0022     		movs	r2, #0
 288 0036 1A74     		strb	r2, [r3, #16]
  53:build/openmote-cc2538_armgcc/openapps/whispersender/whispersender.c ****     whispersender_vars.descoap.path1val             = NULL;
 289              		.loc 1 53 0
 290 0038 194B     		ldr	r3, .L7
 291 003a 0022     		movs	r2, #0
 292 003c 5A61     		str	r2, [r3, #20]
  54:build/openmote-cc2538_armgcc/openapps/whispersender/whispersender.c ****     whispersender_vars.descoap.componentID          = COMPONENT_WHISPERSENDER;
 293              		.loc 1 54 0
 294 003e 184B     		ldr	r3, .L7
 295 0040 2E22     		movs	r2, #46
 296 0042 1A76     		strb	r2, [r3, #24]
  55:build/openmote-cc2538_armgcc/openapps/whispersender/whispersender.c ****     whispersender_vars.descoap.discoverable         = TRUE;
 297              		.loc 1 55 0
 298 0044 164B     		ldr	r3, .L7
 299 0046 0122     		movs	r2, #1
 300 0048 83F82020 		strb	r2, [r3, #32]
  56:build/openmote-cc2538_armgcc/openapps/whispersender/whispersender.c ****     whispersender_vars.descoap.callbackRx           = &whispersender_receiveCoap;
 301              		.loc 1 56 0
 302 004c 144B     		ldr	r3, .L7
 303 004e 164A     		ldr	r2, .L7+8
 304 0050 5A62     		str	r2, [r3, #36]
  57:build/openmote-cc2538_armgcc/openapps/whispersender/whispersender.c ****     whispersender_vars.descoap.callbackSendDone     = &whispersender_sendDoneCoap;
 305              		.loc 1 57 0
 306 0052 134B     		ldr	r3, .L7
 307 0054 154A     		ldr	r2, .L7+12
 308 0056 9A62     		str	r2, [r3, #40]
  58:build/openmote-cc2538_armgcc/openapps/whispersender/whispersender.c **** 
  59:build/openmote-cc2538_armgcc/openapps/whispersender/whispersender.c ****     whispersender_vars.timerIdWhispersender = opentimers_create();
 309              		.loc 1 59 0
 310 0058 FFF7FEFF 		bl	opentimers_create
 311 005c 0346     		mov	r3, r0
 312 005e 1A46     		mov	r2, r3
 313 0060 0F4B     		ldr	r3, .L7
 314 0062 1A70     		strb	r2, [r3]
  60:build/openmote-cc2538_armgcc/openapps/whispersender/whispersender.c ****     whispersender_vars.counter=0;
 315              		.loc 1 60 0
 316 0064 0E4B     		ldr	r3, .L7
 317 0066 0022     		movs	r2, #0
 318 0068 5A80     		strh	r2, [r3, #2]	@ movhi
  61:build/openmote-cc2538_armgcc/openapps/whispersender/whispersender.c **** 
  62:build/openmote-cc2538_armgcc/openapps/whispersender/whispersender.c ****     // register with the CoAP module
  63:build/openmote-cc2538_armgcc/openapps/whispersender/whispersender.c ****     opencoap_register(&whispersender_vars.descoap);
 319              		.loc 1 63 0
 320 006a 1148     		ldr	r0, .L7+16
 321 006c FFF7FEFF 		bl	opencoap_register
  64:build/openmote-cc2538_armgcc/openapps/whispersender/whispersender.c **** 
  65:build/openmote-cc2538_armgcc/openapps/whispersender/whispersender.c **** 
  66:build/openmote-cc2538_armgcc/openapps/whispersender/whispersender.c ****     whispersender_vars.period = WHISPERSENDER_PERIOD_MS;
 322              		.loc 1 66 0
 323 0070 0B4B     		ldr	r3, .L7
 324 0072 4FF47A72 		mov	r2, #1000
 325 0076 9A80     		strh	r2, [r3, #4]	@ movhi
  67:build/openmote-cc2538_armgcc/openapps/whispersender/whispersender.c **** 
  68:build/openmote-cc2538_armgcc/openapps/whispersender/whispersender.c ****         // register at UDP stack
  69:build/openmote-cc2538_armgcc/openapps/whispersender/whispersender.c ****     whispersender_vars.descudp.port              	= WKP_UDP_WHISPER;
 326              		.loc 1 69 0
 327 0078 094B     		ldr	r3, .L7
 328 007a 4FF2B402 		movw	r2, #61620
 329 007e A3F84020 		strh	r2, [r3, #64]	@ movhi
  70:build/openmote-cc2538_armgcc/openapps/whispersender/whispersender.c ****     whispersender_vars.descudp.callbackReceive      = &whispersender_receiveUdp;
 330              		.loc 1 70 0
 331 0082 074B     		ldr	r3, .L7
 332 0084 0B4A     		ldr	r2, .L7+20
 333 0086 5A64     		str	r2, [r3, #68]
  71:build/openmote-cc2538_armgcc/openapps/whispersender/whispersender.c ****     whispersender_vars.descudp.callbackSendDone     = &whispersender_sendDoneUdp;
 334              		.loc 1 71 0
 335 0088 054B     		ldr	r3, .L7
 336 008a 0B4A     		ldr	r2, .L7+24
 337 008c 9A64     		str	r2, [r3, #72]
  72:build/openmote-cc2538_armgcc/openapps/whispersender/whispersender.c ****     openudp_register(&whispersender_vars.descudp);
 338              		.loc 1 72 0
 339 008e 0B48     		ldr	r0, .L7+28
 340 0090 FFF7FEFF 		bl	openudp_register
 341 0094 02E0     		b	.L1
 342              	.L5:
  41:build/openmote-cc2538_armgcc/openapps/whispersender/whispersender.c ****     // do not run if not whisper node
 343              		.loc 1 41 0
 344 0096 00BF     		nop
 345 0098 00E0     		b	.L1
 346              	.L6:
  43:build/openmote-cc2538_armgcc/openapps/whispersender/whispersender.c **** 
 347              		.loc 1 43 0
 348 009a 00BF     		nop
 349              	.L1:
  73:build/openmote-cc2538_armgcc/openapps/whispersender/whispersender.c **** 
  74:build/openmote-cc2538_armgcc/openapps/whispersender/whispersender.c **** /*    // start periodic timer*/
  75:build/openmote-cc2538_armgcc/openapps/whispersender/whispersender.c **** /*    whispersender_sender_vars.timerId = opentimers_create();*/
  76:build/openmote-cc2538_armgcc/openapps/whispersender/whispersender.c **** /*    opentimers_scheduleIn(*/
  77:build/openmote-cc2538_armgcc/openapps/whispersender/whispersender.c **** /*        whispersender_sender_vars.timerId,*/
  78:build/openmote-cc2538_armgcc/openapps/whispersender/whispersender.c **** /*        WHISPER_SENDER_PERIOD_MS,*/
  79:build/openmote-cc2538_armgcc/openapps/whispersender/whispersender.c **** /*        TIME_MS,*/
  80:build/openmote-cc2538_armgcc/openapps/whispersender/whispersender.c **** /*        TIMER_PERIODIC,*/
  81:build/openmote-cc2538_armgcc/openapps/whispersender/whispersender.c **** /*        whispersender_sender_timer_cb*/
  82:build/openmote-cc2538_armgcc/openapps/whispersender/whispersender.c **** /*    );*/
  83:build/openmote-cc2538_armgcc/openapps/whispersender/whispersender.c **** }
 350              		.loc 1 83 0
 351 009c 80BD     		pop	{r7, pc}
 352              	.L8:
 353 009e 00BF     		.align	2
 354              	.L7:
 355 00a0 00000000 		.word	whispersender_vars
 356 00a4 00000000 		.word	whispersender_path0
 357 00a8 00000000 		.word	whispersender_receiveCoap
 358 00ac 00000000 		.word	whispersender_sendDoneCoap
 359 00b0 08000000 		.word	whispersender_vars+8
 360 00b4 00000000 		.word	whispersender_receiveUdp
 361 00b8 00000000 		.word	whispersender_sendDoneUdp
 362 00bc 40000000 		.word	whispersender_vars+64
 363              		.cfi_endproc
 364              	.LFE0:
 366              		.align	2
 367              		.global	whispersender_receiveUdp
 368              		.thumb
 369              		.thumb_func
 371              	whispersender_receiveUdp:
 372              	.LFB1:
  84:build/openmote-cc2538_armgcc/openapps/whispersender/whispersender.c **** 
  85:build/openmote-cc2538_armgcc/openapps/whispersender/whispersender.c **** void whispersender_receiveUdp(OpenQueueEntry_t* pkt) {
 373              		.loc 1 85 0
 374              		.cfi_startproc
 375              		@ args = 0, pretend = 0, frame = 8
 376              		@ frame_needed = 1, uses_anonymous_args = 0
 377 00c0 80B5     		push	{r7, lr}
 378              		.cfi_def_cfa_offset 8
 379              		.cfi_offset 7, -8
 380              		.cfi_offset 14, -4
 381 00c2 82B0     		sub	sp, sp, #8
 382              		.cfi_def_cfa_offset 16
 383 00c4 00AF     		add	r7, sp, #0
 384              		.cfi_def_cfa_register 7
 385 00c6 7860     		str	r0, [r7, #4]
  86:build/openmote-cc2538_armgcc/openapps/whispersender/whispersender.c ****    
  87:build/openmote-cc2538_armgcc/openapps/whispersender/whispersender.c ****    openqueue_freePacketBuffer(pkt);
 386              		.loc 1 87 0
 387 00c8 7868     		ldr	r0, [r7, #4]
 388 00ca FFF7FEFF 		bl	openqueue_freePacketBuffer
  88:build/openmote-cc2538_armgcc/openapps/whispersender/whispersender.c ****    
  89:build/openmote-cc2538_armgcc/openapps/whispersender/whispersender.c ****    openserial_printError(
 389              		.loc 1 89 0
 390 00ce 0023     		movs	r3, #0
 391 00d0 0022     		movs	r2, #0
 392 00d2 0221     		movs	r1, #2
 393 00d4 2520     		movs	r0, #37
 394 00d6 FFF7FEFF 		bl	openserial_printError
  90:build/openmote-cc2538_armgcc/openapps/whispersender/whispersender.c ****       COMPONENT_UINJECT,
  91:build/openmote-cc2538_armgcc/openapps/whispersender/whispersender.c ****       ERR_RCVD_ECHO_REPLY,
  92:build/openmote-cc2538_armgcc/openapps/whispersender/whispersender.c ****       (errorparameter_t)0,
  93:build/openmote-cc2538_armgcc/openapps/whispersender/whispersender.c ****       (errorparameter_t)0
  94:build/openmote-cc2538_armgcc/openapps/whispersender/whispersender.c ****    );
  95:build/openmote-cc2538_armgcc/openapps/whispersender/whispersender.c **** }
 395              		.loc 1 95 0
 396 00da 00BF     		nop
 397 00dc 0837     		adds	r7, r7, #8
 398              		.cfi_def_cfa_offset 8
 399 00de BD46     		mov	sp, r7
 400              		.cfi_def_cfa_register 13
 401              		@ sp needed
 402 00e0 80BD     		pop	{r7, pc}
 403              		.cfi_endproc
 404              	.LFE1:
 406 00e2 00BF     		.align	2
 407              		.global	whispersender_receiveCoap
 408              		.thumb
 409              		.thumb_func
 411              	whispersender_receiveCoap:
 412              	.LFB2:
  96:build/openmote-cc2538_armgcc/openapps/whispersender/whispersender.c **** 
  97:build/openmote-cc2538_armgcc/openapps/whispersender/whispersender.c **** 
  98:build/openmote-cc2538_armgcc/openapps/whispersender/whispersender.c **** owerror_t whispersender_receiveCoap(
  99:build/openmote-cc2538_armgcc/openapps/whispersender/whispersender.c **** 	      OpenQueueEntry_t* msg,
 100:build/openmote-cc2538_armgcc/openapps/whispersender/whispersender.c **** 	      coap_header_iht* coap_header,
 101:build/openmote-cc2538_armgcc/openapps/whispersender/whispersender.c **** 	      coap_option_iht* coap_options) {
 413              		.loc 1 101 0
 414              		.cfi_startproc
 415              		@ args = 0, pretend = 0, frame = 24
 416              		@ frame_needed = 1, uses_anonymous_args = 0
 417 00e4 80B5     		push	{r7, lr}
 418              		.cfi_def_cfa_offset 8
 419              		.cfi_offset 7, -8
 420              		.cfi_offset 14, -4
 421 00e6 88B0     		sub	sp, sp, #32
 422              		.cfi_def_cfa_offset 40
 423 00e8 02AF     		add	r7, sp, #8
 424              		.cfi_def_cfa 7, 32
 425 00ea F860     		str	r0, [r7, #12]
 426 00ec B960     		str	r1, [r7, #8]
 427 00ee 7A60     		str	r2, [r7, #4]
 102:build/openmote-cc2538_armgcc/openapps/whispersender/whispersender.c ****    
 103:build/openmote-cc2538_armgcc/openapps/whispersender/whispersender.c **** 
 104:build/openmote-cc2538_armgcc/openapps/whispersender/whispersender.c ****    uint8_t          i;
 105:build/openmote-cc2538_armgcc/openapps/whispersender/whispersender.c ****    owerror_t outcome=0;
 428              		.loc 1 105 0
 429 00f0 0023     		movs	r3, #0
 430 00f2 FB75     		strb	r3, [r7, #23]
 106:build/openmote-cc2538_armgcc/openapps/whispersender/whispersender.c **** 
 107:build/openmote-cc2538_armgcc/openapps/whispersender/whispersender.c **** 
 108:build/openmote-cc2538_armgcc/openapps/whispersender/whispersender.c ****    switch (coap_header->Code) {
 431              		.loc 1 108 0
 432 00f4 BB68     		ldr	r3, [r7, #8]
 433 00f6 DB78     		ldrb	r3, [r3, #3]	@ zero_extendqisi2
 434 00f8 032B     		cmp	r3, #3
 435 00fa 23D1     		bne	.L17
 109:build/openmote-cc2538_armgcc/openapps/whispersender/whispersender.c ****       case COAP_CODE_REQ_PUT:
 110:build/openmote-cc2538_armgcc/openapps/whispersender/whispersender.c **** 
 111:build/openmote-cc2538_armgcc/openapps/whispersender/whispersender.c **** 			//printf("I am TARGET node %d, received a COAP message to start sending packets to the root \n",
 112:build/openmote-cc2538_armgcc/openapps/whispersender/whispersender.c **** 				//sending FAKE DIO
 113:build/openmote-cc2538_armgcc/openapps/whispersender/whispersender.c **** 			//if ( (msg->payload[0]==120) && (msg->payload[1]==4) && (msg->payload[2]==2) && (msg->payload[3
 114:build/openmote-cc2538_armgcc/openapps/whispersender/whispersender.c **** 			if ( msg->payload[0]==120) {
 436              		.loc 1 114 0
 437 00fc FB68     		ldr	r3, [r7, #12]
 438 00fe 5B68     		ldr	r3, [r3, #4]
 439 0100 1B78     		ldrb	r3, [r3]	@ zero_extendqisi2
 440 0102 782B     		cmp	r3, #120
 441 0104 18D1     		bne	.L13
 115:build/openmote-cc2538_armgcc/openapps/whispersender/whispersender.c **** 				//printf("I am TARGET node %d, starting sending packets to the root \n", idmanager_getMyID(ADDR
 116:build/openmote-cc2538_armgcc/openapps/whispersender/whispersender.c **** 				   opentimers_scheduleIn(
 442              		.loc 1 116 0
 443 0106 134B     		ldr	r3, .L18
 444 0108 1878     		ldrb	r0, [r3]	@ zero_extendqisi2
 117:build/openmote-cc2538_armgcc/openapps/whispersender/whispersender.c **** 					   whispersender_vars.timerIdWhispersender,
 118:build/openmote-cc2538_armgcc/openapps/whispersender/whispersender.c **** 					   whispersender_vars.period,
 445              		.loc 1 118 0
 446 010a 124B     		ldr	r3, .L18
 447 010c 9B88     		ldrh	r3, [r3, #4]
 116:build/openmote-cc2538_armgcc/openapps/whispersender/whispersender.c **** 					   whispersender_vars.timerIdWhispersender,
 448              		.loc 1 116 0
 449 010e 1946     		mov	r1, r3
 450 0110 114B     		ldr	r3, .L18+4
 451 0112 0093     		str	r3, [sp]
 452 0114 0023     		movs	r3, #0
 453 0116 0022     		movs	r2, #0
 454 0118 FFF7FEFF 		bl	opentimers_scheduleIn
 119:build/openmote-cc2538_armgcc/openapps/whispersender/whispersender.c **** 					   TIME_MS,
 120:build/openmote-cc2538_armgcc/openapps/whispersender/whispersender.c **** 					   TIMER_PERIODIC,
 121:build/openmote-cc2538_armgcc/openapps/whispersender/whispersender.c **** 					   whispersender_timer_cb
 122:build/openmote-cc2538_armgcc/openapps/whispersender/whispersender.c **** 				   );
 123:build/openmote-cc2538_armgcc/openapps/whispersender/whispersender.c **** 
 124:build/openmote-cc2538_armgcc/openapps/whispersender/whispersender.c **** 			}else{
 125:build/openmote-cc2538_armgcc/openapps/whispersender/whispersender.c **** 
 126:build/openmote-cc2538_armgcc/openapps/whispersender/whispersender.c **** 				//printf("I am TARGET node %d, end operation (bad Coap request: format -> x)\n",idmanager_getMy
 127:build/openmote-cc2538_armgcc/openapps/whispersender/whispersender.c **** 			    outcome                       = E_FAIL;
 128:build/openmote-cc2538_armgcc/openapps/whispersender/whispersender.c **** 			    coap_header->Code             = COAP_CODE_RESP_CHANGED;
 129:build/openmote-cc2538_armgcc/openapps/whispersender/whispersender.c **** 					//back to IDLE
 130:build/openmote-cc2538_armgcc/openapps/whispersender/whispersender.c **** 				break;
 131:build/openmote-cc2538_armgcc/openapps/whispersender/whispersender.c **** 			}
 132:build/openmote-cc2538_armgcc/openapps/whispersender/whispersender.c **** 			//printf("Done COAP\n");
 133:build/openmote-cc2538_armgcc/openapps/whispersender/whispersender.c **** 	        //=== reset packet payload (we will reuse this packetBuffer)
 134:build/openmote-cc2538_armgcc/openapps/whispersender/whispersender.c **** 	        msg->payload                     = &(msg->packet[127]);
 455              		.loc 1 134 0
 456 011c FB68     		ldr	r3, [r7, #12]
 457 011e 03F23F12 		addw	r2, r3, #319
 458 0122 FB68     		ldr	r3, [r7, #12]
 459 0124 5A60     		str	r2, [r3, #4]
 135:build/openmote-cc2538_armgcc/openapps/whispersender/whispersender.c **** 	        msg->length                      = 0;
 460              		.loc 1 135 0
 461 0126 FB68     		ldr	r3, [r7, #12]
 462 0128 0022     		movs	r2, #0
 463 012a 1A72     		strb	r2, [r3, #8]
 136:build/openmote-cc2538_armgcc/openapps/whispersender/whispersender.c **** 
 137:build/openmote-cc2538_armgcc/openapps/whispersender/whispersender.c **** 	        // set the CoAP header
 138:build/openmote-cc2538_armgcc/openapps/whispersender/whispersender.c **** 	        coap_header->Code                = COAP_CODE_RESP_CONTENT;
 464              		.loc 1 138 0
 465 012c BB68     		ldr	r3, [r7, #8]
 466 012e 4522     		movs	r2, #69
 467 0130 DA70     		strb	r2, [r3, #3]
 139:build/openmote-cc2538_armgcc/openapps/whispersender/whispersender.c **** 
 140:build/openmote-cc2538_armgcc/openapps/whispersender/whispersender.c **** 	        outcome                          = E_SUCCESS;
 468              		.loc 1 140 0
 469 0132 0023     		movs	r3, #0
 470 0134 FB75     		strb	r3, [r7, #23]
 141:build/openmote-cc2538_armgcc/openapps/whispersender/whispersender.c **** 	        break;
 471              		.loc 1 141 0
 472 0136 07E0     		b	.L15
 473              	.L13:
 127:build/openmote-cc2538_armgcc/openapps/whispersender/whispersender.c **** 			    coap_header->Code             = COAP_CODE_RESP_CHANGED;
 474              		.loc 1 127 0
 475 0138 0123     		movs	r3, #1
 476 013a FB75     		strb	r3, [r7, #23]
 128:build/openmote-cc2538_armgcc/openapps/whispersender/whispersender.c **** 					//back to IDLE
 477              		.loc 1 128 0
 478 013c BB68     		ldr	r3, [r7, #8]
 479 013e 4422     		movs	r2, #68
 480 0140 DA70     		strb	r2, [r3, #3]
 130:build/openmote-cc2538_armgcc/openapps/whispersender/whispersender.c **** 			}
 481              		.loc 1 130 0
 482 0142 01E0     		b	.L15
 483              	.L17:
 142:build/openmote-cc2538_armgcc/openapps/whispersender/whispersender.c **** 
 143:build/openmote-cc2538_armgcc/openapps/whispersender/whispersender.c **** 	      default:
 144:build/openmote-cc2538_armgcc/openapps/whispersender/whispersender.c **** 	    	 //printf("I am TARGET node %d, end operation (no cells in first 6P message)\n",idmanager_get
 145:build/openmote-cc2538_armgcc/openapps/whispersender/whispersender.c **** 	         // return an error message
 146:build/openmote-cc2538_armgcc/openapps/whispersender/whispersender.c **** 	         outcome = E_FAIL;
 484              		.loc 1 146 0
 485 0144 0123     		movs	r3, #1
 486 0146 FB75     		strb	r3, [r7, #23]
 487              	.L15:
 147:build/openmote-cc2538_armgcc/openapps/whispersender/whispersender.c **** 	   }
 148:build/openmote-cc2538_armgcc/openapps/whispersender/whispersender.c **** 
 149:build/openmote-cc2538_armgcc/openapps/whispersender/whispersender.c **** 
 150:build/openmote-cc2538_armgcc/openapps/whispersender/whispersender.c ****    return outcome;
 488              		.loc 1 150 0
 489 0148 FB7D     		ldrb	r3, [r7, #23]	@ zero_extendqisi2
 151:build/openmote-cc2538_armgcc/openapps/whispersender/whispersender.c **** 
 152:build/openmote-cc2538_armgcc/openapps/whispersender/whispersender.c ****    
 153:build/openmote-cc2538_armgcc/openapps/whispersender/whispersender.c **** //   openserial_printError(
 154:build/openmote-cc2538_armgcc/openapps/whispersender/whispersender.c **** //      COMPONENT_whispersender,
 155:build/openmote-cc2538_armgcc/openapps/whispersender/whispersender.c **** //      ERR_RCVD_ECHO_REPLY,
 156:build/openmote-cc2538_armgcc/openapps/whispersender/whispersender.c **** //      (errorparameter_t)0,
 157:build/openmote-cc2538_armgcc/openapps/whispersender/whispersender.c **** //      (errorparameter_t)0
 158:build/openmote-cc2538_armgcc/openapps/whispersender/whispersender.c **** //   );
 159:build/openmote-cc2538_armgcc/openapps/whispersender/whispersender.c **** }
 490              		.loc 1 159 0
 491 014a 1846     		mov	r0, r3
 492 014c 1837     		adds	r7, r7, #24
 493              		.cfi_def_cfa_offset 8
 494 014e BD46     		mov	sp, r7
 495              		.cfi_def_cfa_register 13
 496              		@ sp needed
 497 0150 80BD     		pop	{r7, pc}
 498              	.L19:
 499 0152 00BF     		.align	2
 500              	.L18:
 501 0154 00000000 		.word	whispersender_vars
 502 0158 00000000 		.word	whispersender_timer_cb
 503              		.cfi_endproc
 504              	.LFE2:
 506              		.align	2
 507              		.global	whispersender_timer_cb
 508              		.thumb
 509              		.thumb_func
 511              	whispersender_timer_cb:
 512              	.LFB3:
 160:build/openmote-cc2538_armgcc/openapps/whispersender/whispersender.c **** 
 161:build/openmote-cc2538_armgcc/openapps/whispersender/whispersender.c **** //=========================== private =========================================
 162:build/openmote-cc2538_armgcc/openapps/whispersender/whispersender.c **** 
 163:build/openmote-cc2538_armgcc/openapps/whispersender/whispersender.c **** /**
 164:build/openmote-cc2538_armgcc/openapps/whispersender/whispersender.c **** \note timer fired, but we don't want to execute task in ISR mode instead, push
 165:build/openmote-cc2538_armgcc/openapps/whispersender/whispersender.c ****    task to scheduler with CoAP priority, and let scheduler take care of it.
 166:build/openmote-cc2538_armgcc/openapps/whispersender/whispersender.c **** */
 167:build/openmote-cc2538_armgcc/openapps/whispersender/whispersender.c **** void whispersender_timer_cb(opentimers_id_t id){
 513              		.loc 1 167 0
 514              		.cfi_startproc
 515              		@ args = 0, pretend = 0, frame = 8
 516              		@ frame_needed = 1, uses_anonymous_args = 0
 517 015c 80B5     		push	{r7, lr}
 518              		.cfi_def_cfa_offset 8
 519              		.cfi_offset 7, -8
 520              		.cfi_offset 14, -4
 521 015e 82B0     		sub	sp, sp, #8
 522              		.cfi_def_cfa_offset 16
 523 0160 00AF     		add	r7, sp, #0
 524              		.cfi_def_cfa_register 7
 525 0162 0346     		mov	r3, r0
 526 0164 FB71     		strb	r3, [r7, #7]
 168:build/openmote-cc2538_armgcc/openapps/whispersender/whispersender.c ****    
 169:build/openmote-cc2538_armgcc/openapps/whispersender/whispersender.c ****    scheduler_push_task(whispersender_task_cb,TASKPRIO_COAP);
 527              		.loc 1 169 0
 528 0166 0621     		movs	r1, #6
 529 0168 0348     		ldr	r0, .L21
 530 016a FFF7FEFF 		bl	scheduler_push_task
 170:build/openmote-cc2538_armgcc/openapps/whispersender/whispersender.c **** }
 531              		.loc 1 170 0
 532 016e 00BF     		nop
 533 0170 0837     		adds	r7, r7, #8
 534              		.cfi_def_cfa_offset 8
 535 0172 BD46     		mov	sp, r7
 536              		.cfi_def_cfa_register 13
 537              		@ sp needed
 538 0174 80BD     		pop	{r7, pc}
 539              	.L22:
 540 0176 00BF     		.align	2
 541              	.L21:
 542 0178 00000000 		.word	whispersender_task_cb
 543              		.cfi_endproc
 544              	.LFE3:
 546              		.align	2
 547              		.global	whispersender_task_cb
 548              		.thumb
 549              		.thumb_func
 551              	whispersender_task_cb:
 552              	.LFB4:
 171:build/openmote-cc2538_armgcc/openapps/whispersender/whispersender.c **** 
 172:build/openmote-cc2538_armgcc/openapps/whispersender/whispersender.c **** void whispersender_task_cb() {
 553              		.loc 1 172 0
 554              		.cfi_startproc
 555              		@ args = 0, pretend = 0, frame = 16
 556              		@ frame_needed = 1, uses_anonymous_args = 0
 557 017c B0B5     		push	{r4, r5, r7, lr}
 558              		.cfi_def_cfa_offset 16
 559              		.cfi_offset 4, -16
 560              		.cfi_offset 5, -12
 561              		.cfi_offset 7, -8
 562              		.cfi_offset 14, -4
 563 017e 84B0     		sub	sp, sp, #16
 564              		.cfi_def_cfa_offset 32
 565 0180 00AF     		add	r7, sp, #0
 566              		.cfi_def_cfa_register 7
 173:build/openmote-cc2538_armgcc/openapps/whispersender/whispersender.c **** 
 174:build/openmote-cc2538_armgcc/openapps/whispersender/whispersender.c **** 	
 175:build/openmote-cc2538_armgcc/openapps/whispersender/whispersender.c **** 
 176:build/openmote-cc2538_armgcc/openapps/whispersender/whispersender.c ****    OpenQueueEntry_t*    pkt;
 177:build/openmote-cc2538_armgcc/openapps/whispersender/whispersender.c ****    uint8_t              asnArray[5];
 178:build/openmote-cc2538_armgcc/openapps/whispersender/whispersender.c **** 
 179:build/openmote-cc2538_armgcc/openapps/whispersender/whispersender.c ****    leds_sync_toggle();
 567              		.loc 1 179 0
 568 0182 FFF7FEFF 		bl	leds_sync_toggle
 180:build/openmote-cc2538_armgcc/openapps/whispersender/whispersender.c ****    //printf("I am TARGET node %d, Timer expired. Sending another packet\n",idmanager_getMyID(ADDR_6
 181:build/openmote-cc2538_armgcc/openapps/whispersender/whispersender.c **** 
 182:build/openmote-cc2538_armgcc/openapps/whispersender/whispersender.c ****    // don't run if not synch
 183:build/openmote-cc2538_armgcc/openapps/whispersender/whispersender.c ****    if (ieee154e_isSynch() == FALSE){
 569              		.loc 1 183 0
 570 0186 FFF7FEFF 		bl	ieee154e_isSynch
 571 018a 0346     		mov	r3, r0
 572 018c 83F00103 		eor	r3, r3, #1
 573 0190 DBB2     		uxtb	r3, r3
 574 0192 002B     		cmp	r3, #0
 575 0194 05D0     		beq	.L24
 184:build/openmote-cc2538_armgcc/openapps/whispersender/whispersender.c **** 	   opentimers_destroy(whispersender_vars.timerIdWhispersender);
 576              		.loc 1 184 0
 577 0196 4D4B     		ldr	r3, .L30
 578 0198 1B78     		ldrb	r3, [r3]	@ zero_extendqisi2
 579 019a 1846     		mov	r0, r3
 580 019c FFF7FEFF 		bl	opentimers_destroy
 185:build/openmote-cc2538_armgcc/openapps/whispersender/whispersender.c **** 	   return;
 581              		.loc 1 185 0
 582 01a0 91E0     		b	.L23
 583              	.L24:
 186:build/openmote-cc2538_armgcc/openapps/whispersender/whispersender.c ****    }
 187:build/openmote-cc2538_armgcc/openapps/whispersender/whispersender.c **** 
 188:build/openmote-cc2538_armgcc/openapps/whispersender/whispersender.c ****    // don't run on dagroot
 189:build/openmote-cc2538_armgcc/openapps/whispersender/whispersender.c ****    if (idmanager_getIsDAGroot()) {
 584              		.loc 1 189 0
 585 01a2 FFF7FEFF 		bl	idmanager_getIsDAGroot
 586 01a6 0346     		mov	r3, r0
 587 01a8 002B     		cmp	r3, #0
 588 01aa 05D0     		beq	.L26
 190:build/openmote-cc2538_armgcc/openapps/whispersender/whispersender.c ****       opentimers_destroy(whispersender_vars.timerIdWhispersender);
 589              		.loc 1 190 0
 590 01ac 474B     		ldr	r3, .L30
 591 01ae 1B78     		ldrb	r3, [r3]	@ zero_extendqisi2
 592 01b0 1846     		mov	r0, r3
 593 01b2 FFF7FEFF 		bl	opentimers_destroy
 191:build/openmote-cc2538_armgcc/openapps/whispersender/whispersender.c ****       return;
 594              		.loc 1 191 0
 595 01b6 86E0     		b	.L23
 596              	.L26:
 192:build/openmote-cc2538_armgcc/openapps/whispersender/whispersender.c ****    }
 193:build/openmote-cc2538_armgcc/openapps/whispersender/whispersender.c **** 
 194:build/openmote-cc2538_armgcc/openapps/whispersender/whispersender.c ****    // if you get here, send a packet. You should be only be node 4
 195:build/openmote-cc2538_armgcc/openapps/whispersender/whispersender.c **** 
 196:build/openmote-cc2538_armgcc/openapps/whispersender/whispersender.c ****    // get a free packet buffer
 197:build/openmote-cc2538_armgcc/openapps/whispersender/whispersender.c ****    pkt = openqueue_getFreePacketBuffer(COMPONENT_WHISPERSENDER);
 597              		.loc 1 197 0
 598 01b8 2E20     		movs	r0, #46
 599 01ba FFF7FEFF 		bl	openqueue_getFreePacketBuffer
 600 01be F860     		str	r0, [r7, #12]
 198:build/openmote-cc2538_armgcc/openapps/whispersender/whispersender.c ****    if (pkt==NULL) {
 601              		.loc 1 198 0
 602 01c0 FB68     		ldr	r3, [r7, #12]
 603 01c2 002B     		cmp	r3, #0
 604 01c4 06D1     		bne	.L27
 199:build/openmote-cc2538_armgcc/openapps/whispersender/whispersender.c ****       openserial_printError(
 605              		.loc 1 199 0
 606 01c6 0023     		movs	r3, #0
 607 01c8 0022     		movs	r2, #0
 608 01ca 2C21     		movs	r1, #44
 609 01cc 2520     		movs	r0, #37
 610 01ce FFF7FEFF 		bl	openserial_printError
 200:build/openmote-cc2538_armgcc/openapps/whispersender/whispersender.c ****     		  COMPONENT_UINJECT,
 201:build/openmote-cc2538_armgcc/openapps/whispersender/whispersender.c ****          ERR_NO_FREE_PACKET_BUFFER,
 202:build/openmote-cc2538_armgcc/openapps/whispersender/whispersender.c ****          (errorparameter_t)0,
 203:build/openmote-cc2538_armgcc/openapps/whispersender/whispersender.c ****          (errorparameter_t)0
 204:build/openmote-cc2538_armgcc/openapps/whispersender/whispersender.c ****       );
 205:build/openmote-cc2538_armgcc/openapps/whispersender/whispersender.c ****       return;
 611              		.loc 1 205 0
 612 01d2 78E0     		b	.L23
 613              	.L27:
 206:build/openmote-cc2538_armgcc/openapps/whispersender/whispersender.c ****    }
 207:build/openmote-cc2538_armgcc/openapps/whispersender/whispersender.c **** 
 208:build/openmote-cc2538_armgcc/openapps/whispersender/whispersender.c ****    pkt->owner                         = COMPONENT_WHISPERSENDER;
 614              		.loc 1 208 0
 615 01d4 FB68     		ldr	r3, [r7, #12]
 616 01d6 2E22     		movs	r2, #46
 617 01d8 5A70     		strb	r2, [r3, #1]
 209:build/openmote-cc2538_armgcc/openapps/whispersender/whispersender.c ****    pkt->creator                       = COMPONENT_WHISPERSENDER;
 618              		.loc 1 209 0
 619 01da FB68     		ldr	r3, [r7, #12]
 620 01dc 2E22     		movs	r2, #46
 621 01de 1A70     		strb	r2, [r3]
 210:build/openmote-cc2538_armgcc/openapps/whispersender/whispersender.c ****    pkt->l4_protocol                   = IANA_UDP;
 622              		.loc 1 210 0
 623 01e0 FB68     		ldr	r3, [r7, #12]
 624 01e2 1122     		movs	r2, #17
 625 01e4 9A73     		strb	r2, [r3, #14]
 211:build/openmote-cc2538_armgcc/openapps/whispersender/whispersender.c ****    pkt->l4_destination_port           = WKP_UDP_WHISPER;
 626              		.loc 1 211 0
 627 01e6 FB68     		ldr	r3, [r7, #12]
 628 01e8 4FF2B402 		movw	r2, #61620
 629 01ec 5A82     		strh	r2, [r3, #18]	@ movhi
 212:build/openmote-cc2538_armgcc/openapps/whispersender/whispersender.c ****    pkt->l4_sourcePortORicmpv6Type     = WKP_UDP_WHISPER;
 630              		.loc 1 212 0
 631 01ee FB68     		ldr	r3, [r7, #12]
 632 01f0 4FF2B402 		movw	r2, #61620
 633 01f4 1A82     		strh	r2, [r3, #16]	@ movhi
 213:build/openmote-cc2538_armgcc/openapps/whispersender/whispersender.c ****    pkt->l3_destinationAdd.type        = ADDR_128B;
 634              		.loc 1 213 0
 635 01f6 FB68     		ldr	r3, [r7, #12]
 636 01f8 0322     		movs	r2, #3
 637 01fa 5A76     		strb	r2, [r3, #25]
 214:build/openmote-cc2538_armgcc/openapps/whispersender/whispersender.c ****    memcpy(&pkt->l3_destinationAdd.addr_128b[0],whispersender_dst_addr,16);
 638              		.loc 1 214 0
 639 01fc FB68     		ldr	r3, [r7, #12]
 640 01fe 1A33     		adds	r3, r3, #26
 641 0200 334A     		ldr	r2, .L30+4
 642 0202 1C46     		mov	r4, r3
 643 0204 1546     		mov	r5, r2
 644 0206 0FCD     		ldmia	r5!, {r0, r1, r2, r3}
 645 0208 2060     		str	r0, [r4]	@ unaligned
 646 020a 6160     		str	r1, [r4, #4]	@ unaligned
 647 020c A260     		str	r2, [r4, #8]	@ unaligned
 648 020e E360     		str	r3, [r4, #12]	@ unaligned
 215:build/openmote-cc2538_armgcc/openapps/whispersender/whispersender.c **** 
 216:build/openmote-cc2538_armgcc/openapps/whispersender/whispersender.c ****    // add payload
 217:build/openmote-cc2538_armgcc/openapps/whispersender/whispersender.c ****    packetfunctions_reserveHeaderSize(pkt,sizeof(whispersender_payload)-1);
 649              		.loc 1 217 0
 650 0210 0D21     		movs	r1, #13
 651 0212 F868     		ldr	r0, [r7, #12]
 652 0214 FFF7FEFF 		bl	packetfunctions_reserveHeaderSize
 218:build/openmote-cc2538_armgcc/openapps/whispersender/whispersender.c ****    memcpy(&pkt->payload[0],whispersender_payload,sizeof(whispersender_payload)-1);
 653              		.loc 1 218 0
 654 0218 FB68     		ldr	r3, [r7, #12]
 655 021a 5B68     		ldr	r3, [r3, #4]
 656 021c 0D22     		movs	r2, #13
 657 021e 2D49     		ldr	r1, .L30+8
 658 0220 1846     		mov	r0, r3
 659 0222 FFF7FEFF 		bl	memcpy
 219:build/openmote-cc2538_armgcc/openapps/whispersender/whispersender.c **** 
 220:build/openmote-cc2538_armgcc/openapps/whispersender/whispersender.c ****    packetfunctions_reserveHeaderSize(pkt,sizeof(uint16_t));
 660              		.loc 1 220 0
 661 0226 0221     		movs	r1, #2
 662 0228 F868     		ldr	r0, [r7, #12]
 663 022a FFF7FEFF 		bl	packetfunctions_reserveHeaderSize
 221:build/openmote-cc2538_armgcc/openapps/whispersender/whispersender.c ****    pkt->payload[1] = (uint8_t)((whispersender_vars.counter & 0xff00)>>8);
 664              		.loc 1 221 0
 665 022e FB68     		ldr	r3, [r7, #12]
 666 0230 5B68     		ldr	r3, [r3, #4]
 667 0232 0133     		adds	r3, r3, #1
 668 0234 254A     		ldr	r2, .L30
 669 0236 5288     		ldrh	r2, [r2, #2]
 670 0238 120A     		lsrs	r2, r2, #8
 671 023a 92B2     		uxth	r2, r2
 672 023c D2B2     		uxtb	r2, r2
 673 023e 1A70     		strb	r2, [r3]
 222:build/openmote-cc2538_armgcc/openapps/whispersender/whispersender.c ****    pkt->payload[0] = (uint8_t)(whispersender_vars.counter & 0x00ff);
 674              		.loc 1 222 0
 675 0240 FB68     		ldr	r3, [r7, #12]
 676 0242 5B68     		ldr	r3, [r3, #4]
 677 0244 214A     		ldr	r2, .L30
 678 0246 5288     		ldrh	r2, [r2, #2]
 679 0248 D2B2     		uxtb	r2, r2
 680 024a 1A70     		strb	r2, [r3]
 223:build/openmote-cc2538_armgcc/openapps/whispersender/whispersender.c ****    whispersender_vars.counter++;
 681              		.loc 1 223 0
 682 024c 1F4B     		ldr	r3, .L30
 683 024e 5B88     		ldrh	r3, [r3, #2]
 684 0250 0133     		adds	r3, r3, #1
 685 0252 9AB2     		uxth	r2, r3
 686 0254 1D4B     		ldr	r3, .L30
 687 0256 5A80     		strh	r2, [r3, #2]	@ movhi
 224:build/openmote-cc2538_armgcc/openapps/whispersender/whispersender.c **** 
 225:build/openmote-cc2538_armgcc/openapps/whispersender/whispersender.c ****    packetfunctions_reserveHeaderSize(pkt,sizeof(asn_t));
 688              		.loc 1 225 0
 689 0258 0521     		movs	r1, #5
 690 025a F868     		ldr	r0, [r7, #12]
 691 025c FFF7FEFF 		bl	packetfunctions_reserveHeaderSize
 226:build/openmote-cc2538_armgcc/openapps/whispersender/whispersender.c ****    ieee154e_getAsn(asnArray);
 692              		.loc 1 226 0
 693 0260 3B1D     		adds	r3, r7, #4
 694 0262 1846     		mov	r0, r3
 695 0264 FFF7FEFF 		bl	ieee154e_getAsn
 227:build/openmote-cc2538_armgcc/openapps/whispersender/whispersender.c ****    pkt->payload[0] = asnArray[0];
 696              		.loc 1 227 0
 697 0268 FB68     		ldr	r3, [r7, #12]
 698 026a 5B68     		ldr	r3, [r3, #4]
 699 026c 3A79     		ldrb	r2, [r7, #4]	@ zero_extendqisi2
 700 026e 1A70     		strb	r2, [r3]
 228:build/openmote-cc2538_armgcc/openapps/whispersender/whispersender.c ****    pkt->payload[1] = asnArray[1];
 701              		.loc 1 228 0
 702 0270 FB68     		ldr	r3, [r7, #12]
 703 0272 5B68     		ldr	r3, [r3, #4]
 704 0274 0133     		adds	r3, r3, #1
 705 0276 7A79     		ldrb	r2, [r7, #5]	@ zero_extendqisi2
 706 0278 1A70     		strb	r2, [r3]
 229:build/openmote-cc2538_armgcc/openapps/whispersender/whispersender.c ****    pkt->payload[2] = asnArray[2];
 707              		.loc 1 229 0
 708 027a FB68     		ldr	r3, [r7, #12]
 709 027c 5B68     		ldr	r3, [r3, #4]
 710 027e 0233     		adds	r3, r3, #2
 711 0280 BA79     		ldrb	r2, [r7, #6]	@ zero_extendqisi2
 712 0282 1A70     		strb	r2, [r3]
 230:build/openmote-cc2538_armgcc/openapps/whispersender/whispersender.c ****    pkt->payload[3] = asnArray[3];
 713              		.loc 1 230 0
 714 0284 FB68     		ldr	r3, [r7, #12]
 715 0286 5B68     		ldr	r3, [r3, #4]
 716 0288 0333     		adds	r3, r3, #3
 717 028a FA79     		ldrb	r2, [r7, #7]	@ zero_extendqisi2
 718 028c 1A70     		strb	r2, [r3]
 231:build/openmote-cc2538_armgcc/openapps/whispersender/whispersender.c ****    pkt->payload[4] = asnArray[4];
 719              		.loc 1 231 0
 720 028e FB68     		ldr	r3, [r7, #12]
 721 0290 5B68     		ldr	r3, [r3, #4]
 722 0292 0433     		adds	r3, r3, #4
 723 0294 3A7A     		ldrb	r2, [r7, #8]	@ zero_extendqisi2
 724 0296 1A70     		strb	r2, [r3]
 232:build/openmote-cc2538_armgcc/openapps/whispersender/whispersender.c **** 
 233:build/openmote-cc2538_armgcc/openapps/whispersender/whispersender.c ****    packetfunctions_reserveHeaderSize(pkt,sizeof(uint8_t));
 725              		.loc 1 233 0
 726 0298 0121     		movs	r1, #1
 727 029a F868     		ldr	r0, [r7, #12]
 728 029c FFF7FEFF 		bl	packetfunctions_reserveHeaderSize
 234:build/openmote-cc2538_armgcc/openapps/whispersender/whispersender.c ****    pkt->payload[0] = idmanager_getMyID(ADDR_64B)->addr_64b[7];
 729              		.loc 1 234 0
 730 02a0 FB68     		ldr	r3, [r7, #12]
 731 02a2 5C68     		ldr	r4, [r3, #4]
 732 02a4 0220     		movs	r0, #2
 733 02a6 FFF7FEFF 		bl	idmanager_getMyID
 734 02aa 0346     		mov	r3, r0
 735 02ac 1B7A     		ldrb	r3, [r3, #8]	@ zero_extendqisi2
 736 02ae 2370     		strb	r3, [r4]
 235:build/openmote-cc2538_armgcc/openapps/whispersender/whispersender.c **** 
 236:build/openmote-cc2538_armgcc/openapps/whispersender/whispersender.c ****    //printf("I am TARGET node %d, enqueueing DATAW packet with counter %d \n",idmanager_getMyID(ADD
 237:build/openmote-cc2538_armgcc/openapps/whispersender/whispersender.c ****    leds_debug_toggle();
 737              		.loc 1 237 0
 738 02b0 FFF7FEFF 		bl	leds_debug_toggle
 238:build/openmote-cc2538_armgcc/openapps/whispersender/whispersender.c ****    if ((openudp_send(pkt))==E_FAIL) {
 739              		.loc 1 238 0
 740 02b4 F868     		ldr	r0, [r7, #12]
 741 02b6 FFF7FEFF 		bl	openudp_send
 742 02ba 0346     		mov	r3, r0
 743 02bc 012B     		cmp	r3, #1
 744 02be 02D1     		bne	.L23
 239:build/openmote-cc2538_armgcc/openapps/whispersender/whispersender.c ****       openqueue_freePacketBuffer(pkt);
 745              		.loc 1 239 0
 746 02c0 F868     		ldr	r0, [r7, #12]
 747 02c2 FFF7FEFF 		bl	openqueue_freePacketBuffer
 748              	.L23:
 240:build/openmote-cc2538_armgcc/openapps/whispersender/whispersender.c ****    }
 241:build/openmote-cc2538_armgcc/openapps/whispersender/whispersender.c **** 
 242:build/openmote-cc2538_armgcc/openapps/whispersender/whispersender.c **** }
 749              		.loc 1 242 0
 750 02c6 1037     		adds	r7, r7, #16
 751              		.cfi_def_cfa_offset 16
 752 02c8 BD46     		mov	sp, r7
 753              		.cfi_def_cfa_register 13
 754              		@ sp needed
 755 02ca B0BD     		pop	{r4, r5, r7, pc}
 756              	.L31:
 757              		.align	2
 758              	.L30:
 759 02cc 00000000 		.word	whispersender_vars
 760 02d0 C4000000 		.word	whispersender_dst_addr
 761 02d4 B4000000 		.word	whispersender_payload
 762              		.cfi_endproc
 763              	.LFE4:
 765              		.align	2
 766              		.global	whispersender_sendDoneCoap
 767              		.thumb
 768              		.thumb_func
 770              	whispersender_sendDoneCoap:
 771              	.LFB5:
 243:build/openmote-cc2538_armgcc/openapps/whispersender/whispersender.c **** 
 244:build/openmote-cc2538_armgcc/openapps/whispersender/whispersender.c **** void whispersender_sendDoneCoap(OpenQueueEntry_t* msg, owerror_t error) {
 772              		.loc 1 244 0
 773              		.cfi_startproc
 774              		@ args = 0, pretend = 0, frame = 8
 775              		@ frame_needed = 1, uses_anonymous_args = 0
 776 02d8 80B5     		push	{r7, lr}
 777              		.cfi_def_cfa_offset 8
 778              		.cfi_offset 7, -8
 779              		.cfi_offset 14, -4
 780 02da 82B0     		sub	sp, sp, #8
 781              		.cfi_def_cfa_offset 16
 782 02dc 00AF     		add	r7, sp, #0
 783              		.cfi_def_cfa_register 7
 784 02de 7860     		str	r0, [r7, #4]
 785 02e0 0B46     		mov	r3, r1
 786 02e2 FB70     		strb	r3, [r7, #3]
 245:build/openmote-cc2538_armgcc/openapps/whispersender/whispersender.c **** 
 246:build/openmote-cc2538_armgcc/openapps/whispersender/whispersender.c ****    //printf("I am TARGET node %d, Send done DATAW packet with counter %d \n",idmanager_getMyID(ADDR
 247:build/openmote-cc2538_armgcc/openapps/whispersender/whispersender.c **** 
 248:build/openmote-cc2538_armgcc/openapps/whispersender/whispersender.c ****    openqueue_freePacketBuffer(msg);
 787              		.loc 1 248 0
 788 02e4 7868     		ldr	r0, [r7, #4]
 789 02e6 FFF7FEFF 		bl	openqueue_freePacketBuffer
 249:build/openmote-cc2538_armgcc/openapps/whispersender/whispersender.c **** }
 790              		.loc 1 249 0
 791 02ea 00BF     		nop
 792 02ec 0837     		adds	r7, r7, #8
 793              		.cfi_def_cfa_offset 8
 794 02ee BD46     		mov	sp, r7
 795              		.cfi_def_cfa_register 13
 796              		@ sp needed
 797 02f0 80BD     		pop	{r7, pc}
 798              		.cfi_endproc
 799              	.LFE5:
 801 02f2 00BF     		.align	2
 802              		.global	whispersender_sendDoneUdp
 803              		.thumb
 804              		.thumb_func
 806              	whispersender_sendDoneUdp:
 807              	.LFB6:
 250:build/openmote-cc2538_armgcc/openapps/whispersender/whispersender.c **** 
 251:build/openmote-cc2538_armgcc/openapps/whispersender/whispersender.c **** void whispersender_sendDoneUdp(OpenQueueEntry_t* msg, owerror_t error) {
 808              		.loc 1 251 0
 809              		.cfi_startproc
 810              		@ args = 0, pretend = 0, frame = 8
 811              		@ frame_needed = 1, uses_anonymous_args = 0
 812 02f4 80B5     		push	{r7, lr}
 813              		.cfi_def_cfa_offset 8
 814              		.cfi_offset 7, -8
 815              		.cfi_offset 14, -4
 816 02f6 82B0     		sub	sp, sp, #8
 817              		.cfi_def_cfa_offset 16
 818 02f8 00AF     		add	r7, sp, #0
 819              		.cfi_def_cfa_register 7
 820 02fa 7860     		str	r0, [r7, #4]
 821 02fc 0B46     		mov	r3, r1
 822 02fe FB70     		strb	r3, [r7, #3]
 252:build/openmote-cc2538_armgcc/openapps/whispersender/whispersender.c **** 
 253:build/openmote-cc2538_armgcc/openapps/whispersender/whispersender.c ****    //printf("I am TARGET node %d, Send done DATAW packet with counter %d \n",idmanager_getMyID(ADDR
 254:build/openmote-cc2538_armgcc/openapps/whispersender/whispersender.c **** 
 255:build/openmote-cc2538_armgcc/openapps/whispersender/whispersender.c ****    openqueue_freePacketBuffer(msg);
 823              		.loc 1 255 0
 824 0300 7868     		ldr	r0, [r7, #4]
 825 0302 FFF7FEFF 		bl	openqueue_freePacketBuffer
 256:build/openmote-cc2538_armgcc/openapps/whispersender/whispersender.c **** }
 826              		.loc 1 256 0
 827 0306 00BF     		nop
 828 0308 0837     		adds	r7, r7, #8
 829              		.cfi_def_cfa_offset 8
 830 030a BD46     		mov	sp, r7
 831              		.cfi_def_cfa_register 13
 832              		@ sp needed
 833 030c 80BD     		pop	{r7, pc}
 834              		.cfi_endproc
 835              	.LFE6:
 837              	.Letext0:
 838              		.file 2 "/usr/include/newlib/machine/_default_types.h"
 839              		.file 3 "/usr/include/newlib/sys/_stdint.h"
 840              		.file 4 "inc/opendefs.h"
 841              		.file 5 "drivers/common/opentimers.h"
 842              		.file 6 "openstack/04-TRAN/openudp.h"
 843              		.file 7 "openapps/opencoap/opencoap.h"
 844              		.file 8 "build/openmote-cc2538_armgcc/openapps/whispersender/whispersender.h"
 845              		.file 9 "kernel/scheduler.h"
 846              		.file 10 "bsp/boards/openmote-cc2538/board_info.h"
 847              		.file 11 "openstack/02a-MAClow/IEEE802154E.h"
 848              		.file 12 "openstack/cross-layers/idmanager.h"
DEFINED SYMBOLS
                            *ABS*:0000000000000000 whispersender.c
     /tmp/ccKjauel.s:20     .rodata:0000000000000000 $d
     /tmp/ccKjauel.s:23     .rodata:0000000000000000 rreg_uriquery
     /tmp/ccKjauel.s:28     .rodata:0000000000000008 infoBoardname
     /tmp/ccKjauel.s:33     .rodata:0000000000000010 infouCName
     /tmp/ccKjauel.s:38     .rodata:0000000000000018 infoRadioName
     /tmp/ccKjauel.s:43     .rodata:0000000000000024 infoStackName
     /tmp/ccKjauel.s:48     .rodata:0000000000000030 ipAddr_ipsoRD
     /tmp/ccKjauel.s:68     .rodata:0000000000000040 ipAddr_motesEecs
     /tmp/ccKjauel.s:88     .rodata:0000000000000050 ipAddr_local
     /tmp/ccKjauel.s:108    .rodata:0000000000000060 ipAddr_motedata
     /tmp/ccKjauel.s:128    .rodata:0000000000000070 ipAddr_ringmaster
     /tmp/ccKjauel.s:148    .rodata:0000000000000080 chTemplate_default
     /tmp/ccKjauel.s:168    .rodata:0000000000000090 ebIEsBytestream
     /tmp/ccKjauel.s:200    .rodata:00000000000000ac linklocalprefix
                            *COM*:0000000000000050 whispersender_vars
     /tmp/ccKjauel.s:213    .rodata:00000000000000b4 whispersender_payload
     /tmp/ccKjauel.s:218    .rodata:00000000000000c4 whispersender_dst_addr
     /tmp/ccKjauel.s:239    .rodata:00000000000000d4 whispersender_path0
     /tmp/ccKjauel.s:242    .text:0000000000000000 $t
     /tmp/ccKjauel.s:247    .text:0000000000000000 whispersender_init
     /tmp/ccKjauel.s:355    .text:00000000000000a0 $d
     /tmp/ccKjauel.s:411    .text:00000000000000e4 whispersender_receiveCoap
     /tmp/ccKjauel.s:770    .text:00000000000002d8 whispersender_sendDoneCoap
     /tmp/ccKjauel.s:371    .text:00000000000000c0 whispersender_receiveUdp
     /tmp/ccKjauel.s:806    .text:00000000000002f4 whispersender_sendDoneUdp
     /tmp/ccKjauel.s:366    .text:00000000000000c0 $t
     /tmp/ccKjauel.s:501    .text:0000000000000154 $d
     /tmp/ccKjauel.s:511    .text:000000000000015c whispersender_timer_cb
     /tmp/ccKjauel.s:506    .text:000000000000015c $t
     /tmp/ccKjauel.s:542    .text:0000000000000178 $d
     /tmp/ccKjauel.s:551    .text:000000000000017c whispersender_task_cb
     /tmp/ccKjauel.s:546    .text:000000000000017c $t
     /tmp/ccKjauel.s:759    .text:00000000000002cc $d
     /tmp/ccKjauel.s:765    .text:00000000000002d8 $t
                     .debug_frame:0000000000000010 $d
                           .group:0000000000000000 wm4.0.8e445c0106ab795ab4704214cba6f089
                           .group:0000000000000000 wm4._newlib_version.h.4.ad342815780c8db09778091a421b5b5b
                           .group:0000000000000000 wm4.features.h.33.d97f2d646536517df901beeb5b9993f5
                           .group:0000000000000000 wm4._default_types.h.15.933e8edd27a65e0b69af4a865eb623d2
                           .group:0000000000000000 wm4._intsup.h.10.b82bf99f69d6a5c085fc866de0d3eb9b
                           .group:0000000000000000 wm4._stdint.h.10.7a5f60e6741af4a5594a3867d347e1f9
                           .group:0000000000000000 wm4.stdint.h.23.373a9d32a9e4c2e88fd347156532d281
                           .group:0000000000000000 wm4.toolchain_defs.h.2.e5fd326231d01413e5361944b26cde07
                           .group:0000000000000000 wm4.newlib.h.8.36dd0417407b0a085bc04c49cc2ed13a
                           .group:0000000000000000 wm4.config.h.219.65a553ab5bef5482f0d7880b0d33015e
                           .group:0000000000000000 wm4._ansi.h.23.9f8fcfa20193763fcf364fb91705c94b
                           .group:0000000000000000 wm4.stddef.h.39.a38874c8f8a57e66301090908ec2a69f
                           .group:0000000000000000 wm4.lock.h.2.9bc98482741e5e2a9450b12934a684ea
                           .group:0000000000000000 wm4._types.h.125.5cf8a495f1f7ef36777ad868a1e32068
                           .group:0000000000000000 wm4.stddef.h.161.5349cb105733e8777bfb0cf53c4e3f34
                           .group:0000000000000000 wm4._types.h.183.c226d164ceca1f2ecb9ae9360c54a098
                           .group:0000000000000000 wm4.reent.h.17.850ac0a908956e5fb788be1b80de2f32
                           .group:0000000000000000 wm4.cdefs.h.47.ba62642086d429b4f95c2381cae1c0aa
                           .group:0000000000000000 wm4.string.h.15.dab3980bf35408a4c507182805e2de3a
                           .group:0000000000000000 wm4.stddef.h.161.19e15733342b50ead2919490b095303e
                           .group:0000000000000000 wm4.stdbool.h.29.07dce69c3b78884144b7f7bd19483461
                           .group:0000000000000000 wm4.hw_types.h.67.b10589a0806dcc2d274d6fab6b736519
                           .group:0000000000000000 wm4.interrupt.h.41.272fc4ec0e276feb439e7974d0f77eaf
                           .group:0000000000000000 wm4.board_info.h.22.1291259c351bc018e4d4402148b3c6db
                           .group:0000000000000000 wm4.opendefs.h.23.47191652995b7fa35f12da40c3552cda
                           .group:0000000000000000 wm4.opentimers.h.8.4ddb88466c5d61beaa6758270059ffcf
                           .group:0000000000000000 wm4.opencoap.h.2.2d03f46757f7a8f6eda1633e68013ddc
                           .group:0000000000000000 wm4.IEEE802154.h.2.38fb510ed33a23a9a0660164e6dfab69
                           .group:0000000000000000 wm4.openserial.h.9.80102eae1ecef6075819c4ea201ac3a9
                           .group:0000000000000000 wm4.scheduler.h.2.d8d85f436d0d4b3991926a15b8490cf4
                           .group:0000000000000000 wm4.schedule.h.2.f2fa95bbe9ed29a9f7520419b69ab7c7
                           .group:0000000000000000 wm4.IEEE802154E.h.31.271a7efed26b0cf3ba6fc5c3c902092c
                           .group:0000000000000000 wm4.idmanager.h.2.8c0e2159b32ef3125cbb1e984805cbfe

UNDEFINED SYMBOLS
idmanager_getIsDAGroot
idmanager_getMyID
memset
opentimers_create
opencoap_register
openudp_register
openqueue_freePacketBuffer
openserial_printError
opentimers_scheduleIn
scheduler_push_task
leds_sync_toggle
ieee154e_isSynch
opentimers_destroy
openqueue_getFreePacketBuffer
packetfunctions_reserveHeaderSize
memcpy
ieee154e_getAsn
leds_debug_toggle
openudp_send
