   1              		.syntax unified
   2              		.cpu cortex-m3
   3              		.fpu softvfp
   4              		.eabi_attribute 20, 1
   5              		.eabi_attribute 21, 1
   6              		.eabi_attribute 23, 3
   7              		.eabi_attribute 24, 1
   8              		.eabi_attribute 25, 1
   9              		.eabi_attribute 26, 1
  10              		.eabi_attribute 30, 6
  11              		.eabi_attribute 34, 1
  12              		.eabi_attribute 18, 4
  13              		.thumb
  14              		.syntax unified
  15              		.file	"openhdlc.c"
  16              		.text
  17              	.Ltext0:
  18              		.cfi_sections	.debug_frame
  19              		.section	.rodata
  20              		.align	2
  23              	rreg_uriquery:
  24 0000 683D7563 		.ascii	"h=ucb\000"
  24      6200
  25 0006 0000     		.align	2
  28              	infoBoardname:
  29 0008 43433235 		.ascii	"CC2538\000"
  29      333800
  30 000f 00       		.align	2
  33              	infouCName:
  34 0010 43433235 		.ascii	"CC2538\000"
  34      333800
  35 0017 00       		.align	2
  38              	infoRadioName:
  39 0018 43433235 		.ascii	"CC2538 SoC\000"
  39      33382053 
  39      6F4300
  40 0023 00       		.align	2
  43              	infoStackName:
  44 0024 4F70656E 		.ascii	"OpenWSN \000"
  44      57534E20 
  44      00
  45 002d 000000   		.align	2
  48              	fcstab:
  49 0030 0000     		.short	0
  50 0032 8911     		.short	4489
  51 0034 1223     		.short	8978
  52 0036 9B32     		.short	12955
  53 0038 2446     		.short	17956
  54 003a AD57     		.short	22445
  55 003c 3665     		.short	25910
  56 003e BF74     		.short	29887
  57 0040 488C     		.short	-29624
  58 0042 C19D     		.short	-25151
  59 0044 5AAF     		.short	-20646
  60 0046 D3BE     		.short	-16685
  61 0048 6CCA     		.short	-13716
  62 004a E5DB     		.short	-9243
  63 004c 7EE9     		.short	-5762
  64 004e F7F8     		.short	-1801
  65 0050 8110     		.short	4225
  66 0052 0801     		.short	264
  67 0054 9333     		.short	13203
  68 0056 1A22     		.short	8730
  69 0058 A556     		.short	22181
  70 005a 2C47     		.short	18220
  71 005c B775     		.short	30135
  72 005e 3E64     		.short	25662
  73 0060 C99C     		.short	-25399
  74 0062 408D     		.short	-29376
  75 0064 DBBF     		.short	-16421
  76 0066 52AE     		.short	-20910
  77 0068 EDDA     		.short	-9491
  78 006a 64CB     		.short	-13468
  79 006c FFF9     		.short	-1537
  80 006e 76E8     		.short	-6026
  81 0070 0221     		.short	8450
  82 0072 8B30     		.short	12427
  83 0074 1002     		.short	528
  84 0076 9913     		.short	5017
  85 0078 2667     		.short	26406
  86 007a AF76     		.short	30383
  87 007c 3444     		.short	17460
  88 007e BD55     		.short	21949
  89 0080 4AAD     		.short	-21174
  90 0082 C3BC     		.short	-17213
  91 0084 588E     		.short	-29096
  92 0086 D19F     		.short	-24623
  93 0088 6EEB     		.short	-5266
  94 008a E7FA     		.short	-1305
  95 008c 7CC8     		.short	-14212
  96 008e F5D9     		.short	-9739
  97 0090 8331     		.short	12675
  98 0092 0A20     		.short	8202
  99 0094 9112     		.short	4753
 100 0096 1803     		.short	792
 101 0098 A777     		.short	30631
 102 009a 2E66     		.short	26158
 103 009c B554     		.short	21685
 104 009e 3C45     		.short	17724
 105 00a0 CBBD     		.short	-16949
 106 00a2 42AC     		.short	-21438
 107 00a4 D99E     		.short	-24871
 108 00a6 508F     		.short	-28848
 109 00a8 EFFB     		.short	-1041
 110 00aa 66EA     		.short	-5530
 111 00ac FDD8     		.short	-9987
 112 00ae 74C9     		.short	-13964
 113 00b0 0442     		.short	16900
 114 00b2 8D53     		.short	21389
 115 00b4 1661     		.short	24854
 116 00b6 9F70     		.short	28831
 117 00b8 2004     		.short	1056
 118 00ba A915     		.short	5545
 119 00bc 3227     		.short	10034
 120 00be BB36     		.short	14011
 121 00c0 4CCE     		.short	-12724
 122 00c2 C5DF     		.short	-8251
 123 00c4 5EED     		.short	-4770
 124 00c6 D7FC     		.short	-809
 125 00c8 6888     		.short	-30616
 126 00ca E199     		.short	-26143
 127 00cc 7AAB     		.short	-21638
 128 00ce F3BA     		.short	-17677
 129 00d0 8552     		.short	21125
 130 00d2 0C43     		.short	17164
 131 00d4 9771     		.short	29079
 132 00d6 1E60     		.short	24606
 133 00d8 A114     		.short	5281
 134 00da 2805     		.short	1320
 135 00dc B337     		.short	14259
 136 00de 3A26     		.short	9786
 137 00e0 CDDE     		.short	-8499
 138 00e2 44CF     		.short	-12476
 139 00e4 DFFD     		.short	-545
 140 00e6 56EC     		.short	-5034
 141 00e8 E998     		.short	-26391
 142 00ea 6089     		.short	-30368
 143 00ec FBBB     		.short	-17413
 144 00ee 72AA     		.short	-21902
 145 00f0 0663     		.short	25350
 146 00f2 8F72     		.short	29327
 147 00f4 1440     		.short	16404
 148 00f6 9D51     		.short	20893
 149 00f8 2225     		.short	9506
 150 00fa AB34     		.short	13483
 151 00fc 3006     		.short	1584
 152 00fe B917     		.short	6073
 153 0100 4EEF     		.short	-4274
 154 0102 C7FE     		.short	-313
 155 0104 5CCC     		.short	-13220
 156 0106 D5DD     		.short	-8747
 157 0108 6AA9     		.short	-22166
 158 010a E3B8     		.short	-18205
 159 010c 788A     		.short	-30088
 160 010e F19B     		.short	-25615
 161 0110 8773     		.short	29575
 162 0112 0E62     		.short	25102
 163 0114 9550     		.short	20629
 164 0116 1C41     		.short	16668
 165 0118 A335     		.short	13731
 166 011a 2A24     		.short	9258
 167 011c B116     		.short	5809
 168 011e 3807     		.short	1848
 169 0120 CFFF     		.short	-49
 170 0122 46EE     		.short	-4538
 171 0124 DDDC     		.short	-8995
 172 0126 54CD     		.short	-12972
 173 0128 EBB9     		.short	-17941
 174 012a 62A8     		.short	-22430
 175 012c F99A     		.short	-25863
 176 012e 708B     		.short	-29840
 177 0130 0884     		.short	-31736
 178 0132 8195     		.short	-27263
 179 0134 1AA7     		.short	-22758
 180 0136 93B6     		.short	-18797
 181 0138 2CC2     		.short	-15828
 182 013a A5D3     		.short	-11355
 183 013c 3EE1     		.short	-7874
 184 013e B7F0     		.short	-3913
 185 0140 4008     		.short	2112
 186 0142 C919     		.short	6601
 187 0144 522B     		.short	11090
 188 0146 DB3A     		.short	15067
 189 0148 644E     		.short	20068
 190 014a ED5F     		.short	24557
 191 014c 766D     		.short	28022
 192 014e FF7C     		.short	31999
 193 0150 8994     		.short	-27511
 194 0152 0085     		.short	-31488
 195 0154 9BB7     		.short	-18533
 196 0156 12A6     		.short	-23022
 197 0158 ADD2     		.short	-11603
 198 015a 24C3     		.short	-15580
 199 015c BFF1     		.short	-3649
 200 015e 36E0     		.short	-8138
 201 0160 C118     		.short	6337
 202 0162 4809     		.short	2376
 203 0164 D33B     		.short	15315
 204 0166 5A2A     		.short	10842
 205 0168 E55E     		.short	24293
 206 016a 6C4F     		.short	20332
 207 016c F77D     		.short	32247
 208 016e 7E6C     		.short	27774
 209 0170 0AA5     		.short	-23286
 210 0172 83B4     		.short	-19325
 211 0174 1886     		.short	-31208
 212 0176 9197     		.short	-26735
 213 0178 2EE3     		.short	-7378
 214 017a A7F2     		.short	-3417
 215 017c 3CC0     		.short	-16324
 216 017e B5D1     		.short	-11851
 217 0180 4229     		.short	10562
 218 0182 CB38     		.short	14539
 219 0184 500A     		.short	2640
 220 0186 D91B     		.short	7129
 221 0188 666F     		.short	28518
 222 018a EF7E     		.short	32495
 223 018c 744C     		.short	19572
 224 018e FD5D     		.short	24061
 225 0190 8BB5     		.short	-19061
 226 0192 02A4     		.short	-23550
 227 0194 9996     		.short	-26983
 228 0196 1087     		.short	-30960
 229 0198 AFF3     		.short	-3153
 230 019a 26E2     		.short	-7642
 231 019c BDD0     		.short	-12099
 232 019e 34C1     		.short	-16076
 233 01a0 C339     		.short	14787
 234 01a2 4A28     		.short	10314
 235 01a4 D11A     		.short	6865
 236 01a6 580B     		.short	2904
 237 01a8 E77F     		.short	32743
 238 01aa 6E6E     		.short	28270
 239 01ac F55C     		.short	23797
 240 01ae 7C4D     		.short	19836
 241 01b0 0CC6     		.short	-14836
 242 01b2 85D7     		.short	-10363
 243 01b4 1EE5     		.short	-6882
 244 01b6 97F4     		.short	-2921
 245 01b8 2880     		.short	-32728
 246 01ba A191     		.short	-28255
 247 01bc 3AA3     		.short	-23750
 248 01be B3B2     		.short	-19789
 249 01c0 444A     		.short	19012
 250 01c2 CD5B     		.short	23501
 251 01c4 5669     		.short	26966
 252 01c6 DF78     		.short	30943
 253 01c8 600C     		.short	3168
 254 01ca E91D     		.short	7657
 255 01cc 722F     		.short	12146
 256 01ce FB3E     		.short	16123
 257 01d0 8DD6     		.short	-10611
 258 01d2 04C7     		.short	-14588
 259 01d4 9FF5     		.short	-2657
 260 01d6 16E4     		.short	-7146
 261 01d8 A990     		.short	-28503
 262 01da 2081     		.short	-32480
 263 01dc BBB3     		.short	-19525
 264 01de 32A2     		.short	-24014
 265 01e0 C55A     		.short	23237
 266 01e2 4C4B     		.short	19276
 267 01e4 D779     		.short	31191
 268 01e6 5E68     		.short	26718
 269 01e8 E11C     		.short	7393
 270 01ea 680D     		.short	3432
 271 01ec F33F     		.short	16371
 272 01ee 7A2E     		.short	11898
 273 01f0 0EE7     		.short	-6386
 274 01f2 87F6     		.short	-2425
 275 01f4 1CC4     		.short	-15332
 276 01f6 95D5     		.short	-10859
 277 01f8 2AA1     		.short	-24278
 278 01fa A3B0     		.short	-20317
 279 01fc 3882     		.short	-32200
 280 01fe B193     		.short	-27727
 281 0200 466B     		.short	27462
 282 0202 CF7A     		.short	31439
 283 0204 5448     		.short	18516
 284 0206 DD59     		.short	23005
 285 0208 622D     		.short	11618
 286 020a EB3C     		.short	15595
 287 020c 700E     		.short	3696
 288 020e F91F     		.short	8185
 289 0210 8FF7     		.short	-2161
 290 0212 06E6     		.short	-6650
 291 0214 9DD4     		.short	-11107
 292 0216 14C5     		.short	-15084
 293 0218 ABB1     		.short	-20053
 294 021a 22A0     		.short	-24542
 295 021c B992     		.short	-27975
 296 021e 3083     		.short	-31952
 297 0220 C77B     		.short	31687
 298 0222 4E6A     		.short	27214
 299 0224 D558     		.short	22741
 300 0226 5C49     		.short	18780
 301 0228 E33D     		.short	15843
 302 022a 6A2C     		.short	11370
 303 022c F11E     		.short	7921
 304 022e 780F     		.short	3960
 305              		.text
 306              		.align	2
 307              		.global	crcIteration
 308              		.thumb
 309              		.thumb_func
 311              	crcIteration:
 312              	.LFB0:
 313              		.file 1 "build/openmote-cc2538_armgcc/drivers/common/openhdlc.c"
   1:build/openmote-cc2538_armgcc/drivers/common/openhdlc.c **** /**
   2:build/openmote-cc2538_armgcc/drivers/common/openhdlc.c **** \brief Definition of the "openserial" driver.
   3:build/openmote-cc2538_armgcc/drivers/common/openhdlc.c **** 
   4:build/openmote-cc2538_armgcc/drivers/common/openhdlc.c **** \author Min Ting <tingm417@gmail.com>, October 2012.
   5:build/openmote-cc2538_armgcc/drivers/common/openhdlc.c **** \author Fabien Chraim <chraim@eecs.berkeley.edu>, October 2012.
   6:build/openmote-cc2538_armgcc/drivers/common/openhdlc.c **** */
   7:build/openmote-cc2538_armgcc/drivers/common/openhdlc.c **** 
   8:build/openmote-cc2538_armgcc/drivers/common/openhdlc.c **** #include "openhdlc.h"
   9:build/openmote-cc2538_armgcc/drivers/common/openhdlc.c **** 
  10:build/openmote-cc2538_armgcc/drivers/common/openhdlc.c **** //=========================== variables =======================================
  11:build/openmote-cc2538_armgcc/drivers/common/openhdlc.c **** 
  12:build/openmote-cc2538_armgcc/drivers/common/openhdlc.c **** //=========================== prototypes ======================================
  13:build/openmote-cc2538_armgcc/drivers/common/openhdlc.c **** 
  14:build/openmote-cc2538_armgcc/drivers/common/openhdlc.c **** //=========================== public ==========================================
  15:build/openmote-cc2538_armgcc/drivers/common/openhdlc.c **** 
  16:build/openmote-cc2538_armgcc/drivers/common/openhdlc.c **** uint16_t crcIteration(uint16_t crc, uint8_t byte) {
 314              		.loc 1 16 0
 315              		.cfi_startproc
 316              		@ args = 0, pretend = 0, frame = 8
 317              		@ frame_needed = 1, uses_anonymous_args = 0
 318              		@ link register save eliminated.
 319 0000 80B4     		push	{r7}
 320              		.cfi_def_cfa_offset 4
 321              		.cfi_offset 7, -4
 322 0002 83B0     		sub	sp, sp, #12
 323              		.cfi_def_cfa_offset 16
 324 0004 00AF     		add	r7, sp, #0
 325              		.cfi_def_cfa_register 7
 326 0006 0346     		mov	r3, r0
 327 0008 0A46     		mov	r2, r1
 328 000a FB80     		strh	r3, [r7, #6]	@ movhi
 329 000c 1346     		mov	r3, r2
 330 000e 7B71     		strb	r3, [r7, #5]
  17:build/openmote-cc2538_armgcc/drivers/common/openhdlc.c ****    return (crc >> 8) ^ fcstab[(crc ^ byte) & 0xff];
 331              		.loc 1 17 0
 332 0010 FB88     		ldrh	r3, [r7, #6]
 333 0012 1B0A     		lsrs	r3, r3, #8
 334 0014 9AB2     		uxth	r2, r3
 335 0016 F988     		ldrh	r1, [r7, #6]
 336 0018 7B79     		ldrb	r3, [r7, #5]	@ zero_extendqisi2
 337 001a 4B40     		eors	r3, r3, r1
 338 001c DBB2     		uxtb	r3, r3
 339 001e 0549     		ldr	r1, .L3
 340 0020 31F81330 		ldrh	r3, [r1, r3, lsl #1]
 341 0024 5340     		eors	r3, r3, r2
 342 0026 9BB2     		uxth	r3, r3
  18:build/openmote-cc2538_armgcc/drivers/common/openhdlc.c **** }
 343              		.loc 1 18 0
 344 0028 1846     		mov	r0, r3
 345 002a 0C37     		adds	r7, r7, #12
 346              		.cfi_def_cfa_offset 4
 347 002c BD46     		mov	sp, r7
 348              		.cfi_def_cfa_register 13
 349              		@ sp needed
 350 002e 80BC     		pop	{r7}
 351              		.cfi_restore 7
 352              		.cfi_def_cfa_offset 0
 353 0030 7047     		bx	lr
 354              	.L4:
 355 0032 00BF     		.align	2
 356              	.L3:
 357 0034 30000000 		.word	fcstab
 358              		.cfi_endproc
 359              	.LFE0:
 361              	.Letext0:
 362              		.file 2 "/usr/include/newlib/machine/_default_types.h"
 363              		.file 3 "/usr/include/newlib/sys/_stdint.h"
 364              		.file 4 "bsp/boards/openmote-cc2538/board_info.h"
 365              		.file 5 "inc/opendefs.h"
 366              		.file 6 "build/openmote-cc2538_armgcc/drivers/common/openhdlc.h"
DEFINED SYMBOLS
                            *ABS*:0000000000000000 openhdlc.c
     /tmp/ccjy1YUZ.s:20     .rodata:0000000000000000 $d
     /tmp/ccjy1YUZ.s:23     .rodata:0000000000000000 rreg_uriquery
     /tmp/ccjy1YUZ.s:28     .rodata:0000000000000008 infoBoardname
     /tmp/ccjy1YUZ.s:33     .rodata:0000000000000010 infouCName
     /tmp/ccjy1YUZ.s:38     .rodata:0000000000000018 infoRadioName
     /tmp/ccjy1YUZ.s:43     .rodata:0000000000000024 infoStackName
     /tmp/ccjy1YUZ.s:48     .rodata:0000000000000030 fcstab
     /tmp/ccjy1YUZ.s:306    .text:0000000000000000 $t
     /tmp/ccjy1YUZ.s:311    .text:0000000000000000 crcIteration
     /tmp/ccjy1YUZ.s:357    .text:0000000000000034 $d
                     .debug_frame:0000000000000010 $d
                           .group:0000000000000000 wm4.0.8e445c0106ab795ab4704214cba6f089
                           .group:0000000000000000 wm4._newlib_version.h.4.ad342815780c8db09778091a421b5b5b
                           .group:0000000000000000 wm4.features.h.33.d97f2d646536517df901beeb5b9993f5
                           .group:0000000000000000 wm4._default_types.h.15.933e8edd27a65e0b69af4a865eb623d2
                           .group:0000000000000000 wm4._intsup.h.10.b82bf99f69d6a5c085fc866de0d3eb9b
                           .group:0000000000000000 wm4._stdint.h.10.7a5f60e6741af4a5594a3867d347e1f9
                           .group:0000000000000000 wm4.stdint.h.23.373a9d32a9e4c2e88fd347156532d281
                           .group:0000000000000000 wm4.toolchain_defs.h.2.e5fd326231d01413e5361944b26cde07
                           .group:0000000000000000 wm4.newlib.h.8.36dd0417407b0a085bc04c49cc2ed13a
                           .group:0000000000000000 wm4.config.h.219.65a553ab5bef5482f0d7880b0d33015e
                           .group:0000000000000000 wm4._ansi.h.23.9f8fcfa20193763fcf364fb91705c94b
                           .group:0000000000000000 wm4.stddef.h.39.a38874c8f8a57e66301090908ec2a69f
                           .group:0000000000000000 wm4.lock.h.2.9bc98482741e5e2a9450b12934a684ea
                           .group:0000000000000000 wm4._types.h.125.5cf8a495f1f7ef36777ad868a1e32068
                           .group:0000000000000000 wm4.stddef.h.161.5349cb105733e8777bfb0cf53c4e3f34
                           .group:0000000000000000 wm4._types.h.183.c226d164ceca1f2ecb9ae9360c54a098
                           .group:0000000000000000 wm4.reent.h.17.850ac0a908956e5fb788be1b80de2f32
                           .group:0000000000000000 wm4.cdefs.h.47.ba62642086d429b4f95c2381cae1c0aa
                           .group:0000000000000000 wm4.string.h.15.dab3980bf35408a4c507182805e2de3a
                           .group:0000000000000000 wm4.stddef.h.161.19e15733342b50ead2919490b095303e
                           .group:0000000000000000 wm4.stdbool.h.29.07dce69c3b78884144b7f7bd19483461
                           .group:0000000000000000 wm4.hw_types.h.67.b10589a0806dcc2d274d6fab6b736519
                           .group:0000000000000000 wm4.interrupt.h.41.272fc4ec0e276feb439e7974d0f77eaf
                           .group:0000000000000000 wm4.board_info.h.22.1291259c351bc018e4d4402148b3c6db
                           .group:0000000000000000 wm4.opendefs.h.23.47191652995b7fa35f12da40c3552cda
                           .group:0000000000000000 wm4.openhdlc.h.22.860d8df44c92492d8fa38a4ca640cb94

NO UNDEFINED SYMBOLS
