   1              		.syntax unified
   2              		.cpu cortex-m3
   3              		.fpu softvfp
   4              		.eabi_attribute 20, 1
   5              		.eabi_attribute 21, 1
   6              		.eabi_attribute 23, 3
   7              		.eabi_attribute 24, 1
   8              		.eabi_attribute 25, 1
   9              		.eabi_attribute 26, 1
  10              		.eabi_attribute 30, 6
  11              		.eabi_attribute 34, 1
  12              		.eabi_attribute 18, 4
  13              		.thumb
  14              		.syntax unified
  15              		.file	"03oos_openwsn.c"
  16              		.text
  17              	.Ltext0:
  18              		.cfi_sections	.debug_frame
  19              		.section	.rodata
  20              		.align	2
  23              	rreg_uriquery:
  24 0000 683D7563 		.ascii	"h=ucb\000"
  24      6200
  25 0006 0000     		.align	2
  28              	infoBoardname:
  29 0008 43433235 		.ascii	"CC2538\000"
  29      333800
  30 000f 00       		.align	2
  33              	infouCName:
  34 0010 43433235 		.ascii	"CC2538\000"
  34      333800
  35 0017 00       		.align	2
  38              	infoRadioName:
  39 0018 43433235 		.ascii	"CC2538 SoC\000"
  39      33382053 
  39      6F4300
  40 0023 00       		.align	2
  43              	infoStackName:
  44 0024 4F70656E 		.ascii	"OpenWSN \000"
  44      57534E20 
  44      00
  45              		.text
  46              		.align	2
  47              		.global	mote_main
  48              		.thumb
  49              		.thumb_func
  51              	mote_main:
  52              	.LFB0:
  53              		.file 1 "build/openmote-cc2538_armgcc/projects/common/03oos_openwsn/03oos_openwsn.c"
   1:build/openmote-cc2538_armgcc/projects/common/03oos_openwsn/03oos_openwsn.c **** /**
   2:build/openmote-cc2538_armgcc/projects/common/03oos_openwsn/03oos_openwsn.c **** \brief This project runs the full OpenWSN stack.
   3:build/openmote-cc2538_armgcc/projects/common/03oos_openwsn/03oos_openwsn.c **** 
   4:build/openmote-cc2538_armgcc/projects/common/03oos_openwsn/03oos_openwsn.c **** \author Thomas Watteyne <watteyne@eecs.berkeley.edu>, August 2010
   5:build/openmote-cc2538_armgcc/projects/common/03oos_openwsn/03oos_openwsn.c **** */
   6:build/openmote-cc2538_armgcc/projects/common/03oos_openwsn/03oos_openwsn.c **** 
   7:build/openmote-cc2538_armgcc/projects/common/03oos_openwsn/03oos_openwsn.c **** #include "board.h"
   8:build/openmote-cc2538_armgcc/projects/common/03oos_openwsn/03oos_openwsn.c **** #include "scheduler.h"
   9:build/openmote-cc2538_armgcc/projects/common/03oos_openwsn/03oos_openwsn.c **** #include "openstack.h"
  10:build/openmote-cc2538_armgcc/projects/common/03oos_openwsn/03oos_openwsn.c **** #include "opendefs.h"
  11:build/openmote-cc2538_armgcc/projects/common/03oos_openwsn/03oos_openwsn.c **** 
  12:build/openmote-cc2538_armgcc/projects/common/03oos_openwsn/03oos_openwsn.c **** int mote_main(void) {
  54              		.loc 1 12 0
  55              		.cfi_startproc
  56              		@ args = 0, pretend = 0, frame = 0
  57              		@ frame_needed = 1, uses_anonymous_args = 0
  58 0000 80B5     		push	{r7, lr}
  59              		.cfi_def_cfa_offset 8
  60              		.cfi_offset 7, -8
  61              		.cfi_offset 14, -4
  62 0002 00AF     		add	r7, sp, #0
  63              		.cfi_def_cfa_register 7
  13:build/openmote-cc2538_armgcc/projects/common/03oos_openwsn/03oos_openwsn.c ****    
  14:build/openmote-cc2538_armgcc/projects/common/03oos_openwsn/03oos_openwsn.c ****    // initialize
  15:build/openmote-cc2538_armgcc/projects/common/03oos_openwsn/03oos_openwsn.c ****    board_init();
  64              		.loc 1 15 0
  65 0004 FFF7FEFF 		bl	board_init
  16:build/openmote-cc2538_armgcc/projects/common/03oos_openwsn/03oos_openwsn.c ****    scheduler_init();
  66              		.loc 1 16 0
  67 0008 FFF7FEFF 		bl	scheduler_init
  17:build/openmote-cc2538_armgcc/projects/common/03oos_openwsn/03oos_openwsn.c ****    openstack_init();
  68              		.loc 1 17 0
  69 000c FFF7FEFF 		bl	openstack_init
  18:build/openmote-cc2538_armgcc/projects/common/03oos_openwsn/03oos_openwsn.c ****    
  19:build/openmote-cc2538_armgcc/projects/common/03oos_openwsn/03oos_openwsn.c ****    // indicate
  20:build/openmote-cc2538_armgcc/projects/common/03oos_openwsn/03oos_openwsn.c ****    
  21:build/openmote-cc2538_armgcc/projects/common/03oos_openwsn/03oos_openwsn.c ****    // start
  22:build/openmote-cc2538_armgcc/projects/common/03oos_openwsn/03oos_openwsn.c ****    scheduler_start();
  70              		.loc 1 22 0
  71 0010 FFF7FEFF 		bl	scheduler_start
  23:build/openmote-cc2538_armgcc/projects/common/03oos_openwsn/03oos_openwsn.c ****    return 0; // this line should never be reached
  72              		.loc 1 23 0
  73 0014 0023     		movs	r3, #0
  24:build/openmote-cc2538_armgcc/projects/common/03oos_openwsn/03oos_openwsn.c **** }
  74              		.loc 1 24 0
  75 0016 1846     		mov	r0, r3
  76 0018 80BD     		pop	{r7, pc}
  77              		.cfi_endproc
  78              	.LFE0:
  80 001a 00BF     		.align	2
  81              		.global	sniffer_setListeningChannel
  82              		.thumb
  83              		.thumb_func
  85              	sniffer_setListeningChannel:
  86              	.LFB1:
  25:build/openmote-cc2538_armgcc/projects/common/03oos_openwsn/03oos_openwsn.c **** 
  26:build/openmote-cc2538_armgcc/projects/common/03oos_openwsn/03oos_openwsn.c **** void sniffer_setListeningChannel(uint8_t channel){return;}
  87              		.loc 1 26 0
  88              		.cfi_startproc
  89              		@ args = 0, pretend = 0, frame = 8
  90              		@ frame_needed = 1, uses_anonymous_args = 0
  91              		@ link register save eliminated.
  92 001c 80B4     		push	{r7}
  93              		.cfi_def_cfa_offset 4
  94              		.cfi_offset 7, -4
  95 001e 83B0     		sub	sp, sp, #12
  96              		.cfi_def_cfa_offset 16
  97 0020 00AF     		add	r7, sp, #0
  98              		.cfi_def_cfa_register 7
  99 0022 0346     		mov	r3, r0
 100 0024 FB71     		strb	r3, [r7, #7]
 101              		.loc 1 26 0
 102 0026 00BF     		nop
 103 0028 0C37     		adds	r7, r7, #12
 104              		.cfi_def_cfa_offset 4
 105 002a BD46     		mov	sp, r7
 106              		.cfi_def_cfa_register 13
 107              		@ sp needed
 108 002c 80BC     		pop	{r7}
 109              		.cfi_restore 7
 110              		.cfi_def_cfa_offset 0
 111 002e 7047     		bx	lr
 112              		.cfi_endproc
 113              	.LFE1:
 115              	.Letext0:
 116              		.file 2 "/usr/include/newlib/machine/_default_types.h"
 117              		.file 3 "/usr/include/newlib/sys/_stdint.h"
 118              		.file 4 "bsp/boards/openmote-cc2538/board_info.h"
 119              		.file 5 "inc/opendefs.h"
DEFINED SYMBOLS
                            *ABS*:0000000000000000 03oos_openwsn.c
     /tmp/ccOF6vVy.s:20     .rodata:0000000000000000 $d
     /tmp/ccOF6vVy.s:23     .rodata:0000000000000000 rreg_uriquery
     /tmp/ccOF6vVy.s:28     .rodata:0000000000000008 infoBoardname
     /tmp/ccOF6vVy.s:33     .rodata:0000000000000010 infouCName
     /tmp/ccOF6vVy.s:38     .rodata:0000000000000018 infoRadioName
     /tmp/ccOF6vVy.s:43     .rodata:0000000000000024 infoStackName
     /tmp/ccOF6vVy.s:46     .text:0000000000000000 $t
     /tmp/ccOF6vVy.s:51     .text:0000000000000000 mote_main
     /tmp/ccOF6vVy.s:85     .text:000000000000001c sniffer_setListeningChannel
                     .debug_frame:0000000000000010 $d
                           .group:0000000000000000 wm4.0.8e445c0106ab795ab4704214cba6f089
                           .group:0000000000000000 wm4._newlib_version.h.4.ad342815780c8db09778091a421b5b5b
                           .group:0000000000000000 wm4.features.h.33.d97f2d646536517df901beeb5b9993f5
                           .group:0000000000000000 wm4._default_types.h.15.933e8edd27a65e0b69af4a865eb623d2
                           .group:0000000000000000 wm4._intsup.h.10.b82bf99f69d6a5c085fc866de0d3eb9b
                           .group:0000000000000000 wm4._stdint.h.10.7a5f60e6741af4a5594a3867d347e1f9
                           .group:0000000000000000 wm4.stdint.h.23.373a9d32a9e4c2e88fd347156532d281
                           .group:0000000000000000 wm4.newlib.h.8.36dd0417407b0a085bc04c49cc2ed13a
                           .group:0000000000000000 wm4.config.h.219.65a553ab5bef5482f0d7880b0d33015e
                           .group:0000000000000000 wm4._ansi.h.23.9f8fcfa20193763fcf364fb91705c94b
                           .group:0000000000000000 wm4.stddef.h.39.a38874c8f8a57e66301090908ec2a69f
                           .group:0000000000000000 wm4.lock.h.2.9bc98482741e5e2a9450b12934a684ea
                           .group:0000000000000000 wm4._types.h.125.5cf8a495f1f7ef36777ad868a1e32068
                           .group:0000000000000000 wm4.stddef.h.161.5349cb105733e8777bfb0cf53c4e3f34
                           .group:0000000000000000 wm4._types.h.183.c226d164ceca1f2ecb9ae9360c54a098
                           .group:0000000000000000 wm4.reent.h.17.850ac0a908956e5fb788be1b80de2f32
                           .group:0000000000000000 wm4.cdefs.h.47.ba62642086d429b4f95c2381cae1c0aa
                           .group:0000000000000000 wm4.string.h.15.dab3980bf35408a4c507182805e2de3a
                           .group:0000000000000000 wm4.stddef.h.161.19e15733342b50ead2919490b095303e
                           .group:0000000000000000 wm4.stdbool.h.29.07dce69c3b78884144b7f7bd19483461
                           .group:0000000000000000 wm4.hw_types.h.67.b10589a0806dcc2d274d6fab6b736519
                           .group:0000000000000000 wm4.interrupt.h.41.272fc4ec0e276feb439e7974d0f77eaf
                           .group:0000000000000000 wm4.board_info.h.22.1291259c351bc018e4d4402148b3c6db
                           .group:0000000000000000 wm4.toolchain_defs.h.2.1de8df52ab2567aa1aa0a288d2325900
                           .group:0000000000000000 wm4.opendefs.h.23.47191652995b7fa35f12da40c3552cda

UNDEFINED SYMBOLS
board_init
scheduler_init
openstack_init
scheduler_start
